{"C:\\Users\\Frances\\Downloads\\new\\src\\app\\layout.tsx": {"path":"C:\\Users\\Frances\\Downloads\\new\\src\\app\\layout.tsx","statementMap":{"0":{"start":{"line":17,"column":24},"end":{"line":17,"column":35}},"1":{"start":{"line":12,"column":13},"end":{"line":12,"column":21}},"2":{"start":{"line":2,"column":22},"end":{"line":2,"column":null}},"3":{"start":{"line":3,"column":7},"end":{"line":3,"column":null}},"4":{"start":{"line":4,"column":19},"end":{"line":4,"column":null}},"5":{"start":{"line":5,"column":30},"end":{"line":5,"column":null}},"6":{"start":{"line":6,"column":34},"end":{"line":6,"column":null}},"7":{"start":{"line":7,"column":26},"end":{"line":7,"column":null}},"8":{"start":{"line":8,"column":33},"end":{"line":8,"column":null}},"9":{"start":{"line":10,"column":14},"end":{"line":10,"column":null}},"10":{"start":{"line":12,"column":34},"end":{"line":15,"column":null}}},"fnMap":{"0":{"name":"RootLayout","decl":{"start":{"line":17,"column":24},"end":{"line":17,"column":35}},"loc":{"start":{"line":21,"column":2},"end":{"line":36,"column":1}}}},"branchMap":{},"s":{"0":0,"1":0,"2":0,"3":0,"4":0,"5":0,"6":0,"7":0,"8":0,"9":0,"10":0},"f":{"0":0},"b":{}}
,"C:\\Users\\Frances\\Downloads\\new\\src\\app\\loading.tsx": {"path":"C:\\Users\\Frances\\Downloads\\new\\src\\app\\loading.tsx","statementMap":{"0":{"start":{"line":3,"column":24},"end":{"line":3,"column":null}},"1":{"start":{"line":1,"column":30},"end":{"line":1,"column":null}},"2":{"start":{"line":15,"column":12},"end":{"line":15,"column":null}},"3":{"start":{"line":24,"column":12},"end":{"line":24,"column":null}},"4":{"start":{"line":33,"column":12},"end":{"line":33,"column":null}},"5":{"start":{"line":41,"column":12},"end":{"line":41,"column":null}}},"fnMap":{"0":{"name":"Loading","decl":{"start":{"line":3,"column":24},"end":{"line":3,"column":null}},"loc":{"start":{"line":3,"column":24},"end":{"line":47,"column":null}}},"1":{"name":"(anonymous_3)","decl":{"start":{"line":14,"column":42},"end":{"line":14,"column":43}},"loc":{"start":{"line":15,"column":12},"end":{"line":15,"column":null}}},"2":{"name":"(anonymous_4)","decl":{"start":{"line":23,"column":42},"end":{"line":23,"column":43}},"loc":{"start":{"line":24,"column":12},"end":{"line":24,"column":null}}},"3":{"name":"(anonymous_5)","decl":{"start":{"line":32,"column":42},"end":{"line":32,"column":43}},"loc":{"start":{"line":33,"column":12},"end":{"line":33,"column":null}}},"4":{"name":"(anonymous_6)","decl":{"start":{"line":40,"column":42},"end":{"line":40,"column":43}},"loc":{"start":{"line":41,"column":12},"end":{"line":41,"column":null}}}},"branchMap":{},"s":{"0":0,"1":0,"2":0,"3":0,"4":0,"5":0},"f":{"0":0,"1":0,"2":0,"3":0,"4":0},"b":{}}
,"C:\\Users\\Frances\\Downloads\\new\\src\\app\\not-found.tsx": {"path":"C:\\Users\\Frances\\Downloads\\new\\src\\app\\not-found.tsx","statementMap":{"0":{"start":{"line":20,"column":24},"end":{"line":20,"column":null}},"1":{"start":{"line":3,"column":36},"end":{"line":3,"column":null}},"2":{"start":{"line":4,"column":17},"end":{"line":4,"column":null}},"3":{"start":{"line":5,"column":26},"end":{"line":5,"column":null}},"4":{"start":{"line":18,"column":7},"end":{"line":18,"column":null}},"5":{"start":{"line":21,"column":17},"end":{"line":21,"column":null}},"6":{"start":{"line":22,"column":44},"end":{"line":22,"column":null}},"7":{"start":{"line":23,"column":38},"end":{"line":23,"column":null}},"8":{"start":{"line":24,"column":36},"end":{"line":24,"column":null}},"9":{"start":{"line":25,"column":36},"end":{"line":25,"column":null}},"10":{"start":{"line":28,"column":2},"end":{"line":55,"column":null}},"11":{"start":{"line":29,"column":30},"end":{"line":39,"column":null}},"12":{"start":{"line":30,"column":27},"end":{"line":37,"column":null}},"13":{"start":{"line":30,"column":65},"end":{"line":37,"column":null}},"14":{"start":{"line":38,"column":6},"end":{"line":38,"column":null}},"15":{"start":{"line":41,"column":4},"end":{"line":41,"column":null}},"16":{"start":{"line":43,"column":29},"end":{"line":51,"column":null}},"17":{"start":{"line":44,"column":6},"end":{"line":50,"column":null}},"18":{"start":{"line":44,"column":27},"end":{"line":50,"column":null}},"19":{"start":{"line":44,"column":49},"end":{"line":50,"column":null}},"20":{"start":{"line":53,"column":21},"end":{"line":53,"column":null}},"21":{"start":{"line":54,"column":4},"end":{"line":54,"column":null}},"22":{"start":{"line":54,"column":17},"end":{"line":54,"column":null}},"23":{"start":{"line":58,"column":2},"end":{"line":65,"column":null}},"24":{"start":{"line":59,"column":28},"end":{"line":61,"column":null}},"25":{"start":{"line":60,"column":6},"end":{"line":60,"column":null}},"26":{"start":{"line":63,"column":4},"end":{"line":63,"column":null}},"27":{"start":{"line":64,"column":4},"end":{"line":64,"column":null}},"28":{"start":{"line":64,"column":17},"end":{"line":64,"column":null}},"29":{"start":{"line":68,"column":2},"end":{"line":75,"column":null}},"30":{"start":{"line":69,"column":4},"end":{"line":74,"column":null}},"31":{"start":{"line":70,"column":20},"end":{"line":70,"column":null}},"32":{"start":{"line":70,"column":37},"end":{"line":70,"column":66}},"33":{"start":{"line":71,"column":6},"end":{"line":71,"column":null}},"34":{"start":{"line":71,"column":19},"end":{"line":71,"column":null}},"35":{"start":{"line":73,"column":6},"end":{"line":73,"column":null}},"36":{"start":{"line":78,"column":24},"end":{"line":80,"column":null}},"37":{"start":{"line":82,"column":23},"end":{"line":111,"column":null}},"38":{"start":{"line":113,"column":26},"end":{"line":118,"column":null}},"39":{"start":{"line":125,"column":10},"end":{"line":126,"column":null}},"40":{"start":{"line":200,"column":25},"end":{"line":200,"column":36}},"41":{"start":{"line":201,"column":12},"end":{"line":203,"column":null}},"42":{"start":{"line":206,"column":36},"end":{"line":206,"column":null}},"43":{"start":{"line":207,"column":36},"end":{"line":207,"column":null}},"44":{"start":{"line":232,"column":27},"end":{"line":232,"column":null}},"45":{"start":{"line":248,"column":27},"end":{"line":248,"column":null}},"46":{"start":{"line":263,"column":27},"end":{"line":263,"column":39}},"47":{"start":{"line":264,"column":14},"end":{"line":266,"column":null}}},"fnMap":{"0":{"name":"NotFound","decl":{"start":{"line":20,"column":24},"end":{"line":20,"column":null}},"loc":{"start":{"line":20,"column":24},"end":{"line":330,"column":null}}},"1":{"name":"(anonymous_3)","decl":{"start":{"line":28,"column":12},"end":{"line":28,"column":null}},"loc":{"start":{"line":28,"column":12},"end":{"line":55,"column":5}}},"2":{"name":"(anonymous_4)","decl":{"start":{"line":29,"column":30},"end":{"line":29,"column":null}},"loc":{"start":{"line":29,"column":30},"end":{"line":39,"column":null}}},"3":{"name":"(anonymous_5)","decl":{"start":{"line":30,"column":54},"end":{"line":30,"column":55}},"loc":{"start":{"line":30,"column":65},"end":{"line":37,"column":null}}},"4":{"name":"(anonymous_6)","decl":{"start":{"line":43,"column":29},"end":{"line":43,"column":null}},"loc":{"start":{"line":43,"column":29},"end":{"line":51,"column":null}}},"5":{"name":"(anonymous_7)","decl":{"start":{"line":44,"column":19},"end":{"line":44,"column":27}},"loc":{"start":{"line":44,"column":27},"end":{"line":50,"column":null}}},"6":{"name":"(anonymous_8)","decl":{"start":{"line":44,"column":36},"end":{"line":44,"column":49}},"loc":{"start":{"line":44,"column":49},"end":{"line":50,"column":null}}},"7":{"name":"(anonymous_9)","decl":{"start":{"line":54,"column":11},"end":{"line":54,"column":17}},"loc":{"start":{"line":54,"column":17},"end":{"line":54,"column":null}}},"8":{"name":"(anonymous_10)","decl":{"start":{"line":58,"column":12},"end":{"line":58,"column":null}},"loc":{"start":{"line":58,"column":12},"end":{"line":65,"column":5}}},"9":{"name":"(anonymous_11)","decl":{"start":{"line":59,"column":28},"end":{"line":59,"column":29}},"loc":{"start":{"line":59,"column":29},"end":{"line":61,"column":null}}},"10":{"name":"(anonymous_12)","decl":{"start":{"line":64,"column":11},"end":{"line":64,"column":17}},"loc":{"start":{"line":64,"column":17},"end":{"line":64,"column":null}}},"11":{"name":"(anonymous_13)","decl":{"start":{"line":68,"column":12},"end":{"line":68,"column":null}},"loc":{"start":{"line":68,"column":12},"end":{"line":75,"column":5}}},"12":{"name":"(anonymous_14)","decl":{"start":{"line":70,"column":31},"end":{"line":70,"column":37}},"loc":{"start":{"line":70,"column":37},"end":{"line":70,"column":66}}},"13":{"name":"(anonymous_15)","decl":{"start":{"line":71,"column":13},"end":{"line":71,"column":19}},"loc":{"start":{"line":71,"column":19},"end":{"line":71,"column":null}}},"14":{"name":"(anonymous_16)","decl":{"start":{"line":124,"column":23},"end":{"line":124,"column":null}},"loc":{"start":{"line":125,"column":10},"end":{"line":126,"column":null}}},"15":{"name":"(anonymous_17)","decl":{"start":{"line":199,"column":28},"end":{"line":199,"column":29}},"loc":{"start":{"line":199,"column":37},"end":{"line":226,"column":null}}},"16":{"name":"(anonymous_18)","decl":{"start":{"line":206,"column":30},"end":{"line":206,"column":36}},"loc":{"start":{"line":206,"column":36},"end":{"line":206,"column":null}}},"17":{"name":"(anonymous_19)","decl":{"start":{"line":207,"column":30},"end":{"line":207,"column":36}},"loc":{"start":{"line":207,"column":36},"end":{"line":207,"column":null}}},"18":{"name":"(anonymous_20)","decl":{"start":{"line":232,"column":21},"end":{"line":232,"column":27}},"loc":{"start":{"line":232,"column":27},"end":{"line":232,"column":null}}},"19":{"name":"(anonymous_21)","decl":{"start":{"line":248,"column":21},"end":{"line":248,"column":27}},"loc":{"start":{"line":248,"column":27},"end":{"line":248,"column":null}}},"20":{"name":"(anonymous_22)","decl":{"start":{"line":262,"column":33},"end":{"line":262,"column":34}},"loc":{"start":{"line":262,"column":43},"end":{"line":276,"column":null}}}},"branchMap":{"0":{"loc":{"start":{"line":48,"column":12},"end":{"line":48,"column":91}},"type":"cond-expr","locations":[{"start":{"line":48,"column":65},"end":{"line":48,"column":77}},{"start":{"line":48,"column":80},"end":{"line":48,"column":91}}]},"1":{"loc":{"start":{"line":48,"column":12},"end":{"line":48,"column":62}},"type":"binary-expr","locations":[{"start":{"line":48,"column":12},"end":{"line":48,"column":31}},{"start":{"line":48,"column":31},"end":{"line":48,"column":62}}]},"2":{"loc":{"start":{"line":49,"column":12},"end":{"line":49,"column":92}},"type":"cond-expr","locations":[{"start":{"line":49,"column":66},"end":{"line":49,"column":78}},{"start":{"line":49,"column":81},"end":{"line":49,"column":92}}]},"3":{"loc":{"start":{"line":49,"column":12},"end":{"line":49,"column":63}},"type":"binary-expr","locations":[{"start":{"line":49,"column":12},"end":{"line":49,"column":31}},{"start":{"line":49,"column":31},"end":{"line":49,"column":63}}]},"4":{"loc":{"start":{"line":69,"column":4},"end":{"line":74,"column":null}},"type":"if","locations":[{"start":{"line":69,"column":4},"end":{"line":74,"column":null}},{"start":{"line":72,"column":11},"end":{"line":74,"column":null}}]},"5":{"loc":{"start":{"line":145,"column":19},"end":{"line":145,"column":null}},"type":"cond-expr","locations":[{"start":{"line":145,"column":32},"end":{"line":145,"column":38}},{"start":{"line":145,"column":38},"end":{"line":145,"column":null}}]}},"s":{"0":0,"1":0,"2":0,"3":0,"4":0,"5":0,"6":0,"7":0,"8":0,"9":0,"10":0,"11":0,"12":0,"13":0,"14":0,"15":0,"16":0,"17":0,"18":0,"19":0,"20":0,"21":0,"22":0,"23":0,"24":0,"25":0,"26":0,"27":0,"28":0,"29":0,"30":0,"31":0,"32":0,"33":0,"34":0,"35":0,"36":0,"37":0,"38":0,"39":0,"40":0,"41":0,"42":0,"43":0,"44":0,"45":0,"46":0,"47":0},"f":{"0":0,"1":0,"2":0,"3":0,"4":0,"5":0,"6":0,"7":0,"8":0,"9":0,"10":0,"11":0,"12":0,"13":0,"14":0,"15":0,"16":0,"17":0,"18":0,"19":0,"20":0},"b":{"0":[0,0],"1":[0,0],"2":[0,0],"3":[0,0],"4":[0,0],"5":[0,0]}}
,"C:\\Users\\Frances\\Downloads\\new\\src\\app\\page.tsx": {"path":"C:\\Users\\Frances\\Downloads\\new\\src\\app\\page.tsx","statementMap":{"0":{"start":{"line":27,"column":24},"end":{"line":27,"column":null}},"1":{"start":{"line":3,"column":57},"end":{"line":3,"column":null}},"2":{"start":{"line":4,"column":17},"end":{"line":4,"column":null}},"3":{"start":{"line":14,"column":7},"end":{"line":14,"column":null}},"4":{"start":{"line":15,"column":22},"end":{"line":15,"column":null}},"5":{"start":{"line":16,"column":30},"end":{"line":16,"column":null}},"6":{"start":{"line":17,"column":29},"end":{"line":17,"column":null}},"7":{"start":{"line":18,"column":56},"end":{"line":18,"column":null}},"8":{"start":{"line":20,"column":63},"end":{"line":20,"column":null}},"9":{"start":{"line":21,"column":20},"end":{"line":21,"column":null}},"10":{"start":{"line":22,"column":24},"end":{"line":22,"column":null}},"11":{"start":{"line":23,"column":19},"end":{"line":23,"column":null}},"12":{"start":{"line":28,"column":44},"end":{"line":28,"column":null}},"13":{"start":{"line":29,"column":46},"end":{"line":29,"column":null}},"14":{"start":{"line":30,"column":50},"end":{"line":30,"column":null}},"15":{"start":{"line":31,"column":46},"end":{"line":31,"column":null}},"16":{"start":{"line":34,"column":46},"end":{"line":34,"column":null}},"17":{"start":{"line":35,"column":48},"end":{"line":35,"column":null}},"18":{"start":{"line":36,"column":42},"end":{"line":36,"column":null}},"19":{"start":{"line":37,"column":54},"end":{"line":37,"column":null}},"20":{"start":{"line":39,"column":46},"end":{"line":39,"column":null}},"21":{"start":{"line":40,"column":44},"end":{"line":40,"column":null}},"22":{"start":{"line":41,"column":44},"end":{"line":41,"column":null}},"23":{"start":{"line":43,"column":52},"end":{"line":43,"column":null}},"24":{"start":{"line":46,"column":22},"end":{"line":55,"column":null}},"25":{"start":{"line":58,"column":27},"end":{"line":70,"column":null}},"26":{"start":{"line":59,"column":17},"end":{"line":59,"column":null}},"27":{"start":{"line":60,"column":4},"end":{"line":69,"column":null}},"28":{"start":{"line":61,"column":6},"end":{"line":63,"column":null}},"29":{"start":{"line":62,"column":8},"end":{"line":62,"column":null}},"30":{"start":{"line":64,"column":6},"end":{"line":64,"column":null}},"31":{"start":{"line":65,"column":6},"end":{"line":65,"column":null}},"32":{"start":{"line":66,"column":21},"end":{"line":69,"column":null}},"33":{"start":{"line":74,"column":22},"end":{"line":136,"column":null}},"34":{"start":{"line":76,"column":4},"end":{"line":78,"column":null}},"35":{"start":{"line":77,"column":6},"end":{"line":77,"column":null}},"36":{"start":{"line":81,"column":4},"end":{"line":81,"column":null}},"37":{"start":{"line":83,"column":29},"end":{"line":83,"column":31}},"38":{"start":{"line":85,"column":4},"end":{"line":135,"column":null}},"39":{"start":{"line":86,"column":6},"end":{"line":110,"column":null}},"40":{"start":{"line":87,"column":25},"end":{"line":87,"column":null}},"41":{"start":{"line":88,"column":8},"end":{"line":88,"column":null}},"42":{"start":{"line":89,"column":13},"end":{"line":110,"column":null}},"43":{"start":{"line":90,"column":25},"end":{"line":90,"column":null}},"44":{"start":{"line":91,"column":8},"end":{"line":91,"column":null}},"45":{"start":{"line":92,"column":13},"end":{"line":110,"column":null}},"46":{"start":{"line":93,"column":25},"end":{"line":93,"column":null}},"47":{"start":{"line":94,"column":8},"end":{"line":94,"column":null}},"48":{"start":{"line":95,"column":13},"end":{"line":110,"column":null}},"49":{"start":{"line":96,"column":25},"end":{"line":96,"column":null}},"50":{"start":{"line":97,"column":8},"end":{"line":97,"column":null}},"51":{"start":{"line":98,"column":13},"end":{"line":110,"column":null}},"52":{"start":{"line":99,"column":25},"end":{"line":99,"column":null}},"53":{"start":{"line":100,"column":8},"end":{"line":100,"column":null}},"54":{"start":{"line":101,"column":13},"end":{"line":110,"column":null}},"55":{"start":{"line":102,"column":25},"end":{"line":102,"column":null}},"56":{"start":{"line":103,"column":8},"end":{"line":103,"column":null}},"57":{"start":{"line":104,"column":13},"end":{"line":110,"column":null}},"58":{"start":{"line":105,"column":25},"end":{"line":105,"column":null}},"59":{"start":{"line":106,"column":8},"end":{"line":106,"column":null}},"60":{"start":{"line":107,"column":13},"end":{"line":110,"column":null}},"61":{"start":{"line":108,"column":25},"end":{"line":108,"column":null}},"62":{"start":{"line":109,"column":8},"end":{"line":109,"column":null}},"63":{"start":{"line":112,"column":6},"end":{"line":128,"column":null}},"64":{"start":{"line":113,"column":8},"end":{"line":113,"column":null}},"65":{"start":{"line":113,"column":35},"end":{"line":113,"column":null}},"66":{"start":{"line":114,"column":13},"end":{"line":128,"column":null}},"67":{"start":{"line":115,"column":8},"end":{"line":115,"column":null}},"68":{"start":{"line":115,"column":36},"end":{"line":115,"column":null}},"69":{"start":{"line":116,"column":13},"end":{"line":128,"column":null}},"70":{"start":{"line":117,"column":8},"end":{"line":117,"column":null}},"71":{"start":{"line":117,"column":38},"end":{"line":117,"column":null}},"72":{"start":{"line":118,"column":13},"end":{"line":128,"column":null}},"73":{"start":{"line":119,"column":8},"end":{"line":119,"column":null}},"74":{"start":{"line":119,"column":36},"end":{"line":119,"column":null}},"75":{"start":{"line":120,"column":13},"end":{"line":128,"column":null}},"76":{"start":{"line":121,"column":8},"end":{"line":121,"column":null}},"77":{"start":{"line":121,"column":36},"end":{"line":121,"column":null}},"78":{"start":{"line":122,"column":13},"end":{"line":128,"column":null}},"79":{"start":{"line":123,"column":8},"end":{"line":123,"column":null}},"80":{"start":{"line":123,"column":37},"end":{"line":123,"column":null}},"81":{"start":{"line":124,"column":13},"end":{"line":128,"column":null}},"82":{"start":{"line":125,"column":8},"end":{"line":125,"column":null}},"83":{"start":{"line":125,"column":34},"end":{"line":125,"column":null}},"84":{"start":{"line":126,"column":13},"end":{"line":128,"column":null}},"85":{"start":{"line":127,"column":8},"end":{"line":127,"column":null}},"86":{"start":{"line":127,"column":40},"end":{"line":127,"column":null}},"87":{"start":{"line":130,"column":6},"end":{"line":130,"column":null}},"88":{"start":{"line":131,"column":6},"end":{"line":131,"column":null}},"89":{"start":{"line":134,"column":6},"end":{"line":134,"column":null}},"90":{"start":{"line":138,"column":26},"end":{"line":160,"column":null}},"91":{"start":{"line":139,"column":4},"end":{"line":139,"column":null}},"92":{"start":{"line":140,"column":4},"end":{"line":159,"column":null}},"93":{"start":{"line":142,"column":6},"end":{"line":151,"column":null}},"94":{"start":{"line":154,"column":6},"end":{"line":154,"column":null}},"95":{"start":{"line":155,"column":6},"end":{"line":155,"column":null}},"96":{"start":{"line":157,"column":6},"end":{"line":157,"column":null}},"97":{"start":{"line":158,"column":6},"end":{"line":158,"column":null}},"98":{"start":{"line":162,"column":2},"end":{"line":164,"column":null}},"99":{"start":{"line":163,"column":4},"end":{"line":163,"column":null}},"100":{"start":{"line":169,"column":8},"end":{"line":169,"column":null}},"101":{"start":{"line":206,"column":10},"end":{"line":206,"column":49}},"102":{"start":{"line":214,"column":2},"end":{"line":224,"column":null}}},"fnMap":{"0":{"name":"Home","decl":{"start":{"line":27,"column":24},"end":{"line":27,"column":null}},"loc":{"start":{"line":27,"column":24},"end":{"line":327,"column":null}}},"1":{"name":"(anonymous_3)","decl":{"start":{"line":58,"column":27},"end":{"line":58,"column":28}},"loc":{"start":{"line":58,"column":80},"end":{"line":70,"column":null}}},"2":{"name":"(anonymous_4)","decl":{"start":{"line":60,"column":25},"end":{"line":60,"column":null}},"loc":{"start":{"line":60,"column":25},"end":{"line":66,"column":7}}},"3":{"name":"(anonymous_5)","decl":{"start":{"line":66,"column":11},"end":{"line":66,"column":21}},"loc":{"start":{"line":66,"column":21},"end":{"line":69,"column":null}}},"4":{"name":"(anonymous_6)","decl":{"start":{"line":74,"column":22},"end":{"line":74,"column":29}},"loc":{"start":{"line":74,"column":47},"end":{"line":136,"column":null}}},"5":{"name":"(anonymous_7)","decl":{"start":{"line":113,"column":25},"end":{"line":113,"column":26}},"loc":{"start":{"line":113,"column":35},"end":{"line":113,"column":null}}},"6":{"name":"(anonymous_8)","decl":{"start":{"line":115,"column":26},"end":{"line":115,"column":27}},"loc":{"start":{"line":115,"column":36},"end":{"line":115,"column":null}}},"7":{"name":"(anonymous_9)","decl":{"start":{"line":117,"column":28},"end":{"line":117,"column":29}},"loc":{"start":{"line":117,"column":38},"end":{"line":117,"column":null}}},"8":{"name":"(anonymous_10)","decl":{"start":{"line":119,"column":26},"end":{"line":119,"column":27}},"loc":{"start":{"line":119,"column":36},"end":{"line":119,"column":null}}},"9":{"name":"(anonymous_11)","decl":{"start":{"line":121,"column":26},"end":{"line":121,"column":27}},"loc":{"start":{"line":121,"column":36},"end":{"line":121,"column":null}}},"10":{"name":"(anonymous_12)","decl":{"start":{"line":123,"column":27},"end":{"line":123,"column":28}},"loc":{"start":{"line":123,"column":37},"end":{"line":123,"column":null}}},"11":{"name":"(anonymous_13)","decl":{"start":{"line":125,"column":24},"end":{"line":125,"column":25}},"loc":{"start":{"line":125,"column":34},"end":{"line":125,"column":null}}},"12":{"name":"(anonymous_14)","decl":{"start":{"line":127,"column":30},"end":{"line":127,"column":31}},"loc":{"start":{"line":127,"column":40},"end":{"line":127,"column":null}}},"13":{"name":"(anonymous_15)","decl":{"start":{"line":138,"column":38},"end":{"line":138,"column":null}},"loc":{"start":{"line":138,"column":38},"end":{"line":160,"column":5}}},"14":{"name":"(anonymous_16)","decl":{"start":{"line":162,"column":12},"end":{"line":162,"column":null}},"loc":{"start":{"line":162,"column":12},"end":{"line":164,"column":5}}},"15":{"name":"(anonymous_18)","decl":{"start":{"line":168,"column":38},"end":{"line":168,"column":39}},"loc":{"start":{"line":169,"column":8},"end":{"line":169,"column":null}}},"16":{"name":"(anonymous_20)","decl":{"start":{"line":205,"column":20},"end":{"line":205,"column":21}},"loc":{"start":{"line":206,"column":10},"end":{"line":206,"column":49}}}},"branchMap":{"0":{"loc":{"start":{"line":58,"column":45},"end":{"line":58,"column":80}},"type":"default-arg","locations":[{"start":{"line":58,"column":73},"end":{"line":58,"column":80}}]},"1":{"loc":{"start":{"line":61,"column":6},"end":{"line":63,"column":null}},"type":"if","locations":[{"start":{"line":61,"column":6},"end":{"line":63,"column":null}},{"start":{},"end":{}}]},"2":{"loc":{"start":{"line":76,"column":4},"end":{"line":78,"column":null}},"type":"if","locations":[{"start":{"line":76,"column":4},"end":{"line":78,"column":null}},{"start":{},"end":{}}]},"3":{"loc":{"start":{"line":86,"column":6},"end":{"line":110,"column":null}},"type":"if","locations":[{"start":{"line":86,"column":6},"end":{"line":110,"column":null}},{"start":{"line":89,"column":13},"end":{"line":110,"column":null}}]},"4":{"loc":{"start":{"line":89,"column":13},"end":{"line":110,"column":null}},"type":"if","locations":[{"start":{"line":89,"column":13},"end":{"line":110,"column":null}},{"start":{"line":92,"column":13},"end":{"line":110,"column":null}}]},"5":{"loc":{"start":{"line":92,"column":13},"end":{"line":110,"column":null}},"type":"if","locations":[{"start":{"line":92,"column":13},"end":{"line":110,"column":null}},{"start":{"line":95,"column":13},"end":{"line":110,"column":null}}]},"6":{"loc":{"start":{"line":95,"column":13},"end":{"line":110,"column":null}},"type":"if","locations":[{"start":{"line":95,"column":13},"end":{"line":110,"column":null}},{"start":{"line":98,"column":13},"end":{"line":110,"column":null}}]},"7":{"loc":{"start":{"line":98,"column":13},"end":{"line":110,"column":null}},"type":"if","locations":[{"start":{"line":98,"column":13},"end":{"line":110,"column":null}},{"start":{"line":101,"column":13},"end":{"line":110,"column":null}}]},"8":{"loc":{"start":{"line":101,"column":13},"end":{"line":110,"column":null}},"type":"if","locations":[{"start":{"line":101,"column":13},"end":{"line":110,"column":null}},{"start":{"line":104,"column":13},"end":{"line":110,"column":null}}]},"9":{"loc":{"start":{"line":104,"column":13},"end":{"line":110,"column":null}},"type":"if","locations":[{"start":{"line":104,"column":13},"end":{"line":110,"column":null}},{"start":{"line":107,"column":13},"end":{"line":110,"column":null}}]},"10":{"loc":{"start":{"line":107,"column":13},"end":{"line":110,"column":null}},"type":"if","locations":[{"start":{"line":107,"column":13},"end":{"line":110,"column":null}},{"start":{},"end":{}}]},"11":{"loc":{"start":{"line":112,"column":6},"end":{"line":128,"column":null}},"type":"if","locations":[{"start":{"line":112,"column":6},"end":{"line":128,"column":null}},{"start":{"line":114,"column":13},"end":{"line":128,"column":null}}]},"12":{"loc":{"start":{"line":114,"column":13},"end":{"line":128,"column":null}},"type":"if","locations":[{"start":{"line":114,"column":13},"end":{"line":128,"column":null}},{"start":{"line":116,"column":13},"end":{"line":128,"column":null}}]},"13":{"loc":{"start":{"line":116,"column":13},"end":{"line":128,"column":null}},"type":"if","locations":[{"start":{"line":116,"column":13},"end":{"line":128,"column":null}},{"start":{"line":118,"column":13},"end":{"line":128,"column":null}}]},"14":{"loc":{"start":{"line":118,"column":13},"end":{"line":128,"column":null}},"type":"if","locations":[{"start":{"line":118,"column":13},"end":{"line":128,"column":null}},{"start":{"line":120,"column":13},"end":{"line":128,"column":null}}]},"15":{"loc":{"start":{"line":120,"column":13},"end":{"line":128,"column":null}},"type":"if","locations":[{"start":{"line":120,"column":13},"end":{"line":128,"column":null}},{"start":{"line":122,"column":13},"end":{"line":128,"column":null}}]},"16":{"loc":{"start":{"line":122,"column":13},"end":{"line":128,"column":null}},"type":"if","locations":[{"start":{"line":122,"column":13},"end":{"line":128,"column":null}},{"start":{"line":124,"column":13},"end":{"line":128,"column":null}}]},"17":{"loc":{"start":{"line":124,"column":13},"end":{"line":128,"column":null}},"type":"if","locations":[{"start":{"line":124,"column":13},"end":{"line":128,"column":null}},{"start":{"line":126,"column":13},"end":{"line":128,"column":null}}]},"18":{"loc":{"start":{"line":126,"column":13},"end":{"line":128,"column":null}},"type":"if","locations":[{"start":{"line":126,"column":13},"end":{"line":128,"column":null}},{"start":{},"end":{}}]},"19":{"loc":{"start":{"line":193,"column":14},"end":{"line":195,"column":null}},"type":"cond-expr","locations":[{"start":{"line":194,"column":18},"end":{"line":194,"column":null}},{"start":{"line":195,"column":18},"end":{"line":195,"column":null}}]},"20":{"loc":{"start":{"line":214,"column":2},"end":{"line":224,"column":null}},"type":"if","locations":[{"start":{"line":214,"column":2},"end":{"line":224,"column":null}},{"start":{},"end":{}}]}},"s":{"0":0,"1":0,"2":0,"3":0,"4":0,"5":0,"6":0,"7":0,"8":0,"9":0,"10":0,"11":0,"12":0,"13":0,"14":0,"15":0,"16":0,"17":0,"18":0,"19":0,"20":0,"21":0,"22":0,"23":0,"24":0,"25":0,"26":0,"27":0,"28":0,"29":0,"30":0,"31":0,"32":0,"33":0,"34":0,"35":0,"36":0,"37":0,"38":0,"39":0,"40":0,"41":0,"42":0,"43":0,"44":0,"45":0,"46":0,"47":0,"48":0,"49":0,"50":0,"51":0,"52":0,"53":0,"54":0,"55":0,"56":0,"57":0,"58":0,"59":0,"60":0,"61":0,"62":0,"63":0,"64":0,"65":0,"66":0,"67":0,"68":0,"69":0,"70":0,"71":0,"72":0,"73":0,"74":0,"75":0,"76":0,"77":0,"78":0,"79":0,"80":0,"81":0,"82":0,"83":0,"84":0,"85":0,"86":0,"87":0,"88":0,"89":0,"90":0,"91":0,"92":0,"93":0,"94":0,"95":0,"96":0,"97":0,"98":0,"99":0,"100":0,"101":0,"102":0},"f":{"0":0,"1":0,"2":0,"3":0,"4":0,"5":0,"6":0,"7":0,"8":0,"9":0,"10":0,"11":0,"12":0,"13":0,"14":0,"15":0,"16":0},"b":{"0":[0],"1":[0,0],"2":[0,0],"3":[0,0],"4":[0,0],"5":[0,0],"6":[0,0],"7":[0,0],"8":[0,0],"9":[0,0],"10":[0,0],"11":[0,0],"12":[0,0],"13":[0,0],"14":[0,0],"15":[0,0],"16":[0,0],"17":[0,0],"18":[0,0],"19":[0,0],"20":[0,0]}}
,"C:\\Users\\Frances\\Downloads\\new\\src\\app\\category\\[category]\\page.tsx": {"path":"C:\\Users\\Frances\\Downloads\\new\\src\\app\\category\\[category]\\page.tsx","statementMap":{"0":{"start":{"line":12,"column":24},"end":{"line":12,"column":null}},"1":{"start":{"line":3,"column":25},"end":{"line":3,"column":null}},"2":{"start":{"line":4,"column":26},"end":{"line":4,"column":null}},"3":{"start":{"line":5,"column":34},"end":{"line":5,"column":null}},"4":{"start":{"line":6,"column":31},"end":{"line":6,"column":null}},"5":{"start":{"line":7,"column":31},"end":{"line":7,"column":null}},"6":{"start":{"line":8,"column":33},"end":{"line":8,"column":null}},"7":{"start":{"line":9,"column":32},"end":{"line":9,"column":null}},"8":{"start":{"line":10,"column":38},"end":{"line":10,"column":null}},"9":{"start":{"line":13,"column":17},"end":{"line":13,"column":null}},"10":{"start":{"line":14,"column":19},"end":{"line":14,"column":34}},"11":{"start":{"line":15,"column":17},"end":{"line":15,"column":41}},"12":{"start":{"line":16,"column":34},"end":{"line":16,"column":null}},"13":{"start":{"line":33,"column":6},"end":{"line":33,"column":null}},"14":{"start":{"line":35,"column":2},"end":{"line":44,"column":null}},"15":{"start":{"line":46,"column":24},"end":{"line":46,"column":35}}},"fnMap":{"0":{"name":"CategoryPage","decl":{"start":{"line":12,"column":24},"end":{"line":12,"column":null}},"loc":{"start":{"line":12,"column":24},"end":{"line":90,"column":null}}}},"branchMap":{"0":{"loc":{"start":{"line":35,"column":2},"end":{"line":44,"column":null}},"type":"if","locations":[{"start":{"line":35,"column":2},"end":{"line":44,"column":null}},{"start":{},"end":{}}]}},"s":{"0":0,"1":0,"2":0,"3":0,"4":0,"5":0,"6":0,"7":0,"8":0,"9":0,"10":0,"11":0,"12":0,"13":0,"14":0,"15":0},"f":{"0":0},"b":{"0":[0,0]}}
,"C:\\Users\\Frances\\Downloads\\new\\src\\app\\favorites\\page.tsx": {"path":"C:\\Users\\Frances\\Downloads\\new\\src\\app\\favorites\\page.tsx","statementMap":{"0":{"start":{"line":23,"column":24},"end":{"line":23,"column":null}},"1":{"start":{"line":3,"column":36},"end":{"line":3,"column":null}},"2":{"start":{"line":5,"column":22},"end":{"line":5,"column":null}},"3":{"start":{"line":7,"column":33},"end":{"line":7,"column":null}},"4":{"start":{"line":8,"column":29},"end":{"line":8,"column":null}},"5":{"start":{"line":9,"column":32},"end":{"line":9,"column":null}},"6":{"start":{"line":20,"column":7},"end":{"line":20,"column":null}},"7":{"start":{"line":21,"column":18},"end":{"line":21,"column":null}},"8":{"start":{"line":24,"column":34},"end":{"line":24,"column":null}},"9":{"start":{"line":25,"column":40},"end":{"line":25,"column":null}},"10":{"start":{"line":26,"column":40},"end":{"line":26,"column":null}},"11":{"start":{"line":27,"column":30},"end":{"line":27,"column":null}},"12":{"start":{"line":28,"column":40},"end":{"line":28,"column":null}},"13":{"start":{"line":29,"column":44},"end":{"line":29,"column":null}},"14":{"start":{"line":31,"column":52},"end":{"line":31,"column":null}},"15":{"start":{"line":32,"column":76},"end":{"line":32,"column":null}},"16":{"start":{"line":35,"column":2},"end":{"line":47,"column":null}},"17":{"start":{"line":36,"column":4},"end":{"line":46,"column":null}},"18":{"start":{"line":37,"column":6},"end":{"line":39,"column":null}},"19":{"start":{"line":41,"column":11},"end":{"line":46,"column":null}},"20":{"start":{"line":42,"column":6},"end":{"line":44,"column":null}},"21":{"start":{"line":50,"column":36},"end":{"line":63,"column":null}},"22":{"start":{"line":51,"column":4},"end":{"line":62,"column":null}},"23":{"start":{"line":52,"column":6},"end":{"line":52,"column":null}},"24":{"start":{"line":54,"column":20},"end":{"line":54,"column":null}},"25":{"start":{"line":54,"column":45},"end":{"line":54,"column":null}},"26":{"start":{"line":55,"column":6},"end":{"line":57,"column":null}},"27":{"start":{"line":60,"column":6},"end":{"line":60,"column":null}},"28":{"start":{"line":61,"column":6},"end":{"line":61,"column":null}},"29":{"start":{"line":66,"column":28},"end":{"line":76,"column":null}},"30":{"start":{"line":67,"column":4},"end":{"line":75,"column":null}},"31":{"start":{"line":68,"column":6},"end":{"line":74,"column":null}},"32":{"start":{"line":69,"column":8},"end":{"line":69,"column":null}},"33":{"start":{"line":70,"column":8},"end":{"line":70,"column":null}},"34":{"start":{"line":72,"column":8},"end":{"line":72,"column":null}},"35":{"start":{"line":73,"column":8},"end":{"line":73,"column":null}},"36":{"start":{"line":79,"column":37},"end":{"line":97,"column":null}},"37":{"start":{"line":81,"column":28},"end":{"line":81,"column":null}},"38":{"start":{"line":82,"column":27},"end":{"line":82,"column":null}},"39":{"start":{"line":82,"column":71},"end":{"line":82,"column":null}},"40":{"start":{"line":83,"column":6},"end":{"line":83,"column":null}},"41":{"start":{"line":86,"column":6},"end":{"line":96,"column":null}},"42":{"start":{"line":88,"column":10},"end":{"line":88,"column":null}},"43":{"start":{"line":90,"column":10},"end":{"line":90,"column":null}},"44":{"start":{"line":92,"column":10},"end":{"line":92,"column":null}},"45":{"start":{"line":95,"column":10},"end":{"line":95,"column":null}},"46":{"start":{"line":100,"column":23},"end":{"line":104,"column":null}},"47":{"start":{"line":102,"column":38},"end":{"line":102,"column":87}},"48":{"start":{"line":102,"column":72},"end":{"line":102,"column":80}},"49":{"start":{"line":136,"column":33},"end":{"line":136,"column":null}},"50":{"start":{"line":145,"column":31},"end":{"line":145,"column":null}},"51":{"start":{"line":158,"column":33},"end":{"line":158,"column":null}},"52":{"start":{"line":168,"column":33},"end":{"line":168,"column":null}},"53":{"start":{"line":199,"column":37},"end":{"line":199,"column":null}},"54":{"start":{"line":214,"column":37},"end":{"line":214,"column":null}},"55":{"start":{"line":219,"column":22},"end":{"line":219,"column":44}},"56":{"start":{"line":268,"column":16},"end":{"line":268,"column":50}},"57":{"start":{"line":277,"column":16},"end":{"line":278,"column":null}},"58":{"start":{"line":321,"column":39},"end":{"line":321,"column":null}}},"fnMap":{"0":{"name":"FavoritesPage","decl":{"start":{"line":23,"column":24},"end":{"line":23,"column":null}},"loc":{"start":{"line":23,"column":24},"end":{"line":337,"column":null}}},"1":{"name":"(anonymous_3)","decl":{"start":{"line":35,"column":12},"end":{"line":35,"column":null}},"loc":{"start":{"line":35,"column":12},"end":{"line":47,"column":5}}},"2":{"name":"(anonymous_4)","decl":{"start":{"line":50,"column":36},"end":{"line":50,"column":37}},"loc":{"start":{"line":50,"column":37},"end":{"line":63,"column":null}}},"3":{"name":"(anonymous_5)","decl":{"start":{"line":54,"column":40},"end":{"line":54,"column":45}},"loc":{"start":{"line":54,"column":45},"end":{"line":54,"column":null}}},"4":{"name":"(anonymous_6)","decl":{"start":{"line":66,"column":28},"end":{"line":66,"column":null}},"loc":{"start":{"line":66,"column":28},"end":{"line":76,"column":null}}},"5":{"name":"(anonymous_7)","decl":{"start":{"line":80,"column":12},"end":{"line":80,"column":null}},"loc":{"start":{"line":80,"column":12},"end":{"line":84,"column":null}}},"6":{"name":"(anonymous_8)","decl":{"start":{"line":82,"column":62},"end":{"line":82,"column":71}},"loc":{"start":{"line":82,"column":71},"end":{"line":82,"column":null}}},"7":{"name":"(anonymous_9)","decl":{"start":{"line":85,"column":10},"end":{"line":85,"column":11}},"loc":{"start":{"line":85,"column":14},"end":{"line":97,"column":null}}},"8":{"name":"(anonymous_10)","decl":{"start":{"line":102,"column":29},"end":{"line":102,"column":38}},"loc":{"start":{"line":102,"column":38},"end":{"line":102,"column":87}}},"9":{"name":"(anonymous_11)","decl":{"start":{"line":102,"column":56},"end":{"line":102,"column":57}},"loc":{"start":{"line":102,"column":72},"end":{"line":102,"column":80}}},"10":{"name":"(anonymous_12)","decl":{"start":{"line":136,"column":26},"end":{"line":136,"column":27}},"loc":{"start":{"line":136,"column":33},"end":{"line":136,"column":null}}},"11":{"name":"(anonymous_13)","decl":{"start":{"line":145,"column":25},"end":{"line":145,"column":31}},"loc":{"start":{"line":145,"column":31},"end":{"line":145,"column":null}}},"12":{"name":"(anonymous_14)","decl":{"start":{"line":158,"column":27},"end":{"line":158,"column":33}},"loc":{"start":{"line":158,"column":33},"end":{"line":158,"column":null}}},"13":{"name":"(anonymous_15)","decl":{"start":{"line":168,"column":27},"end":{"line":168,"column":33}},"loc":{"start":{"line":168,"column":33},"end":{"line":168,"column":null}}},"14":{"name":"(anonymous_16)","decl":{"start":{"line":199,"column":30},"end":{"line":199,"column":31}},"loc":{"start":{"line":199,"column":37},"end":{"line":199,"column":null}}},"15":{"name":"(anonymous_17)","decl":{"start":{"line":214,"column":30},"end":{"line":214,"column":31}},"loc":{"start":{"line":214,"column":37},"end":{"line":214,"column":null}}},"16":{"name":"(anonymous_18)","decl":{"start":{"line":218,"column":38},"end":{"line":218,"column":null}},"loc":{"start":{"line":219,"column":22},"end":{"line":219,"column":44}}},"17":{"name":"(anonymous_19)","decl":{"start":{"line":267,"column":46},"end":{"line":267,"column":47}},"loc":{"start":{"line":268,"column":16},"end":{"line":268,"column":50}}},"18":{"name":"(anonymous_20)","decl":{"start":{"line":276,"column":46},"end":{"line":276,"column":47}},"loc":{"start":{"line":277,"column":16},"end":{"line":278,"column":null}}},"19":{"name":"(anonymous_21)","decl":{"start":{"line":321,"column":33},"end":{"line":321,"column":39}},"loc":{"start":{"line":321,"column":39},"end":{"line":321,"column":null}}}},"branchMap":{"0":{"loc":{"start":{"line":36,"column":4},"end":{"line":46,"column":null}},"type":"if","locations":[{"start":{"line":36,"column":4},"end":{"line":46,"column":null}},{"start":{"line":41,"column":11},"end":{"line":46,"column":null}}]},"1":{"loc":{"start":{"line":36,"column":8},"end":{"line":36,"column":53}},"type":"binary-expr","locations":[{"start":{"line":36,"column":8},"end":{"line":36,"column":26}},{"start":{"line":36,"column":26},"end":{"line":36,"column":53}}]},"2":{"loc":{"start":{"line":39,"column":51},"end":{"line":39,"column":90}},"type":"cond-expr","locations":[{"start":{"line":39,"column":81},"end":{"line":39,"column":87}},{"start":{"line":39,"column":87},"end":{"line":39,"column":90}}]},"3":{"loc":{"start":{"line":41,"column":11},"end":{"line":46,"column":null}},"type":"if","locations":[{"start":{"line":41,"column":11},"end":{"line":46,"column":null}},{"start":{},"end":{}}]},"4":{"loc":{"start":{"line":41,"column":15},"end":{"line":41,"column":62}},"type":"binary-expr","locations":[{"start":{"line":41,"column":15},"end":{"line":41,"column":33}},{"start":{"line":41,"column":33},"end":{"line":41,"column":62}}]},"5":{"loc":{"start":{"line":57,"column":11},"end":{"line":57,"column":38}},"type":"binary-expr","locations":[{"start":{"line":57,"column":11},"end":{"line":57,"column":27}},{"start":{"line":57,"column":27},"end":{"line":57,"column":38}}]},"6":{"loc":{"start":{"line":67,"column":4},"end":{"line":75,"column":null}},"type":"if","locations":[{"start":{"line":67,"column":4},"end":{"line":75,"column":null}},{"start":{},"end":{}}]},"7":{"loc":{"start":{"line":82,"column":27},"end":{"line":82,"column":null}},"type":"binary-expr","locations":[{"start":{"line":82,"column":27},"end":{"line":82,"column":43}},{"start":{"line":82,"column":43},"end":{"line":82,"column":null}}]},"8":{"loc":{"start":{"line":83,"column":13},"end":{"line":83,"column":null}},"type":"binary-expr","locations":[{"start":{"line":83,"column":13},"end":{"line":83,"column":30}},{"start":{"line":83,"column":30},"end":{"line":83,"column":null}}]},"9":{"loc":{"start":{"line":86,"column":6},"end":{"line":96,"column":null}},"type":"switch","locations":[{"start":{"line":87,"column":8},"end":{"line":88,"column":null}},{"start":{"line":89,"column":8},"end":{"line":90,"column":null}},{"start":{"line":91,"column":8},"end":{"line":92,"column":null}},{"start":{"line":93,"column":8},"end":{"line":93,"column":null}},{"start":{"line":94,"column":8},"end":{"line":95,"column":null}}]},"10":{"loc":{"start":{"line":88,"column":17},"end":{"line":88,"column":null}},"type":"binary-expr","locations":[{"start":{"line":88,"column":17},"end":{"line":88,"column":58}},{"start":{"line":88,"column":58},"end":{"line":88,"column":null}}]},"11":{"loc":{"start":{"line":88,"column":40},"end":{"line":88,"column":58}},"type":"binary-expr","locations":[{"start":{"line":88,"column":40},"end":{"line":88,"column":47}},{"start":{"line":88,"column":51},"end":{"line":88,"column":58}}]},"12":{"loc":{"start":{"line":90,"column":18},"end":{"line":90,"column":42}},"type":"binary-expr","locations":[{"start":{"line":90,"column":18},"end":{"line":90,"column":32}},{"start":{"line":90,"column":36},"end":{"line":90,"column":42}}]},"13":{"loc":{"start":{"line":90,"column":42},"end":{"line":90,"column":null}},"type":"binary-expr","locations":[{"start":{"line":90,"column":42},"end":{"line":90,"column":56}},{"start":{"line":90,"column":60},"end":{"line":90,"column":null}}]},"14":{"loc":{"start":{"line":92,"column":18},"end":{"line":92,"column":37}},"type":"binary-expr","locations":[{"start":{"line":92,"column":18},"end":{"line":92,"column":32}},{"start":{"line":92,"column":36},"end":{"line":92,"column":37}}]},"15":{"loc":{"start":{"line":92,"column":54},"end":{"line":92,"column":null}},"type":"binary-expr","locations":[{"start":{"line":92,"column":54},"end":{"line":92,"column":68}},{"start":{"line":92,"column":72},"end":{"line":92,"column":null}}]},"16":{"loc":{"start":{"line":102,"column":38},"end":{"line":102,"column":87}},"type":"binary-expr","locations":[{"start":{"line":102,"column":38},"end":{"line":102,"column":85}},{"start":{"line":102,"column":85},"end":{"line":102,"column":87}}]},"17":{"loc":{"start":{"line":117,"column":11},"end":{"line":119,"column":null}},"type":"cond-expr","locations":[{"start":{"line":118,"column":14},"end":{"line":118,"column":140}},{"start":{"line":119,"column":14},"end":{"line":119,"column":null}}]},"18":{"loc":{"start":{"line":118,"column":50},"end":{"line":118,"column":89}},"type":"cond-expr","locations":[{"start":{"line":118,"column":80},"end":{"line":118,"column":86}},{"start":{"line":118,"column":86},"end":{"line":118,"column":89}}]},"19":{"loc":{"start":{"line":118,"column":100},"end":{"line":118,"column":139}},"type":"cond-expr","locations":[{"start":{"line":118,"column":130},"end":{"line":118,"column":136}},{"start":{"line":118,"column":136},"end":{"line":118,"column":139}}]},"20":{"loc":{"start":{"line":125,"column":7},"end":{"line":125,"column":null}},"type":"binary-expr","locations":[{"start":{"line":125,"column":7},"end":{"line":125,"column":null}}]},"21":{"loc":{"start":{"line":147,"column":18},"end":{"line":149,"column":null}},"type":"cond-expr","locations":[{"start":{"line":148,"column":22},"end":{"line":148,"column":null}},{"start":{"line":149,"column":22},"end":{"line":149,"column":null}}]},"22":{"loc":{"start":{"line":160,"column":20},"end":{"line":162,"column":null}},"type":"cond-expr","locations":[{"start":{"line":161,"column":24},"end":{"line":161,"column":null}},{"start":{"line":162,"column":24},"end":{"line":162,"column":null}}]},"23":{"loc":{"start":{"line":170,"column":20},"end":{"line":172,"column":null}},"type":"cond-expr","locations":[{"start":{"line":171,"column":24},"end":{"line":171,"column":null}},{"start":{"line":172,"column":24},"end":{"line":172,"column":null}}]},"24":{"loc":{"start":{"line":191,"column":11},"end":{"line":191,"column":null}},"type":"binary-expr","locations":[{"start":{"line":191,"column":11},"end":{"line":191,"column":null}}]},"25":{"loc":{"start":{"line":233,"column":8},"end":{"line":247,"column":37}},"type":"cond-expr","locations":[{"start":{"line":233,"column":8},"end":{"line":247,"column":37}}]},"26":{"loc":{"start":{"line":248,"column":8},"end":{"line":256,"column":9}},"type":"cond-expr","locations":[{"start":{"line":248,"column":8},"end":{"line":256,"column":9}}]},"27":{"loc":{"start":{"line":260,"column":96},"end":{"line":260,"column":null}},"type":"cond-expr","locations":[{"start":{"line":260,"column":138},"end":{"line":260,"column":144}},{"start":{"line":260,"column":144},"end":{"line":260,"column":null}}]},"28":{"loc":{"start":{"line":266,"column":12},"end":{"line":274,"column":30}},"type":"cond-expr","locations":[{"start":{"line":266,"column":12},"end":{"line":274,"column":30}}]},"29":{"loc":{"start":{"line":285,"column":24},"end":{"line":293,"column":25}},"type":"cond-expr","locations":[{"start":{"line":285,"column":24},"end":{"line":293,"column":25}}]},"30":{"loc":{"start":{"line":287,"column":31},"end":{"line":287,"column":null}},"type":"binary-expr","locations":[{"start":{"line":287,"column":31},"end":{"line":287,"column":42}},{"start":{"line":287,"column":46},"end":{"line":287,"column":null}}]}},"s":{"0":0,"1":0,"2":0,"3":0,"4":0,"5":0,"6":0,"7":0,"8":0,"9":0,"10":0,"11":0,"12":0,"13":0,"14":0,"15":0,"16":0,"17":0,"18":0,"19":0,"20":0,"21":0,"22":0,"23":0,"24":0,"25":0,"26":0,"27":0,"28":0,"29":0,"30":0,"31":0,"32":0,"33":0,"34":0,"35":0,"36":0,"37":0,"38":0,"39":0,"40":0,"41":0,"42":0,"43":0,"44":0,"45":0,"46":0,"47":0,"48":0,"49":0,"50":0,"51":0,"52":0,"53":0,"54":0,"55":0,"56":0,"57":0,"58":0},"f":{"0":0,"1":0,"2":0,"3":0,"4":0,"5":0,"6":0,"7":0,"8":0,"9":0,"10":0,"11":0,"12":0,"13":0,"14":0,"15":0,"16":0,"17":0,"18":0,"19":0},"b":{"0":[0,0],"1":[0,0],"2":[0,0],"3":[0,0],"4":[0,0],"5":[0,0],"6":[0,0],"7":[0,0],"8":[0,0],"9":[0,0,0,0,0],"10":[0,0],"11":[0,0],"12":[0,0],"13":[0,0],"14":[0,0],"15":[0,0],"16":[0,0],"17":[0,0],"18":[0,0],"19":[0,0],"20":[0],"21":[0,0],"22":[0,0],"23":[0,0],"24":[0],"25":[0],"26":[0],"27":[0,0],"28":[0],"29":[0],"30":[0,0]}}
,"C:\\Users\\Frances\\Downloads\\new\\src\\app\\favorites\\people\\page.tsx": {"path":"C:\\Users\\Frances\\Downloads\\new\\src\\app\\favorites\\people\\page.tsx","statementMap":{"0":{"start":{"line":11,"column":24},"end":{"line":11,"column":null}},"1":{"start":{"line":3,"column":36},"end":{"line":3,"column":null}},"2":{"start":{"line":4,"column":78},"end":{"line":4,"column":null}},"3":{"start":{"line":5,"column":33},"end":{"line":5,"column":null}},"4":{"start":{"line":6,"column":29},"end":{"line":6,"column":null}},"5":{"start":{"line":7,"column":23},"end":{"line":7,"column":null}},"6":{"start":{"line":8,"column":32},"end":{"line":8,"column":null}},"7":{"start":{"line":9,"column":18},"end":{"line":9,"column":null}},"8":{"start":{"line":12,"column":40},"end":{"line":12,"column":null}},"9":{"start":{"line":13,"column":34},"end":{"line":13,"column":null}},"10":{"start":{"line":14,"column":40},"end":{"line":14,"column":null}},"11":{"start":{"line":15,"column":30},"end":{"line":15,"column":null}},"12":{"start":{"line":16,"column":50},"end":{"line":16,"column":null}},"13":{"start":{"line":17,"column":44},"end":{"line":17,"column":60}},"14":{"start":{"line":19,"column":52},"end":{"line":19,"column":null}},"15":{"start":{"line":20,"column":78},"end":{"line":20,"column":null}},"16":{"start":{"line":23,"column":2},"end":{"line":35,"column":null}},"17":{"start":{"line":24,"column":4},"end":{"line":34,"column":null}},"18":{"start":{"line":25,"column":6},"end":{"line":27,"column":null}},"19":{"start":{"line":29,"column":11},"end":{"line":34,"column":null}},"20":{"start":{"line":30,"column":6},"end":{"line":32,"column":null}},"21":{"start":{"line":38,"column":36},"end":{"line":51,"column":null}},"22":{"start":{"line":39,"column":4},"end":{"line":50,"column":null}},"23":{"start":{"line":40,"column":6},"end":{"line":40,"column":null}},"24":{"start":{"line":42,"column":21},"end":{"line":42,"column":null}},"25":{"start":{"line":42,"column":46},"end":{"line":42,"column":null}},"26":{"start":{"line":43,"column":6},"end":{"line":45,"column":null}},"27":{"start":{"line":48,"column":6},"end":{"line":48,"column":null}},"28":{"start":{"line":49,"column":6},"end":{"line":49,"column":null}},"29":{"start":{"line":54,"column":28},"end":{"line":64,"column":null}},"30":{"start":{"line":55,"column":4},"end":{"line":63,"column":null}},"31":{"start":{"line":56,"column":6},"end":{"line":62,"column":null}},"32":{"start":{"line":57,"column":8},"end":{"line":57,"column":null}},"33":{"start":{"line":58,"column":8},"end":{"line":58,"column":null}},"34":{"start":{"line":60,"column":8},"end":{"line":60,"column":null}},"35":{"start":{"line":61,"column":8},"end":{"line":61,"column":null}},"36":{"start":{"line":67,"column":37},"end":{"line":87,"column":null}},"37":{"start":{"line":69,"column":28},"end":{"line":69,"column":null}},"38":{"start":{"line":70,"column":32},"end":{"line":71,"column":null}},"39":{"start":{"line":73,"column":6},"end":{"line":73,"column":null}},"40":{"start":{"line":76,"column":6},"end":{"line":86,"column":null}},"41":{"start":{"line":78,"column":10},"end":{"line":78,"column":null}},"42":{"start":{"line":80,"column":10},"end":{"line":80,"column":null}},"43":{"start":{"line":82,"column":10},"end":{"line":82,"column":null}},"44":{"start":{"line":85,"column":10},"end":{"line":85,"column":null}},"45":{"start":{"line":90,"column":28},"end":{"line":94,"column":null}},"46":{"start":{"line":92,"column":35},"end":{"line":92,"column":62}},"47":{"start":{"line":126,"column":33},"end":{"line":126,"column":null}},"48":{"start":{"line":135,"column":31},"end":{"line":135,"column":null}},"49":{"start":{"line":148,"column":33},"end":{"line":148,"column":null}},"50":{"start":{"line":158,"column":33},"end":{"line":158,"column":null}},"51":{"start":{"line":189,"column":37},"end":{"line":189,"column":null}},"52":{"start":{"line":204,"column":37},"end":{"line":204,"column":null}},"53":{"start":{"line":209,"column":22},"end":{"line":209,"column":41}},"54":{"start":{"line":258,"column":16},"end":{"line":258,"column":51}},"55":{"start":{"line":267,"column":16},"end":{"line":268,"column":null}},"56":{"start":{"line":313,"column":37},"end":{"line":313,"column":null}}},"fnMap":{"0":{"name":"PeopleFavoritesPage","decl":{"start":{"line":11,"column":24},"end":{"line":11,"column":null}},"loc":{"start":{"line":11,"column":24},"end":{"line":328,"column":null}}},"1":{"name":"(anonymous_3)","decl":{"start":{"line":23,"column":12},"end":{"line":23,"column":null}},"loc":{"start":{"line":23,"column":12},"end":{"line":35,"column":5}}},"2":{"name":"(anonymous_4)","decl":{"start":{"line":38,"column":36},"end":{"line":38,"column":37}},"loc":{"start":{"line":38,"column":37},"end":{"line":51,"column":null}}},"3":{"name":"(anonymous_5)","decl":{"start":{"line":42,"column":41},"end":{"line":42,"column":46}},"loc":{"start":{"line":42,"column":46},"end":{"line":42,"column":null}}},"4":{"name":"(anonymous_6)","decl":{"start":{"line":54,"column":28},"end":{"line":54,"column":null}},"loc":{"start":{"line":54,"column":28},"end":{"line":64,"column":null}}},"5":{"name":"(anonymous_7)","decl":{"start":{"line":68,"column":12},"end":{"line":68,"column":null}},"loc":{"start":{"line":68,"column":12},"end":{"line":74,"column":null}}},"6":{"name":"(anonymous_8)","decl":{"start":{"line":75,"column":10},"end":{"line":75,"column":11}},"loc":{"start":{"line":75,"column":14},"end":{"line":87,"column":null}}},"7":{"name":"(anonymous_9)","decl":{"start":{"line":92,"column":25},"end":{"line":92,"column":35}},"loc":{"start":{"line":92,"column":35},"end":{"line":92,"column":62}}},"8":{"name":"(anonymous_10)","decl":{"start":{"line":126,"column":26},"end":{"line":126,"column":27}},"loc":{"start":{"line":126,"column":33},"end":{"line":126,"column":null}}},"9":{"name":"(anonymous_11)","decl":{"start":{"line":135,"column":25},"end":{"line":135,"column":31}},"loc":{"start":{"line":135,"column":31},"end":{"line":135,"column":null}}},"10":{"name":"(anonymous_12)","decl":{"start":{"line":148,"column":27},"end":{"line":148,"column":33}},"loc":{"start":{"line":148,"column":33},"end":{"line":148,"column":null}}},"11":{"name":"(anonymous_13)","decl":{"start":{"line":158,"column":27},"end":{"line":158,"column":33}},"loc":{"start":{"line":158,"column":33},"end":{"line":158,"column":null}}},"12":{"name":"(anonymous_14)","decl":{"start":{"line":189,"column":30},"end":{"line":189,"column":31}},"loc":{"start":{"line":189,"column":37},"end":{"line":189,"column":null}}},"13":{"name":"(anonymous_15)","decl":{"start":{"line":204,"column":30},"end":{"line":204,"column":31}},"loc":{"start":{"line":204,"column":37},"end":{"line":204,"column":null}}},"14":{"name":"(anonymous_16)","decl":{"start":{"line":208,"column":43},"end":{"line":208,"column":null}},"loc":{"start":{"line":209,"column":22},"end":{"line":209,"column":41}}},"15":{"name":"(anonymous_17)","decl":{"start":{"line":257,"column":46},"end":{"line":257,"column":47}},"loc":{"start":{"line":258,"column":16},"end":{"line":258,"column":51}}},"16":{"name":"(anonymous_18)","decl":{"start":{"line":266,"column":46},"end":{"line":266,"column":47}},"loc":{"start":{"line":267,"column":16},"end":{"line":268,"column":null}}},"17":{"name":"(anonymous_19)","decl":{"start":{"line":313,"column":31},"end":{"line":313,"column":37}},"loc":{"start":{"line":313,"column":37},"end":{"line":313,"column":null}}}},"branchMap":{"0":{"loc":{"start":{"line":24,"column":4},"end":{"line":34,"column":null}},"type":"if","locations":[{"start":{"line":24,"column":4},"end":{"line":34,"column":null}},{"start":{"line":29,"column":11},"end":{"line":34,"column":null}}]},"1":{"loc":{"start":{"line":24,"column":8},"end":{"line":24,"column":53}},"type":"binary-expr","locations":[{"start":{"line":24,"column":8},"end":{"line":24,"column":26}},{"start":{"line":24,"column":26},"end":{"line":24,"column":53}}]},"2":{"loc":{"start":{"line":27,"column":50},"end":{"line":27,"column":89}},"type":"cond-expr","locations":[{"start":{"line":27,"column":80},"end":{"line":27,"column":86}},{"start":{"line":27,"column":86},"end":{"line":27,"column":89}}]},"3":{"loc":{"start":{"line":29,"column":11},"end":{"line":34,"column":null}},"type":"if","locations":[{"start":{"line":29,"column":11},"end":{"line":34,"column":null}},{"start":{},"end":{}}]},"4":{"loc":{"start":{"line":29,"column":15},"end":{"line":29,"column":62}},"type":"binary-expr","locations":[{"start":{"line":29,"column":15},"end":{"line":29,"column":33}},{"start":{"line":29,"column":33},"end":{"line":29,"column":62}}]},"5":{"loc":{"start":{"line":45,"column":11},"end":{"line":45,"column":37}},"type":"binary-expr","locations":[{"start":{"line":45,"column":11},"end":{"line":45,"column":27}},{"start":{"line":45,"column":27},"end":{"line":45,"column":37}}]},"6":{"loc":{"start":{"line":55,"column":4},"end":{"line":63,"column":null}},"type":"if","locations":[{"start":{"line":55,"column":4},"end":{"line":63,"column":null}},{"start":{},"end":{}}]},"7":{"loc":{"start":{"line":70,"column":32},"end":{"line":71,"column":null}},"type":"binary-expr","locations":[{"start":{"line":70,"column":32},"end":{"line":70,"column":null}},{"start":{"line":71,"column":8},"end":{"line":71,"column":null}}]},"8":{"loc":{"start":{"line":73,"column":13},"end":{"line":73,"column":null}},"type":"binary-expr","locations":[{"start":{"line":73,"column":13},"end":{"line":73,"column":30}},{"start":{"line":73,"column":30},"end":{"line":73,"column":null}}]},"9":{"loc":{"start":{"line":76,"column":6},"end":{"line":86,"column":null}},"type":"switch","locations":[{"start":{"line":77,"column":8},"end":{"line":78,"column":null}},{"start":{"line":79,"column":8},"end":{"line":80,"column":null}},{"start":{"line":81,"column":8},"end":{"line":82,"column":null}},{"start":{"line":83,"column":8},"end":{"line":83,"column":null}},{"start":{"line":84,"column":8},"end":{"line":85,"column":null}}]},"10":{"loc":{"start":{"line":80,"column":18},"end":{"line":80,"column":40}},"type":"binary-expr","locations":[{"start":{"line":80,"column":18},"end":{"line":80,"column":30}},{"start":{"line":80,"column":34},"end":{"line":80,"column":40}}]},"11":{"loc":{"start":{"line":80,"column":40},"end":{"line":80,"column":null}},"type":"binary-expr","locations":[{"start":{"line":80,"column":40},"end":{"line":80,"column":52}},{"start":{"line":80,"column":56},"end":{"line":80,"column":null}}]},"12":{"loc":{"start":{"line":82,"column":18},"end":{"line":82,"column":45}},"type":"binary-expr","locations":[{"start":{"line":82,"column":18},"end":{"line":82,"column":40}},{"start":{"line":82,"column":44},"end":{"line":82,"column":45}}]},"13":{"loc":{"start":{"line":82,"column":62},"end":{"line":82,"column":null}},"type":"binary-expr","locations":[{"start":{"line":82,"column":62},"end":{"line":82,"column":84}},{"start":{"line":82,"column":88},"end":{"line":82,"column":null}}]},"14":{"loc":{"start":{"line":107,"column":11},"end":{"line":109,"column":null}},"type":"cond-expr","locations":[{"start":{"line":108,"column":14},"end":{"line":108,"column":139}},{"start":{"line":109,"column":14},"end":{"line":109,"column":null}}]},"15":{"loc":{"start":{"line":108,"column":49},"end":{"line":108,"column":88}},"type":"cond-expr","locations":[{"start":{"line":108,"column":79},"end":{"line":108,"column":85}},{"start":{"line":108,"column":85},"end":{"line":108,"column":88}}]},"16":{"loc":{"start":{"line":108,"column":99},"end":{"line":108,"column":138}},"type":"cond-expr","locations":[{"start":{"line":108,"column":129},"end":{"line":108,"column":135}},{"start":{"line":108,"column":135},"end":{"line":108,"column":138}}]},"17":{"loc":{"start":{"line":115,"column":7},"end":{"line":115,"column":null}},"type":"binary-expr","locations":[{"start":{"line":115,"column":7},"end":{"line":115,"column":null}}]},"18":{"loc":{"start":{"line":137,"column":18},"end":{"line":139,"column":null}},"type":"cond-expr","locations":[{"start":{"line":138,"column":22},"end":{"line":138,"column":null}},{"start":{"line":139,"column":22},"end":{"line":139,"column":null}}]},"19":{"loc":{"start":{"line":150,"column":20},"end":{"line":152,"column":null}},"type":"cond-expr","locations":[{"start":{"line":151,"column":24},"end":{"line":151,"column":null}},{"start":{"line":152,"column":24},"end":{"line":152,"column":null}}]},"20":{"loc":{"start":{"line":160,"column":20},"end":{"line":162,"column":null}},"type":"cond-expr","locations":[{"start":{"line":161,"column":24},"end":{"line":161,"column":null}},{"start":{"line":162,"column":24},"end":{"line":162,"column":null}}]},"21":{"loc":{"start":{"line":181,"column":11},"end":{"line":181,"column":null}},"type":"binary-expr","locations":[{"start":{"line":181,"column":11},"end":{"line":181,"column":null}}]},"22":{"loc":{"start":{"line":223,"column":8},"end":{"line":237,"column":37}},"type":"cond-expr","locations":[{"start":{"line":223,"column":8},"end":{"line":237,"column":37}}]},"23":{"loc":{"start":{"line":238,"column":8},"end":{"line":246,"column":9}},"type":"cond-expr","locations":[{"start":{"line":238,"column":8},"end":{"line":246,"column":9}}]},"24":{"loc":{"start":{"line":250,"column":95},"end":{"line":250,"column":null}},"type":"cond-expr","locations":[{"start":{"line":250,"column":137},"end":{"line":250,"column":143}},{"start":{"line":250,"column":143},"end":{"line":250,"column":null}}]},"25":{"loc":{"start":{"line":256,"column":12},"end":{"line":264,"column":30}},"type":"cond-expr","locations":[{"start":{"line":256,"column":12},"end":{"line":264,"column":30}}]},"26":{"loc":{"start":{"line":275,"column":24},"end":{"line":283,"column":25}},"type":"cond-expr","locations":[{"start":{"line":275,"column":24},"end":{"line":283,"column":25}}]},"27":{"loc":{"start":{"line":294,"column":23},"end":{"line":294,"column":50}},"type":"binary-expr","locations":[{"start":{"line":294,"column":23},"end":{"line":294,"column":50}}]},"28":{"loc":{"start":{"line":299,"column":23},"end":{"line":299,"column":38}},"type":"binary-expr","locations":[{"start":{"line":299,"column":23},"end":{"line":299,"column":38}}]},"29":{"loc":{"start":{"line":306,"column":27},"end":{"line":306,"column":126}},"type":"binary-expr","locations":[{"start":{"line":306,"column":27},"end":{"line":306,"column":43}},{"start":{"line":306,"column":47},"end":{"line":306,"column":126}}]}},"s":{"0":0,"1":0,"2":0,"3":0,"4":0,"5":0,"6":0,"7":0,"8":0,"9":0,"10":0,"11":0,"12":0,"13":0,"14":0,"15":0,"16":0,"17":0,"18":0,"19":0,"20":0,"21":0,"22":0,"23":0,"24":0,"25":0,"26":0,"27":0,"28":0,"29":0,"30":0,"31":0,"32":0,"33":0,"34":0,"35":0,"36":0,"37":0,"38":0,"39":0,"40":0,"41":0,"42":0,"43":0,"44":0,"45":0,"46":0,"47":0,"48":0,"49":0,"50":0,"51":0,"52":0,"53":0,"54":0,"55":0,"56":0},"f":{"0":0,"1":0,"2":0,"3":0,"4":0,"5":0,"6":0,"7":0,"8":0,"9":0,"10":0,"11":0,"12":0,"13":0,"14":0,"15":0,"16":0,"17":0},"b":{"0":[0,0],"1":[0,0],"2":[0,0],"3":[0,0],"4":[0,0],"5":[0,0],"6":[0,0],"7":[0,0],"8":[0,0],"9":[0,0,0,0,0],"10":[0,0],"11":[0,0],"12":[0,0],"13":[0,0],"14":[0,0],"15":[0,0],"16":[0,0],"17":[0],"18":[0,0],"19":[0,0],"20":[0,0],"21":[0],"22":[0],"23":[0],"24":[0,0],"25":[0],"26":[0],"27":[0],"28":[0],"29":[0,0]}}
,"C:\\Users\\Frances\\Downloads\\new\\src\\app\\favorites\\tv\\page.tsx": {"path":"C:\\Users\\Frances\\Downloads\\new\\src\\app\\favorites\\tv\\page.tsx","statementMap":{"0":{"start":{"line":24,"column":24},"end":{"line":24,"column":null}},"1":{"start":{"line":3,"column":36},"end":{"line":3,"column":null}},"2":{"start":{"line":5,"column":22},"end":{"line":5,"column":null}},"3":{"start":{"line":7,"column":33},"end":{"line":7,"column":null}},"4":{"start":{"line":8,"column":29},"end":{"line":8,"column":null}},"5":{"start":{"line":9,"column":32},"end":{"line":9,"column":null}},"6":{"start":{"line":21,"column":7},"end":{"line":21,"column":null}},"7":{"start":{"line":22,"column":18},"end":{"line":22,"column":null}},"8":{"start":{"line":25,"column":34},"end":{"line":25,"column":null}},"9":{"start":{"line":26,"column":40},"end":{"line":26,"column":null}},"10":{"start":{"line":27,"column":40},"end":{"line":27,"column":null}},"11":{"start":{"line":28,"column":30},"end":{"line":28,"column":null}},"12":{"start":{"line":29,"column":40},"end":{"line":29,"column":null}},"13":{"start":{"line":30,"column":44},"end":{"line":30,"column":null}},"14":{"start":{"line":32,"column":52},"end":{"line":32,"column":null}},"15":{"start":{"line":33,"column":66},"end":{"line":33,"column":null}},"16":{"start":{"line":36,"column":2},"end":{"line":48,"column":null}},"17":{"start":{"line":37,"column":4},"end":{"line":47,"column":null}},"18":{"start":{"line":38,"column":6},"end":{"line":40,"column":null}},"19":{"start":{"line":42,"column":11},"end":{"line":47,"column":null}},"20":{"start":{"line":43,"column":6},"end":{"line":45,"column":null}},"21":{"start":{"line":51,"column":36},"end":{"line":64,"column":null}},"22":{"start":{"line":52,"column":4},"end":{"line":63,"column":null}},"23":{"start":{"line":53,"column":6},"end":{"line":53,"column":null}},"24":{"start":{"line":55,"column":17},"end":{"line":55,"column":null}},"25":{"start":{"line":55,"column":38},"end":{"line":55,"column":null}},"26":{"start":{"line":56,"column":6},"end":{"line":58,"column":null}},"27":{"start":{"line":61,"column":6},"end":{"line":61,"column":null}},"28":{"start":{"line":62,"column":6},"end":{"line":62,"column":null}},"29":{"start":{"line":67,"column":28},"end":{"line":77,"column":null}},"30":{"start":{"line":68,"column":4},"end":{"line":76,"column":null}},"31":{"start":{"line":69,"column":6},"end":{"line":75,"column":null}},"32":{"start":{"line":70,"column":8},"end":{"line":70,"column":null}},"33":{"start":{"line":71,"column":8},"end":{"line":71,"column":null}},"34":{"start":{"line":73,"column":8},"end":{"line":73,"column":null}},"35":{"start":{"line":74,"column":8},"end":{"line":74,"column":null}},"36":{"start":{"line":80,"column":37},"end":{"line":98,"column":null}},"37":{"start":{"line":82,"column":28},"end":{"line":82,"column":null}},"38":{"start":{"line":83,"column":27},"end":{"line":83,"column":null}},"39":{"start":{"line":83,"column":68},"end":{"line":83,"column":null}},"40":{"start":{"line":84,"column":6},"end":{"line":84,"column":null}},"41":{"start":{"line":87,"column":6},"end":{"line":97,"column":null}},"42":{"start":{"line":89,"column":10},"end":{"line":89,"column":null}},"43":{"start":{"line":91,"column":10},"end":{"line":91,"column":null}},"44":{"start":{"line":93,"column":10},"end":{"line":93,"column":null}},"45":{"start":{"line":96,"column":10},"end":{"line":96,"column":null}},"46":{"start":{"line":101,"column":23},"end":{"line":105,"column":null}},"47":{"start":{"line":103,"column":31},"end":{"line":103,"column":77}},"48":{"start":{"line":103,"column":62},"end":{"line":103,"column":70}},"49":{"start":{"line":137,"column":33},"end":{"line":137,"column":null}},"50":{"start":{"line":146,"column":31},"end":{"line":146,"column":null}},"51":{"start":{"line":159,"column":33},"end":{"line":159,"column":null}},"52":{"start":{"line":169,"column":33},"end":{"line":169,"column":null}},"53":{"start":{"line":200,"column":37},"end":{"line":200,"column":null}},"54":{"start":{"line":215,"column":37},"end":{"line":215,"column":null}},"55":{"start":{"line":220,"column":22},"end":{"line":220,"column":44}},"56":{"start":{"line":269,"column":16},"end":{"line":269,"column":47}},"57":{"start":{"line":278,"column":16},"end":{"line":279,"column":null}},"58":{"start":{"line":322,"column":39},"end":{"line":322,"column":null}}},"fnMap":{"0":{"name":"TVFavoritesPage","decl":{"start":{"line":24,"column":24},"end":{"line":24,"column":null}},"loc":{"start":{"line":24,"column":24},"end":{"line":338,"column":null}}},"1":{"name":"(anonymous_3)","decl":{"start":{"line":36,"column":12},"end":{"line":36,"column":null}},"loc":{"start":{"line":36,"column":12},"end":{"line":48,"column":5}}},"2":{"name":"(anonymous_4)","decl":{"start":{"line":51,"column":36},"end":{"line":51,"column":37}},"loc":{"start":{"line":51,"column":37},"end":{"line":64,"column":null}}},"3":{"name":"(anonymous_5)","decl":{"start":{"line":55,"column":33},"end":{"line":55,"column":38}},"loc":{"start":{"line":55,"column":38},"end":{"line":55,"column":null}}},"4":{"name":"(anonymous_6)","decl":{"start":{"line":67,"column":28},"end":{"line":67,"column":null}},"loc":{"start":{"line":67,"column":28},"end":{"line":77,"column":null}}},"5":{"name":"(anonymous_7)","decl":{"start":{"line":81,"column":12},"end":{"line":81,"column":null}},"loc":{"start":{"line":81,"column":12},"end":{"line":85,"column":null}}},"6":{"name":"(anonymous_8)","decl":{"start":{"line":83,"column":59},"end":{"line":83,"column":68}},"loc":{"start":{"line":83,"column":68},"end":{"line":83,"column":null}}},"7":{"name":"(anonymous_9)","decl":{"start":{"line":86,"column":10},"end":{"line":86,"column":11}},"loc":{"start":{"line":86,"column":14},"end":{"line":98,"column":null}}},"8":{"name":"(anonymous_10)","decl":{"start":{"line":103,"column":25},"end":{"line":103,"column":31}},"loc":{"start":{"line":103,"column":31},"end":{"line":103,"column":77}}},"9":{"name":"(anonymous_11)","decl":{"start":{"line":103,"column":46},"end":{"line":103,"column":47}},"loc":{"start":{"line":103,"column":62},"end":{"line":103,"column":70}}},"10":{"name":"(anonymous_12)","decl":{"start":{"line":137,"column":26},"end":{"line":137,"column":27}},"loc":{"start":{"line":137,"column":33},"end":{"line":137,"column":null}}},"11":{"name":"(anonymous_13)","decl":{"start":{"line":146,"column":25},"end":{"line":146,"column":31}},"loc":{"start":{"line":146,"column":31},"end":{"line":146,"column":null}}},"12":{"name":"(anonymous_14)","decl":{"start":{"line":159,"column":27},"end":{"line":159,"column":33}},"loc":{"start":{"line":159,"column":33},"end":{"line":159,"column":null}}},"13":{"name":"(anonymous_15)","decl":{"start":{"line":169,"column":27},"end":{"line":169,"column":33}},"loc":{"start":{"line":169,"column":33},"end":{"line":169,"column":null}}},"14":{"name":"(anonymous_16)","decl":{"start":{"line":200,"column":30},"end":{"line":200,"column":31}},"loc":{"start":{"line":200,"column":37},"end":{"line":200,"column":null}}},"15":{"name":"(anonymous_17)","decl":{"start":{"line":215,"column":30},"end":{"line":215,"column":31}},"loc":{"start":{"line":215,"column":37},"end":{"line":215,"column":null}}},"16":{"name":"(anonymous_18)","decl":{"start":{"line":219,"column":38},"end":{"line":219,"column":null}},"loc":{"start":{"line":220,"column":22},"end":{"line":220,"column":44}}},"17":{"name":"(anonymous_19)","decl":{"start":{"line":268,"column":46},"end":{"line":268,"column":47}},"loc":{"start":{"line":269,"column":16},"end":{"line":269,"column":47}}},"18":{"name":"(anonymous_20)","decl":{"start":{"line":277,"column":46},"end":{"line":277,"column":47}},"loc":{"start":{"line":278,"column":16},"end":{"line":279,"column":null}}},"19":{"name":"(anonymous_21)","decl":{"start":{"line":322,"column":33},"end":{"line":322,"column":39}},"loc":{"start":{"line":322,"column":39},"end":{"line":322,"column":null}}}},"branchMap":{"0":{"loc":{"start":{"line":37,"column":4},"end":{"line":47,"column":null}},"type":"if","locations":[{"start":{"line":37,"column":4},"end":{"line":47,"column":null}},{"start":{"line":42,"column":11},"end":{"line":47,"column":null}}]},"1":{"loc":{"start":{"line":37,"column":8},"end":{"line":37,"column":49}},"type":"binary-expr","locations":[{"start":{"line":37,"column":8},"end":{"line":37,"column":26}},{"start":{"line":37,"column":26},"end":{"line":37,"column":49}}]},"2":{"loc":{"start":{"line":40,"column":44},"end":{"line":40,"column":79}},"type":"cond-expr","locations":[{"start":{"line":40,"column":70},"end":{"line":40,"column":76}},{"start":{"line":40,"column":76},"end":{"line":40,"column":79}}]},"3":{"loc":{"start":{"line":42,"column":11},"end":{"line":47,"column":null}},"type":"if","locations":[{"start":{"line":42,"column":11},"end":{"line":47,"column":null}},{"start":{},"end":{}}]},"4":{"loc":{"start":{"line":42,"column":15},"end":{"line":42,"column":58}},"type":"binary-expr","locations":[{"start":{"line":42,"column":15},"end":{"line":42,"column":33}},{"start":{"line":42,"column":33},"end":{"line":42,"column":58}}]},"5":{"loc":{"start":{"line":58,"column":11},"end":{"line":58,"column":31}},"type":"binary-expr","locations":[{"start":{"line":58,"column":11},"end":{"line":58,"column":23}},{"start":{"line":58,"column":23},"end":{"line":58,"column":31}}]},"6":{"loc":{"start":{"line":68,"column":4},"end":{"line":76,"column":null}},"type":"if","locations":[{"start":{"line":68,"column":4},"end":{"line":76,"column":null}},{"start":{},"end":{}}]},"7":{"loc":{"start":{"line":83,"column":27},"end":{"line":83,"column":null}},"type":"binary-expr","locations":[{"start":{"line":83,"column":27},"end":{"line":83,"column":43}},{"start":{"line":83,"column":43},"end":{"line":83,"column":null}}]},"8":{"loc":{"start":{"line":84,"column":13},"end":{"line":84,"column":null}},"type":"binary-expr","locations":[{"start":{"line":84,"column":13},"end":{"line":84,"column":30}},{"start":{"line":84,"column":30},"end":{"line":84,"column":null}}]},"9":{"loc":{"start":{"line":87,"column":6},"end":{"line":97,"column":null}},"type":"switch","locations":[{"start":{"line":88,"column":8},"end":{"line":89,"column":null}},{"start":{"line":90,"column":8},"end":{"line":91,"column":null}},{"start":{"line":92,"column":8},"end":{"line":93,"column":null}},{"start":{"line":94,"column":8},"end":{"line":94,"column":null}},{"start":{"line":95,"column":8},"end":{"line":96,"column":null}}]},"10":{"loc":{"start":{"line":89,"column":17},"end":{"line":89,"column":null}},"type":"binary-expr","locations":[{"start":{"line":89,"column":17},"end":{"line":89,"column":56}},{"start":{"line":89,"column":56},"end":{"line":89,"column":null}}]},"11":{"loc":{"start":{"line":89,"column":39},"end":{"line":89,"column":56}},"type":"binary-expr","locations":[{"start":{"line":89,"column":39},"end":{"line":89,"column":45}},{"start":{"line":89,"column":49},"end":{"line":89,"column":56}}]},"12":{"loc":{"start":{"line":91,"column":18},"end":{"line":91,"column":42}},"type":"binary-expr","locations":[{"start":{"line":91,"column":18},"end":{"line":91,"column":32}},{"start":{"line":91,"column":36},"end":{"line":91,"column":42}}]},"13":{"loc":{"start":{"line":91,"column":42},"end":{"line":91,"column":null}},"type":"binary-expr","locations":[{"start":{"line":91,"column":42},"end":{"line":91,"column":56}},{"start":{"line":91,"column":60},"end":{"line":91,"column":null}}]},"14":{"loc":{"start":{"line":93,"column":18},"end":{"line":93,"column":39}},"type":"binary-expr","locations":[{"start":{"line":93,"column":18},"end":{"line":93,"column":34}},{"start":{"line":93,"column":38},"end":{"line":93,"column":39}}]},"15":{"loc":{"start":{"line":93,"column":56},"end":{"line":93,"column":null}},"type":"binary-expr","locations":[{"start":{"line":93,"column":56},"end":{"line":93,"column":72}},{"start":{"line":93,"column":76},"end":{"line":93,"column":null}}]},"16":{"loc":{"start":{"line":103,"column":31},"end":{"line":103,"column":77}},"type":"binary-expr","locations":[{"start":{"line":103,"column":31},"end":{"line":103,"column":75}},{"start":{"line":103,"column":75},"end":{"line":103,"column":77}}]},"17":{"loc":{"start":{"line":118,"column":11},"end":{"line":120,"column":null}},"type":"cond-expr","locations":[{"start":{"line":119,"column":14},"end":{"line":119,"column":125}},{"start":{"line":120,"column":14},"end":{"line":120,"column":null}}]},"18":{"loc":{"start":{"line":119,"column":43},"end":{"line":119,"column":78}},"type":"cond-expr","locations":[{"start":{"line":119,"column":69},"end":{"line":119,"column":75}},{"start":{"line":119,"column":75},"end":{"line":119,"column":78}}]},"19":{"loc":{"start":{"line":119,"column":89},"end":{"line":119,"column":124}},"type":"cond-expr","locations":[{"start":{"line":119,"column":115},"end":{"line":119,"column":121}},{"start":{"line":119,"column":121},"end":{"line":119,"column":124}}]},"20":{"loc":{"start":{"line":126,"column":7},"end":{"line":126,"column":null}},"type":"binary-expr","locations":[{"start":{"line":126,"column":7},"end":{"line":126,"column":null}}]},"21":{"loc":{"start":{"line":148,"column":18},"end":{"line":150,"column":null}},"type":"cond-expr","locations":[{"start":{"line":149,"column":22},"end":{"line":149,"column":null}},{"start":{"line":150,"column":22},"end":{"line":150,"column":null}}]},"22":{"loc":{"start":{"line":161,"column":20},"end":{"line":163,"column":null}},"type":"cond-expr","locations":[{"start":{"line":162,"column":24},"end":{"line":162,"column":null}},{"start":{"line":163,"column":24},"end":{"line":163,"column":null}}]},"23":{"loc":{"start":{"line":171,"column":20},"end":{"line":173,"column":null}},"type":"cond-expr","locations":[{"start":{"line":172,"column":24},"end":{"line":172,"column":null}},{"start":{"line":173,"column":24},"end":{"line":173,"column":null}}]},"24":{"loc":{"start":{"line":192,"column":11},"end":{"line":192,"column":null}},"type":"binary-expr","locations":[{"start":{"line":192,"column":11},"end":{"line":192,"column":null}}]},"25":{"loc":{"start":{"line":234,"column":8},"end":{"line":248,"column":37}},"type":"cond-expr","locations":[{"start":{"line":234,"column":8},"end":{"line":248,"column":37}}]},"26":{"loc":{"start":{"line":249,"column":8},"end":{"line":257,"column":9}},"type":"cond-expr","locations":[{"start":{"line":249,"column":8},"end":{"line":257,"column":9}}]},"27":{"loc":{"start":{"line":261,"column":89},"end":{"line":261,"column":null}},"type":"cond-expr","locations":[{"start":{"line":261,"column":131},"end":{"line":261,"column":137}},{"start":{"line":261,"column":137},"end":{"line":261,"column":null}}]},"28":{"loc":{"start":{"line":267,"column":12},"end":{"line":275,"column":30}},"type":"cond-expr","locations":[{"start":{"line":267,"column":12},"end":{"line":275,"column":30}}]},"29":{"loc":{"start":{"line":286,"column":24},"end":{"line":294,"column":25}},"type":"cond-expr","locations":[{"start":{"line":286,"column":24},"end":{"line":294,"column":25}}]},"30":{"loc":{"start":{"line":288,"column":31},"end":{"line":288,"column":null}},"type":"binary-expr","locations":[{"start":{"line":288,"column":31},"end":{"line":288,"column":38}},{"start":{"line":288,"column":42},"end":{"line":288,"column":null}}]}},"s":{"0":0,"1":0,"2":0,"3":0,"4":0,"5":0,"6":0,"7":0,"8":0,"9":0,"10":0,"11":0,"12":0,"13":0,"14":0,"15":0,"16":0,"17":0,"18":0,"19":0,"20":0,"21":0,"22":0,"23":0,"24":0,"25":0,"26":0,"27":0,"28":0,"29":0,"30":0,"31":0,"32":0,"33":0,"34":0,"35":0,"36":0,"37":0,"38":0,"39":0,"40":0,"41":0,"42":0,"43":0,"44":0,"45":0,"46":0,"47":0,"48":0,"49":0,"50":0,"51":0,"52":0,"53":0,"54":0,"55":0,"56":0,"57":0,"58":0},"f":{"0":0,"1":0,"2":0,"3":0,"4":0,"5":0,"6":0,"7":0,"8":0,"9":0,"10":0,"11":0,"12":0,"13":0,"14":0,"15":0,"16":0,"17":0,"18":0,"19":0},"b":{"0":[0,0],"1":[0,0],"2":[0,0],"3":[0,0],"4":[0,0],"5":[0,0],"6":[0,0],"7":[0,0],"8":[0,0],"9":[0,0,0,0,0],"10":[0,0],"11":[0,0],"12":[0,0],"13":[0,0],"14":[0,0],"15":[0,0],"16":[0,0],"17":[0,0],"18":[0,0],"19":[0,0],"20":[0],"21":[0,0],"22":[0,0],"23":[0,0],"24":[0],"25":[0],"26":[0],"27":[0,0],"28":[0],"29":[0],"30":[0,0]}}
,"C:\\Users\\Frances\\Downloads\\new\\src\\app\\genre\\[id]\\page.tsx": {"path":"C:\\Users\\Frances\\Downloads\\new\\src\\app\\genre\\[id]\\page.tsx","statementMap":{"0":{"start":{"line":13,"column":24},"end":{"line":13,"column":null}},"1":{"start":{"line":3,"column":36},"end":{"line":3,"column":null}},"2":{"start":{"line":4,"column":43},"end":{"line":4,"column":null}},"3":{"start":{"line":5,"column":52},"end":{"line":5,"column":null}},"4":{"start":{"line":6,"column":54},"end":{"line":6,"column":null}},"5":{"start":{"line":8,"column":22},"end":{"line":8,"column":null}},"6":{"start":{"line":9,"column":79},"end":{"line":9,"column":null}},"7":{"start":{"line":10,"column":56},"end":{"line":10,"column":null}},"8":{"start":{"line":11,"column":17},"end":{"line":11,"column":null}},"9":{"start":{"line":14,"column":17},"end":{"line":14,"column":null}},"10":{"start":{"line":15,"column":23},"end":{"line":15,"column":null}},"11":{"start":{"line":16,"column":18},"end":{"line":16,"column":27}},"12":{"start":{"line":17,"column":20},"end":{"line":17,"column":57}},"13":{"start":{"line":19,"column":30},"end":{"line":19,"column":null}},"14":{"start":{"line":20,"column":32},"end":{"line":20,"column":null}},"15":{"start":{"line":21,"column":28},"end":{"line":21,"column":null}},"16":{"start":{"line":22,"column":26},"end":{"line":22,"column":null}},"17":{"start":{"line":23,"column":32},"end":{"line":23,"column":null}},"18":{"start":{"line":24,"column":34},"end":{"line":24,"column":null}},"19":{"start":{"line":25,"column":40},"end":{"line":25,"column":null}},"20":{"start":{"line":26,"column":30},"end":{"line":26,"column":null}},"21":{"start":{"line":27,"column":36},"end":{"line":27,"column":null}},"22":{"start":{"line":28,"column":38},"end":{"line":28,"column":null}},"23":{"start":{"line":29,"column":42},"end":{"line":29,"column":null}},"24":{"start":{"line":31,"column":24},"end":{"line":31,"column":null}},"25":{"start":{"line":34,"column":27},"end":{"line":46,"column":null}},"26":{"start":{"line":35,"column":17},"end":{"line":35,"column":null}},"27":{"start":{"line":36,"column":4},"end":{"line":45,"column":null}},"28":{"start":{"line":37,"column":6},"end":{"line":39,"column":null}},"29":{"start":{"line":38,"column":8},"end":{"line":38,"column":null}},"30":{"start":{"line":40,"column":6},"end":{"line":40,"column":null}},"31":{"start":{"line":41,"column":6},"end":{"line":41,"column":null}},"32":{"start":{"line":42,"column":20},"end":{"line":45,"column":null}},"33":{"start":{"line":49,"column":23},"end":{"line":54,"column":null}},"34":{"start":{"line":50,"column":4},"end":{"line":52,"column":null}},"35":{"start":{"line":51,"column":6},"end":{"line":51,"column":null}},"36":{"start":{"line":51,"column":33},"end":{"line":51,"column":null}},"37":{"start":{"line":53,"column":4},"end":{"line":53,"column":null}},"38":{"start":{"l
[...]
},"11":{"name":"(anonymous_25)","decl":{"start":{"line":105,"column":2},"end":{"line":105,"column":8}},"loc":{"start":{"line":105,"column":37},"end":{"line":107,"column":null}}},"12":{"name":"(anonymous_26)","decl":{"start":{"line":109,"column":2},"end":{"line":109,"column":8}},"loc":{"start":{"line":109,"column":37},"end":{"line":111,"column":null}}},"13":{"name":"(anonymous_27)","decl":{"start":{"line":113,"column":2},"end":{"line":113,"column":8}},"loc":{"start":{"line":113,"column":36},"end":{"line":115,"column":null}}},"14":{"name":"(anonymous_28)","decl":{"start":{"line":122,"column":32},"end":{"line":122,"column":33}},"loc":{"start":{"line":122,"column":54},"end":{"line":122,"column":null}}},"15":{"name":"(anonymous_29)","decl":{"start":{"line":123,"column":33},"end":{"line":123,"column":34}},"loc":{"start":{"line":123,"column":55},"end":{"line":123,"column":null}}},"16":{"name":"(anonymous_30)","decl":{"start":{"line":124,"column":35},"end":{"line":124,"column":36}},"loc":{"start":{"line":124,"column":57},"end":{"line":124,"column":null}}},"17":{"name":"(anonymous_31)","decl":{"start":{"line":125,"column":31},"end":{"line":125,"column":32}},"loc":{"start":{"line":125,"column":47},"end":{"line":125,"column":null}}},"18":{"name":"(anonymous_32)","decl":{"start":{"line":126,"column":31},"end":{"line":126,"column":32}},"loc":{"start":{"line":126,"column":47},"end":{"line":126,"column":null}}},"19":{"name":"(anonymous_33)","decl":{"start":{"line":127,"column":30},"end":{"line":127,"column":31}},"loc":{"start":{"line":127,"column":46},"end":{"line":127,"column":null}}},"20":{"name":"(anonymous_34)","decl":{"start":{"line":128,"column":32},"end":{"line":128,"column":33}},"loc":{"start":{"line":128,"column":66},"end":{"line":128,"column":null}}},"21":{"name":"(anonymous_35)","decl":{"start":{"line":129,"column":28},"end":{"line":129,"column":29}},"loc":{"start":{"line":129,"column":65},"end":{"line":129,"column":null}}},"22":{"name":"(anonymous_36)","decl":{"start":{"line":130,"column":32},"end":{"line":130,"column":33}},"loc":{"start":{"line":130,"column":54},"end":{"line":130,"column":null}}},"23":{"name":"(anonymous_37)","decl":{"start":{"line":131,"column":32},"end":{"line":131,"column":33}},"loc":{"start":{"line":131,"column":48},"end":{"line":131,"column":null}}},"24":{"name":"(anonymous_38)","decl":{"start":{"line":132,"column":32},"end":{"line":132,"column":33}},"loc":{"start":{"line":132,"column":48},"end":{"line":132,"column":null}}},"25":{"name":"(anonymous_39)","decl":{"start":{"line":133,"column":31},"end":{"line":133,"column":32}},"loc":{"start":{"line":133,"column":47},"end":{"line":133,"column":null}}}},"branchMap":{"0":{"loc":{"start":{"line":22,"column":4},"end":{"line":22,"column":36}},"type":"default-arg","locations":[{"start":{"line":22,"column":34},"end":{"line":22,"column":36}}]},"1":{"loc":{"start":{"line":44,"column":6},"end":{"line":46,"column":null}},"type":"if","locations":[{"start":{"line":44,"column":6},"end":{"line":46,"column":null}},{"start":{},"end":{}}]},"2":{"loc":{"start":{"line":58,"column":15},"end":{"line":58,"column":null}},"type":"cond-expr","locations":[{"start":{"line":58,"column":40},"end":{"line":58,"column":53}},{"start":{"line":58,"column":56},"end":{"line":58,"column":null}}]},"3":{"loc":{"start":{"line":65,"column":25},"end":{"line":65,"column":41}},"type":"default-arg","locations":[{"start":{"line":65,"column":40},"end":{"line":65,"column":41}}]},"4":{"loc":{"start":{"line":69,"column":26},"end":{"line":69,"column":42}},"type":"default-arg","locations":[{"start":{"line":69,"column":41},"end":{"line":69,"column":42}}]},"5":{"loc":{"start":{"line":73,"column":28},"end":{"line":73,"column":44}},"type":"default-arg","locations":[{"start":{"line":73,"column":43},"end":{"line":73,"column":44}}]},"6":{"loc":{"start":{"line":89,"column":37},"end":{"line":89,"column":53}},"type":"default-arg","locations":[{"start":{"line":89,"column":52},"end":{"line":89,"column":53}}]},"7":{"loc":{"start":{"line":93,"column":36},"end":{"line":93,"column":52}},"type":"default-arg","locations":[{"start":{"line":93,"column":51},"end":{"line":93,"column":52}}]},"8":{"loc":{"start":{"line":101,"column":25},"end":{"line":101,"column":41}},"type":"default-arg","locations":[{"start":{"line":101,"column":40},"end":{"line":101,"column":41}}]},"9":{"loc":{"start":{"line":122,"column":33},"end":{"line":122,"column":49}},"type":"default-arg","locations":[{"start":{"line":122,"column":48},"end":{"line":122,"column":49}}]},"10":{"loc":{"start":{"line":123,"column":34},"end":{"line":123,"column":50}},"type":"default-arg","locations":[{"start":{"line":123,"column":49},"end":{"line":123,"column":50}}]},"11":{"loc":{"start":{"line":124,"column":36},"end":{"line":124,"column":52}},"type":"default-arg","locations":[{"start":{"line":124,"column":51},"end":{"line":124,"column":52}}]},"12":{"loc":{"start":{"line":128,"column":45},"end":{"line":128,"column":61}},"type":"default-arg","locations":[{"start":{"line":128,"column":60},"end":{"line":128,"column":61}}]},"13":{"loc":{"start":{"line":129,"column":44},"end":{"line":129,"column":60}},"type":"default-arg","locations":[{"start":{"line":129,"column":59},"end":{"line":129,"column":60}}]},"14":{"loc":{"start":{"line":130,"column":33},"end":{"line":130,"column":49}},"type":"default-arg","locations":[{"start":{"line":130,"column":48},"end":{"line":130,"column":49}}]}},"s":{"0":0,"1":0,"2":0,"3":0,"4":0,"5":0,"6":0,"7":0,"8":0,"9":0,"10":0,"11":0,"12":0,"13":0,"14":0,"15":0,"16":0,"17":0,"18":0,"19":0,"20":0,"21":0,"22":0,"23":0,"24":0,"25":0,"26":0,"27":0,"28":0,"29":0,"30":0,"31":0,"32":0,"33":0,"34":0,"35":0,"36":0,"37":0,"38":0,"39":0,"40":0,"41":0,"42":0,"43":0,"44":0,"45":0,"46":0,"47":0,"48":0,"49":0,"50":0,"51":0,"52":0,"53":0,"54":0,"55":0,"56":0,"57":0,"58":0,"59":0,"60":0,"61":0,"62":0,"63":0},"f":{"0":0,"1":0,"2":0,"3":0,"4":0,"5":0,"6":0,"7":0,"8":0,"9":0,"10":0,"11":0,"12":0,"13":0,"14":0,"15":0,"16":0,"17":0,"18":0,"19":0,"20":0,"21":0,"22":0,"23":0,"24":0,"25":0},"b":{"0":[0],"1":[0,0],"2":[0,0],"3":[0],"4":[0],"5":[0],"6":[0],"7":[0],"8":[0],"9":[0],"10":[0],"11":[0],"12":[0],"13":[0],"14":[0]}}
,"C:\\Users\\Frances\\Downloads\\new\\src\\utils\\formatting.ts": {"path":"C:\\Users\\Frances\\Downloads\\new\\src\\utils\\formatting.ts","statementMap":{"0":{"start":{"line":66,"column":13},"end":{"line":66,"column":25}},"1":{"start":{"line":120,"column":13},"end":{"line":120,"column":25}},"2":{"start":{"line":6,"column":13},"end":{"line":6,"column":23}},"3":{"start":{"line":104,"column":13},"end":{"line":104,"column":29}},"4":{"start":{"line":58,"column":13},"end":{"line":58,"column":25}},"5":{"start":{"line":134,"column":13},"end":{"line":134,"column":26}},"6":{"start":{"line":26,"column":13},"end":{"line":26,"column":26}},"7":{"start":{"line":41,"column":13},"end":{"line":41,"column":28}},"8":{"start":{"line":85,"column":13},"end":{"line":85,"column":26}},"9":{"start":{"line":112,"column":13},"end":{"line":112,"column":24}},"10":{"start":{"line":96,"column":13},"end":{"line":96,"column":25}},"11":{"start":{"line":6,"column":26},"end":{"line":21,"column":null}},"12":{"start":{"line":7,"column":2},"end":{"line":7,"column":null}},"13":{"start":{"line":7,"column":19},"end":{"line":7,"column":null}},"14":{"start":{"line":9,"column":53},"end":{"line":13,"column":null}},"15":{"start":{"line":15,"column":2},"end":{"line":20,"column":null}},"16":{"start":{"line":16,"column":4},"end":{"line":16,"column":null}},"17":{"start":{"line":18,"column":4},"end":{"line":18,"column":null}},"18":{"start":{"line":19,"column":4},"end":{"line":19,"column":null}},"19":{"start":{"line":26,"column":29},"end":{"line":36,"column":null}},"20":{"start":{"line":27,"column":2},"end":{"line":27,"column":null}},"21":{"start":{"line":27,"column":32},"end":{"line":27,"column":null}},"22":{"start":{"line":29,"column":16},"end":{"line":29,"column":null}},"23":{"start":{"line":30,"column":15},"end":{"line":30,"column":null}},"24":{"start":{"line":32,"column":2},"end":{"line":34,"column":null}},"25":{"start":{"line":33,"column":4},"end":{"line":33,"column":null}},"26":{"start":{"line":35,"column":2},"end":{"line":35,"column":null}},"27":{"start":{"line":41,"column":31},"end":{"line":53,"column":null}},"28":{"start":{"line":42,"column":2},"end":{"line":42,"column":null}},"29":{"start":{"line":42,"column":28},"end":{"line":42,"column":null}},"30":{"start":{"line":44,"column":2},"end":{"line":46,"column":null}},"31":{"start":{"line":45,"column":4},"end":{"line":45,"column":null}},"32":{"start":{"line":48,"column":2},"end":{"line":50,"column":null}},"33":{"start":{"line":49,"column":4},"end":{"line":49,"column":null}},"34":{"start":{"line":52,"column":2},"end":{"line":52,"column":null}},"35":{"start":{"line":58,"column":28},"end":{"line":61,"column":null}},"36":{"start":{"line":59,"column":2},"end":{"line":59,"column":null}},"37":{"start":{"line":59,"column":30},"end":{"line":59,"column":null}},"38":{"start":{"line":60,"column":2},"end":{"line":60,"column":null}},"39":{"start":{"line":66,"column":28},"end":{"line":80,"column":null}},"40":{"start":{"line":67,"column":2},"end":{"line":67,"column":null}},"41":{"start":{"line":67,"column":17},"end":{"line":67,"column":null}},"42":{"start":{"line":69,"column":20},"end":{"line":69,"column":null}},"43":{"start":{"line":70,"column":18},"end":{"line":70,"column":null}},"44":{"start":{"line":72,"column":12},"end":{"line":72,"column":null}},"45":{"start":{"line":73,"column":20},"end":{"line":73,"column":null}},"46":{"start":{"line":75,"column":2},"end":{"line":77,"column":null}},"47":{"start":{"line":76,"column":4},"end":{"line":76,"column":null}},"48":{"start":{"line":79,"column":2},"end":{"line":79,"column":null}},"49":{"start":{"line":85,"column":29},"end":{"line":91,"column":null}},"50":{"start":{"line":86,"column":2},"end":{"line":90,"column":null}},"51":{"start":{"line":87,"column":12},"end":{"line":87,"column":null}},"52":{"start":{"line":88,"column":12},"end":{"line":88,"column":null}},"53":{"start":{"line":89,"column":13},"end":{"line":89,"column":null}},"54":{"start":{"line":96,"column":28},"end":{"line":99,"column":null}},"55":{"start":{"line":97,"column":2},"end":{"line":97,"column":null}},"56":{"start":{"line":97,"column":41},"end":{"line":97,"column":null}},"57":{"start":{"line":98,"column":2},"end":{"line":98,"column":null}},"58":{"start":{"line":104,"column":32},"end":{"line":107,"column":null}},"59":{"start":{"line":105,"column":2},"end":{"line":105,"column":null}},"60":{"start":{"line":105,"column":38},"end":{"line":105,"column":null}},"61":{"start":{"line":106,"column":2},"end":{"line":106,"column":null}},"62":{"start":{"line":112,"column":27},"end":{"line":115,"column":null}},"63":{"start":{"line":113,"column":2},"end":{"line":113,"column":null}},"64":{"start":{"line":113,"column":13},"end":{"line":113,"column":null}},"65":{"start":{"line":114,"column":2},"end":{"line":114,"column":null}},"66":{"start":{"line":120,"column":28},"end":{"line":129,"column":null}},"67":{"start":{"line":121,"column":2},"end":{"line":121,"column":null}},"68":{"start":{"line":121,"column":30},"end":{"line":121,"column":null}},"69":{"start":{"line":123,"column":2},"end":{"line":128,"column":null}},"70":{"start":{"line":134,"column":29},"end":{"line":143,"column":null}},"71":{"start":{"line":135,"column":2},"end":{"line":135,"column":null}},"72":{"start":{"line":135,"column":32},"end":{"line":135,"column":null}},"73":{"start":{"line":137,"column":2},"end":{"line":142,"column":null}}},"fnMap":{"0":{"name":"(anonymous_12)","decl":{"start":{"line":6,"column":26},"end":{"line":6,"column":27}},"loc":{"start":{"line":6,"column":47},"end":{"line":21,"column":null}}},"1":{"name":"(anonymous_13)","decl":{"start":{"line":26,"column":29},"end":{"line":26,"column":30}},"loc":{"start":{"line":26,"column":30},"end":{"line":36,"column":null}}},"2":{"name":"(anonymous_14)","decl":{"start":{"line":41,"column":31},"end":{"line":41,"column":32}},"loc":{"start":{"line":41,"column":32},"end":{"line":53,"column":null}}},"3":{"name":"(anonymous_15)","decl":{"start":{"line":58,"column":28},"end":{"line":58,"column":29}},"loc":{"start":{"line":58,"column":29},"end":{"line":61,"column":null}}},"4":{"name":"(anonymous_16)","decl":{"start":{"line":66,"column":28},"end":{"line":66,"column":29}},"loc":{"start":{"line":66,"column":47},"end":{"line":80,"column":null}}},"5":{"name":"(anonymous_17)","decl":{"start":{"line":85,"column":29},"end":{"line":85,"column":30}},"loc":{"start":{"line":85,"column":30},"end":{"line":91,"column":null}}},"6":{"name":"(anonymous_18)","decl":{"start":{"line":96,"column":28},"end":{"line":96,"column":29}},"loc":{"start":{"line":96,"column":43},"end":{"line":99,"column":null}}},"7":{"name":"(anonymous_19)","decl":{"start":{"line":104,"column":32},"end":{"line":104,"column":33}},"loc":{"start":{"line":104,"column":33},"end":{"line":107,"column":null}}},"8":{"name":"(anonymous_20)","decl":{"start":{"line":112,"column":27},"end":{"line":112,"column":28}},"loc":{"start":{"line":112,"column":63},"end":{"line":115,"column":null}}},"9":{"name":"(anonymous_21)","decl":{"start":{"line":120,"column":28},"end":{"line":120,"column":29}},"loc":{"start":{"line":120,"column":29},"end":{"line":129,"column":null}}},"10":{"name":"(anonymous_22)","decl":{"start":{"line":134,"column":29},"end":{"line":134,"column":30}},"loc":{"start":{"line":134,"column":30},"end":{"line":143,"column":null}}}},"branchMap":{"0":{"loc":{"start":{"line":7,"column":2},"end":{"line":7,"column":null}},"type":"if","locations":[{"start":{"line":7,"column":2},"end":{"line":7,"column":null}},{"start":{},"end":{}}]},"1":{"loc":{"start":{"line":16,"column":60},"end":{"line":16,"column":null}},"type":"binary-expr","locations":[{"start":{"line":16,"column":60},"end":{"line":16,"column":71}},{"start":{"line":16,"column":71},"end":{"line":16,"column":null}}]},"2":{"loc":{"start":{"line":27,"column":2},"end":{"line":27,"column":null}},"type":"if","locations":[{"start":{"line":27,"column":2},"end":{"line":27,"column":null}},{"start":{},"end":{}}]},"3":{"loc":{"start":{"line":27,"column":6},"end":{"line":27,"column":32}},"type":"binary-expr","locations":[{"start":{"line":27,"column":6},"end":{"line":27,"column":18}},{"start":{"line":27,"column":18},"end":{"line":27,"column":32}}]},"4":{"loc":{"start":{"line":32,"column":2},"end":{"line":34,"column":null}},"type":"if","locations":[{"start":{"line":32,"column":2},"end":{"line":34,"column":null}},{"start":{},"end":{}}]},"5":{"loc":{"start":{"line":42,"column":2},"end":{"line":42,"column":null}},"type":"if","locations":[{"start":{"line":42,"column":2},"end":{"line":42,"column":null}},{"start":{},"end":{}}]},"6":{"loc":{"start":{"line":42,"column":6},"end":{"line":42,"column":28}},"type":"binary-expr","locations":[{"start":{"line":42,"column":6},"end":{"line":42,"column":16}},{"start":{"line":42,"column":16},"end":{"line":42,"column":28}}]},"7":{"loc":{"start":{"line":44,"column":2},"end":{"line":46,"column":null}},"type":"if","locations":[{"start":{"line":44,"column":2},"end":{"line":46,"column":null}},{"start":{},"end":{}}]},"8":{"loc":{"start":{"line":48,"column":2},"end":{"line":50,"column":null}},"type":"if","locations":[{"start":{"line":48,"column":2},"end":{"line":50,"column":null}},{"start":{},"end":{}}]},"9":{"loc":{"start":{"line":59,"column":2},"end":{"line":59,"column":null}},"type":"if","locations":[{"start":{"line":59,"column":2},"end":{"line":59,"column":null}},{"start":{},"end":{}}]},"10":{"loc":{"start":{"line":59,"column":6},"end":{"line":59,"column":30}},"type":"binary-expr","locations":[{"start":{"line":59,"column":6},"end":{"line":59,"column":17}},{"start":{"line":59,"column":17},"end":{"line":59,"column":30}}]},"11":{"loc":{"start":{"line":67,"column":2},"end":{"line":67,"column":null}},"type":"if","locations":[{"start":{"line":67,"column":2},"end":{"line":67,"column":null}},{"start":{},"end":{}}]},"12":{"loc":{"start":{"line":70,"column":18},"end":{"line":70,"column":null}},"type":"cond-expr","locations":[{"start":{"line":70,"column":29},"end":{"line":70,"column":50}},{"start":{"line":70,"column":50},"end":{"line":70,"column":null}}]},"13":{"loc":{"start":{"line":75,"column":2},"end":{"line":77,"column":null}},"type":"if","locations":[{"start":{"line":75,"column":2},"end":{"line":77,"column":null}},{"start":{},"end":{}}]},"14":{"loc":{"start":{"line":75,"column":6},"end":{"line":75,"column":85}},"type":"binary-expr","locations":[{"start":{"line":75,"column":6},"end":{"line":75,"column":24}},{"start":{"line":75,"column":24},"end":{"line":75,"column":43}},{"start":{"line":75,"column":43},"end":{"line":75,"column":85}}]},"15":{"loc":{"start":{"line":86,"column":2},"end":{"line":90,"column":null}},"type":"switch","locations":[{"start":{"line":87,"column":4},"end":{"line":87,"column":null}},{"start":{"line":88,"column":4},"end":{"line":88,"column":null}},{"start":{"line":89,"column":4},"end":{"line":89,"column":null}}]},"16":{"loc":{"start":{"line":97,"column":2},"end":{"line":97,"column":null}},"type":"if","locations":[{"start":{"line":97,"column":2},"end":{"line":97,"column":null}},{"start":{},"end":{}}]},"17":{"loc":{"start":{"line":97,"column":6},"end":{"line":97,"column":41}},"type":"binary-expr","locations":[{"start":{"line":97,"column":6},"end":{"line":97,"column":15}},{"start":{"line":97,"column":15},"end":{"line":97,"column":41}}]},"18":{"loc":{"start":{"line":105,"column":2},"end":{"line":105,"column":null}},"type":"if","locations":[{"start":{"line":105,"column":2},"end":{"line":105,"column":null}},{"start":{},"end":{}}]},"19":{"loc":{"start":{"line":105,"column":6},"end":{"line":105,"column":38}},"type":"binary-expr","locations":[{"start":{"line":105,"column":6},"end":{"line":105,"column":21}},{"start":{"line":105,"column":21},"end":{"line":105,"column":38}}]},"20":{"loc":{"start":{"line":112,"column":42},"end":{"line":112,"column":63}},"type":"default-arg","locations":[{"start":{"line":112,"column":57},"end":{"line":112,"column":63}}]},"21":{"loc":{"start":{"line":113,"column":2},"end":{"line":113,"column":null}},"type":"if","locations":[{"start":{"line":113,"column":2},"end":{"line":113,"column":null}},{"start":{},"end":{}}]},"22":{"loc":{"start":{"line":121,"column":2},"end":{"line":121,"column":null}},"type":"if","locations":[{"start":{"line":121,"column":2},"end":{"line":121,"column":null}},{"start":{},"end":{}}]},"23":{"loc":{"start":{"line":121,"column":6},"end":{"line":121,"column":30}},"type":"binary-expr","locations":[{"start":{"line":121,"column":6},"end":{"line":121,"column":17}},{"start":{"line":121,"column":17},"end":{"line":121,"column":30}}]},"24":{"loc":{"start":{"line":135,"column":2},"end":{"line":135,"column":null}},"type":"if","locations":[{"start":{"line":135,"column":2},"end":{"line":135,"column":null}},{"start":{},"end":{}}]},"25":{"loc":{"start":{"line":135,"column":6},"end":{"line":135,"column":32}},"type":"binary-expr","locations":[{"start":{"line":135,"column":6},"end":{"line":135,"column":18}},{"start":{"line":135,"column":18},"end":{"line":135,"column":32}}]}},"s":{"0":0,"1":0,"2":0,"3":0,"4":0,"5":0,"6":0,"7":0,"8":0,"9":0,"10":0,"11":0,"12":0,"13":0,"14":0,"15":0,"16":0,"17":0,"18":0,"19":0,"20":0,"21":0,"22":0,"23":0,"24":0,"25":0,"26":0,"27":0,"28":0,"29":0,"30":0,"31":0,"32":0,"33":0,"34":0,"35":0,"36":0,"37":0,"38":0,"39":0,"40":0,"41":0,"42":0,"43":0,"44":0,"45":0,"46":0,"47":0,"48":0,"49":0,"50":0,"51":0,"52":0,"53":0,"54":0,"55":0,"56":0,"57":0,"58":0,"59":0,"60":0,"61":0,"62":0,"63":0,"64":0,"65":0,"66":0,"67":0,"68":0,"69":0,"70":0,"71":0,"72":0,"73":0},"f":{"0":0,"1":0,"2":0,"3":0,"4":0,"5":0,"6":0,"7":0,"8":0,"9":0,"10":0},"b":{"0":[0,0],"1":[0,0],"2":[0,0],"3":[0,0],"4":[0,0],"5":[0,0],"6":[0,0],"7":[0,0],"8":[0,0],"9":[0,0],"10":[0,0],"11":[0,0],"12":[0,0],"13":[0,0],"14":[0,0,0],"15":[0,0,0],"16":[0,0],"17":[0,0],"18":[0,0],"19":[0,0],"20":[0],"21":[0,0],"22":[0,0],"23":[0,0],"24":[0,0],"25":[0,0]}}
}
