TN:
SF:src\app\layout.tsx
FN:17,RootLayout
FNF:1
FNH:0
FNDA:0,RootLayout
DA:2,0
DA:3,0
DA:4,0
DA:5,0
DA:6,0
DA:7,0
DA:8,0
DA:10,0
DA:12,0
DA:17,0
LF:10
LH:0
BRF:0
BRH:0
end_of_record
TN:
SF:src\app\loading.tsx
FN:3,Loading
FN:14,(anonymous_3)
FN:23,(anonymous_4)
FN:32,(anonymous_5)
FN:40,(anonymous_6)
FNF:5
FNH:0
FNDA:0,Loading
FNDA:0,(anonymous_3)
FNDA:0,(anonymous_4)
FNDA:0,(anonymous_5)
FNDA:0,(anonymous_6)
DA:1,0
DA:3,0
DA:15,0
DA:24,0
DA:33,0
DA:41,0
LF:6
LH:0
BRF:0
BRH:0
end_of_record
TN:
SF:src\app\not-found.tsx
FN:20,NotFound
FN:28,(anonymous_3)
FN:29,(anonymous_4)
FN:30,(anonymous_5)
FN:43,(anonymous_6)
FN:44,(anonymous_7)
FN:44,(anonymous_8)
FN:54,(anonymous_9)
FN:58,(anonymous_10)
FN:59,(anonymous_11)
FN:64,(anonymous_12)
FN:68,(anonymous_13)
FN:70,(anonymous_14)
FN:71,(anonymous_15)
FN:124,(anonymous_16)
FN:199,(anonymous_17)
FN:206,(anonymous_18)
FN:207,(anonymous_19)
FN:232,(anonymous_20)
FN:248,(anonymous_21)
FN:262,(anonymous_22)
FNF:21
FNH:0
FNDA:0,NotFound
FNDA:0,(anonymous_3)
FNDA:0,(anonymous_4)
FNDA:0,(anonymous_5)
FNDA:0,(anonymous_6)
FNDA:0,(anonymous_7)
FNDA:0,(anonymous_8)
FNDA:0,(anonymous_9)
FNDA:0,(anonymous_10)
FNDA:0,(anonymous_11)
FNDA:0,(anonymous_12)
FNDA:0,(anonymous_13)
FNDA:0,(anonymous_14)
FNDA:0,(anonymous_15)
FNDA:0,(anonymous_16)
FNDA:0,(anonymous_17)
FNDA:0,(anonymous_18)
FNDA:0,(anonymous_19)
FNDA:0,(anonymous_20)
FNDA:0,(anonymous_21)
FNDA:0,(anonymous_22)
DA:3,0
DA:4,0
DA:5,0
DA:18,0
DA:20,0
DA:21,0
DA:22,0
DA:23,0
DA:24,0
DA:25,0
DA:28,0
DA:29,0
DA:30,0
DA:38,0
DA:41,0
DA:43,0
DA:44,0
DA:53,0
DA:54,0
DA:58,0
DA:59,0
DA:60,0
DA:63,0
DA:64,0
DA:68,0
DA:69,0
DA:70,0
DA:71,0
DA:73,0
DA:78,0
DA:82,0
DA:113,0
DA:125,0
DA:200,0
DA:201,0
DA:206,0
DA:207,0
DA:232,0
DA:248,0
DA:263,0
DA:264,0
LF:41
LH:0
BRDA:48,0,0,0
BRDA:48,0,1,0
BRDA:48,1,0,0
BRDA:48,1,1,0
BRDA:49,2,0,0
BRDA:49,2,1,0
BRDA:49,3,0,0
BRDA:49,3,1,0
BRDA:69,4,0,0
BRDA:69,4,1,0
BRDA:145,5,0,0
BRDA:145,5,1,0
BRF:12
BRH:0
end_of_record
TN:
SF:src\app\page.tsx
FN:27,Home
FN:58,(anonymous_3)
FN:60,(anonymous_4)
FN:66,(anonymous_5)
FN:74,(anonymous_6)
FN:113,(anonymous_7)
FN:115,(anonymous_8)
FN:117,(anonymous_9)
FN:119,(anonymous_10)
FN:121,(anonymous_11)
FN:123,(anonymous_12)
FN:125,(anonymous_13)
FN:127,(anonymous_14)
FN:138,(anonymous_15)
FN:162,(anonymous_16)
FN:168,(anonymous_18)
FN:205,(anonymous_20)
FNF:17
FNH:0
FNDA:0,Home
FNDA:0,(anonymous_3)
FNDA:0,(anonymous_4)
FNDA:0,(anonymous_5)
FNDA:0,(anonymous_6)
FNDA:0,(anonymous_7)
FNDA:0,(anonymous_8)
FNDA:0,(anonymous_9)
FNDA:0,(anonymous_10)
FNDA:0,(anonymous_11)
FNDA:0,(anonymous_12)
FNDA:0,(anonymous_13)
FNDA:0,(anonymous_14)
FNDA:0,(anonymous_15)
FNDA:0,(anonymous_16)
FNDA:0,(anonymous_18)
FNDA:0,(anonymous_20)
DA:3,0
DA:4,0
DA:14,0
DA:15,0
DA:16,0
DA:17,0
DA:18,0
DA:20,0
DA:21,0
DA:22,0
DA:23,0
DA:27,0
DA:28,0
DA:29,0
DA:30,0
DA:31,0
DA:34,0
DA:35,0
DA:36,0
DA:37,0
DA:39,0
DA:40,0
DA:41,0
DA:43,0
DA:46,0
DA:58,0
DA:59,0
DA:60,0
DA:61,0
DA:62,0
DA:64,0
DA:65,0
DA:66,0
DA:74,0
DA:76,0
DA:77,0
DA:81,0
DA:83,0
DA:85,0
DA:86,0
DA:87,0
DA:88,0
DA:89,0
DA:90,0
DA:91,0
DA:92,0
DA:93,0
DA:94,0
DA:95,0
DA:96,0
DA:97,0
DA:98,0
DA:99,0
DA:100,0
DA:101,0
DA:102,0
DA:103,0
DA:104,0
DA:105,0
DA:106,0
DA:107,0
DA:108,0
DA:109,0
DA:112,0
DA:113,0
DA:114,0
DA:115,0
DA:116,0
DA:117,0
DA:118,0
DA:119,0
DA:120,0
DA:121,0
DA:122,0
DA:123,0
DA:124,0
DA:125,0
DA:126,0
DA:127,0
DA:130,0
DA:131,0
DA:134,0
DA:138,0
DA:139,0
DA:140,0
DA:142,0
DA:154,0
DA:155,0
DA:157,0
DA:158,0
DA:162,0
DA:163,0
DA:169,0
DA:206,0
DA:214,0
LF:95
LH:0
BRDA:58,0,0,0
BRDA:61,1,0,0
BRDA:61,1,1,0
BRDA:76,2,0,0
BRDA:76,2,1,0
BRDA:86,3,0,0
BRDA:86,3,1,0
BRDA:89,4,0,0
BRDA:89,4,1,0
BRDA:92,5,0,0
BRDA:92,5,1,0
BRDA:95,6,0,0
BRDA:95,6,1,0
BRDA:98,7,0,0
BRDA:98,7,1,0
BRDA:101,8,0,0
BRDA:101,8,1,0
BRDA:104,9,0,0
BRDA:104,9,1,0
BRDA:107,10,0,0
BRDA:107,10,1,0
BRDA:112,11,0,0
BRDA:112,11,1,0
BRDA:114,12,0,0
BRDA:114,12,1,0
BRDA:116,13,0,0
BRDA:116,13,1,0
BRDA:118,14,0,0
BRDA:118,14,1,0
BRDA:120,15,0,0
BRDA:120,15,1,0
BRDA:122,16,0,0
BRDA:122,16,1,0
BRDA:124,17,0,0
BRDA:124,17,1,0
BRDA:126,18,0,0
BRDA:126,18,1,0
BRDA:193,19,0,0
BRDA:193,19,1,0
BRDA:214,20,0,0
BRDA:214,20,1,0
BRF:41
BRH:0
end_of_record
TN:
SF:src\app\category\[category]\page.tsx
FN:12,CategoryPage
FNF:1
FNH:0
FNDA:0,CategoryPage
DA:3,0
DA:4,0
DA:5,0
DA:6,0
DA:7,0
DA:8,0
DA:9,0
DA:10,0
DA:12,0
DA:13,0
DA:14,0
DA:15,0
DA:16,0
DA:33,0
DA:35,0
DA:46,0
LF:16
LH:0
BRDA:35,0,0,0
BRDA:35,0,1,0
BRF:2
BRH:0
end_of_record
TN:
SF:src\app\favorites\page.tsx
FN:23,FavoritesPage
FN:35,(anonymous_3)
FN:50,(anonymous_4)
FN:54,(anonymous_5)
FN:66,(anonymous_6)
FN:80,(anonymous_7)
FN:82,(anonymous_8)
FN:85,(anonymous_9)
FN:102,(anonymous_10)
FN:102,(anonymous_11)
FN:136,(anonymous_12)
FN:145,(anonymous_13)
FN:158,(anonymous_14)
FN:168,(anonymous_15)
FN:199,(anonymous_16)
FN:214,(anonymous_17)
FN:218,(anonymous_18)
FN:267,(anonymous_19)
FN:276,(anonymous_20)
FN:321,(anonymous_21)
FNF:20
FNH:0
FNDA:0,FavoritesPage
FNDA:0,(anonymous_3)
FNDA:0,(anonymous_4)
FNDA:0,(anonymous_5)
FNDA:0,(anonymous_6)
FNDA:0,(anonymous_7)
FNDA:0,(anonymous_8)
FNDA:0,(anonymous_9)
FNDA:0,(anonymous_10)
FNDA:0,(anonymous_11)
FNDA:0,(anonymous_12)
FNDA:0,(anonymous_13)
FNDA:0,(anonymous_14)
FNDA:0,(anonymous_15)
FNDA:0,(anonymous_16)
FNDA:0,(anonymous_17)
FNDA:0,(anonymous_18)
FNDA:0,(anonymous_19)
FNDA:0,(anonymous_20)
FNDA:0,(anonymous_21)
DA:3,0
DA:5,0
DA:7,0
DA:8,0
DA:9,0
DA:20,0
DA:21,0
DA:23,0
DA:24,0
DA:25,0
DA:26,0
DA:27,0
DA:28,0
DA:29,0
DA:31,0
DA:32,0
DA:35,0
DA:36,0
DA:37,0
DA:41,0
DA:42,0
DA:50,0
DA:51,0
DA:52,0
DA:54,0
DA:55,0
DA:60,0
DA:61,0
DA:66,0
DA:67,0
DA:68,0
DA:69,0
DA:70,0
DA:72,0
DA:73,0
DA:79,0
DA:81,0
DA:82,0
DA:83,0
DA:86,0
DA:88,0
DA:90,0
DA:92,0
DA:95,0
DA:100,0
DA:102,0
DA:136,0
DA:145,0
DA:158,0
DA:168,0
DA:199,0
DA:214,0
DA:219,0
DA:268,0
DA:277,0
DA:321,0
LF:56
LH:0
BRDA:36,0,0,0
BRDA:36,0,1,0
BRDA:36,1,0,0
BRDA:36,1,1,0
BRDA:39,2,0,0
BRDA:39,2,1,0
BRDA:41,3,0,0
BRDA:41,3,1,0
BRDA:41,4,0,0
BRDA:41,4,1,0
BRDA:57,5,0,0
BRDA:57,5,1,0
BRDA:67,6,0,0
BRDA:67,6,1,0
BRDA:82,7,0,0
BRDA:82,7,1,0
BRDA:83,8,0,0
BRDA:83,8,1,0
BRDA:86,9,0,0
BRDA:86,9,1,0
BRDA:86,9,2,0
BRDA:86,9,3,0
BRDA:86,9,4,0
BRDA:88,10,0,0
BRDA:88,10,1,0
BRDA:88,11,0,0
BRDA:88,11,1,0
BRDA:90,12,0,0
BRDA:90,12,1,0
BRDA:90,13,0,0
BRDA:90,13,1,0
BRDA:92,14,0,0
BRDA:92,14,1,0
BRDA:92,15,0,0
BRDA:92,15,1,0
BRDA:102,16,0,0
BRDA:102,16,1,0
BRDA:117,17,0,0
BRDA:117,17,1,0
BRDA:118,18,0,0
BRDA:118,18,1,0
BRDA:118,19,0,0
BRDA:118,19,1,0
BRDA:125,20,0,0
BRDA:147,21,0,0
BRDA:147,21,1,0
BRDA:160,22,0,0
BRDA:160,22,1,0
BRDA:170,23,0,0
BRDA:170,23,1,0
BRDA:191,24,0,0
BRDA:233,25,0,0
BRDA:248,26,0,0
BRDA:260,27,0,0
BRDA:260,27,1,0
BRDA:266,28,0,0
BRDA:285,29,0,0
BRDA:287,30,0,0
BRDA:287,30,1,0
BRF:59
BRH:0
end_of_record
TN:
SF:src\app\favorites\people\page.tsx
FN:11,PeopleFavoritesPage
FN:23,(anonymous_3)
FN:38,(anonymous_4)
FN:42,(anonymous_5)
FN:54,(anonymous_6)
FN:68,(anonymous_7)
FN:75,(anonymous_8)
FN:92,(anonymous_9)
FN:126,(anonymous_10)
FN:135,(anonymous_11)
FN:148,(anonymous_12)
FN:158,(anonymous_13)
FN:189,(anonymous_14)
FN:204,(anonymous_15)
FN:208,(anonymous_16)
FN:257,(anonymous_17)
FN:266,(anonymous_18)
FN:313,(anonymous_19)
FNF:18
FNH:0
FNDA:0,PeopleFavoritesPage
FNDA:0,(anonymous_3)
FNDA:0,(anonymous_4)
FNDA:0,(anonymous_5)
FNDA:0,(anonymous_6)
FNDA:0,(anonymous_7)
FNDA:0,(anonymous_8)
FNDA:0,(anonymous_9)
FNDA:0,(anonymous_10)
FNDA:0,(anonymous_11)
FNDA:0,(anonymous_12)
FNDA:0,(anonymous_13)
FNDA:0,(anonymous_14)
FNDA:0,(anonymous_15)
FNDA:0,(anonymous_16)
FNDA:0,(anonymous_17)
FNDA:0,(anonymous_18)
FNDA:0,(anonymous_19)
DA:3,0
DA:4,0
DA:5,0
DA:6,0
DA:7,0
DA:8,0
DA:9,0
DA:11,0
DA:12,0
DA:13,0
DA:14,0
DA:15,0
DA:16,0
DA:17,0
DA:19,0
DA:20,0
DA:23,0
DA:24,0
DA:25,0
DA:29,0
DA:30,0
DA:38,0
DA:39,0
DA:40,0
DA:42,0
DA:43,0
DA:48,0
DA:49,0
DA:54,0
DA:55,0
DA:56,0
DA:57,0
DA:58,0
DA:60,0
DA:61,0
DA:67,0
DA:69,0
DA:70,0
DA:73,0
DA:76,0
DA:78,0
DA:80,0
DA:82,0
DA:85,0
DA:90,0
DA:92,0
DA:126,0
DA:135,0
DA:148,0
DA:158,0
DA:189,0
DA:204,0
DA:209,0
DA:258,0
DA:267,0
DA:313,0
LF:56
LH:0
BRDA:24,0,0,0
BRDA:24,0,1,0
BRDA:24,1,0,0
BRDA:24,1,1,0
BRDA:27,2,0,0
BRDA:27,2,1,0
BRDA:29,3,0,0
BRDA:29,3,1,0
BRDA:29,4,0,0
BRDA:29,4,1,0
BRDA:45,5,0,0
BRDA:45,5,1,0
BRDA:55,6,0,0
BRDA:55,6,1,0
BRDA:70,7,0,0
BRDA:70,7,1,0
BRDA:73,8,0,0
BRDA:73,8,1,0
BRDA:76,9,0,0
BRDA:76,9,1,0
BRDA:76,9,2,0
BRDA:76,9,3,0
BRDA:76,9,4,0
BRDA:80,10,0,0
BRDA:80,10,1,0
BRDA:80,11,0,0
BRDA:80,11,1,0
BRDA:82,12,0,0
BRDA:82,12,1,0
BRDA:82,13,0,0
BRDA:82,13,1,0
BRDA:107,14,0,0
BRDA:107,14,1,0
BRDA:108,15,0,0
BRDA:108,15,1,0
BRDA:108,16,0,0
BRDA:108,16,1,0
BRDA:115,17,0,0
BRDA:137,18,0,0
BRDA:137,18,1,0
BRDA:150,19,0,0
BRDA:150,19,1,0
BRDA:160,20,0,0
BRDA:160,20,1,0
BRDA:181,21,0,0
BRDA:223,22,0,0
BRDA:238,23,0,0
BRDA:250,24,0,0
BRDA:250,24,1,0
BRDA:256,25,0,0
BRDA:275,26,0,0
BRDA:294,27,0,0
BRDA:299,28,0,0
BRDA:306,29,0,0
BRDA:306,29,1,0
BRF:55
BRH:0
end_of_record
TN:
SF:src\app\favorites\tv\page.tsx
FN:24,TVFavoritesPage
FN:36,(anonymous_3)
FN:51,(anonymous_4)
FN:55,(anonymous_5)
FN:67,(anonymous_6)
FN:81,(anonymous_7)
FN:83,(anonymous_8)
FN:86,(anonymous_9)
FN:103,(anonymous_10)
FN:103,(anonymous_11)
FN:137,(anonymous_12)
FN:146,(anonymous_13)
FN:159,(anonymous_14)
FN:169,(anonymous_15)
FN:200,(anonymous_16)
FN:215,(anonymous_17)
FN:219,(anonymous_18)
FN:268,(anonymous_19)
FN:277,(anonymous_20)
FN:322,(anonymous_21)
FNF:20
FNH:0
FNDA:0,TVFavoritesPage
FNDA:0,(anonymous_3)
FNDA:0,(anonymous_4)
FNDA:0,(anonymous_5)
FNDA:0,(anonymous_6)
FNDA:0,(anonymous_7)
FNDA:0,(anonymous_8)
FNDA:0,(anonymous_9)
FNDA:0,(anonymous_10)
FNDA:0,(anonymous_11)
FNDA:0,(anonymous_12)
FNDA:0,(anonymous_13)
FNDA:0,(anonymous_14)
FNDA:0,(anonymous_15)
FNDA:0,(anonymous_16)
FNDA:0,(anonymous_17)
FNDA:0,(anonymous_18)
FNDA:0,(anonymous_19)
FNDA:0,(anonymous_20)
FNDA:0,(anonymous_21)
DA:3,0
DA:5,0
DA:7,0
DA:8,0
DA:9,0
DA:21,0
DA:22,0
DA:24,0
DA:25,0
DA:26,0
DA:27,0
DA:28,0
DA:29,0
DA:30,0
DA:32,0
DA:33,0
DA:36,0
DA:37,0
DA:38,0
DA:42,0
DA:43,0
DA:51,0
DA:52,0
DA:53,0
DA:55,0
DA:56,0
DA:61,0
DA:62,0
DA:67,0
DA:68,0
DA:69,0
DA:70,0
DA:71,0
DA:73,0
DA:74,0
DA:80,0
DA:82,0
DA:83,0
DA:84,0
DA:87,0
DA:89,0
DA:91,0
DA:93,0
DA:96,0
DA:101,0
DA:103,0
DA:137,0
DA:146,0
DA:159,0
DA:169,0
DA:200,0
DA:215,0
DA:220,0
DA:269,0
DA:278,0
DA:322,0
LF:56
LH:0
BRDA:37,0,0,0
BRDA:37,0,1,0
BRDA:37,1,0,0
BRDA:37,1,1,0
BRDA:40,2,0,0
BRDA:40,2,1,0
BRDA:42,3,0,0
BRDA:42,3,1,0
BRDA:42,4,0,0
BRDA:42,4,1,0
BRDA:58,5,0,0
BRDA:58,5,1,0
BRDA:68,6,0,0
BRDA:68,6,1,0
BRDA:83,7,0,0
BRDA:83,7,1,0
BRDA:84,8,0,0
BRDA:84,8,1,0
BRDA:87,9,0,0
BRDA:87,9,1,0
BRDA:87,9,2,0
BRDA:87,9,3,0
BRDA:87,9,4,0
BRDA:89,10,0,0
BRDA:89,10,1,0
BRDA:89,11,0,0
BRDA:89,11,1,0
BRDA:91,12,0,0
BRDA:91,12,1,0
BRDA:91,13,0,0
BRDA:91,13,1,0
BRDA:93,14,0,0
BRDA:93,14,1,0
BRDA:93,15,0,0
BRDA:93,15,1,0
BRDA:103,16,0,0
BRDA:103,16,1,0
BRDA:118,17,0,0
BRDA:118,17,1,0
BRDA:119,18,0,0
BRDA:119,18,1,0
BRDA:119,19,0,0
BRDA:119,19,1,0
BRDA:126,20,0,0
BRDA:148,21,0,0
BRDA:148,21,1,0
BRDA:161,22,0,0
BRDA:161,22,1,0
BRDA:171,23,0,0
BRDA:171,23,1,0
BRDA:192,24,0,0
BRDA:234,25,0,0
BRDA:249,26,0,0
BRDA:261,27,0,0
BRDA:261,27,1,0
BRDA:267,28,0,0
BRDA:286,29,0,0
BRDA:288,30,0,0
BRDA:288,30,1,0
BRF:59
BRH:0
end_of_record
TN:
SF:src\app\genre\[id]\page.tsx
FN:13,GenrePage
FN:34,(anonymous_3)
FN:36,(anonymous_4)
FN:42,(anonymous_5)
FN:49,(anonymous_6)
FN:51,(anonymous_7)
FN:53,(anonymous_8)
FN:62,(anonymous_9)
FN:63,(anonymous_10)
FN:77,(anonymous_11)
FN:96,(anonymous_12)
FN:97,(anonymous_13)
FN:102,(anonymous_14)
FN:106,(anonymous_15)
FN:109,(anonymous_16)
FN:117,(anonymous_17)
FN:127,(anonymous_18)
FN:209,(anonymous_19)
FN:220,(anonymous_20)
FN:232,(anonymous_21)
FN:252,(anonymous_22)
FN:261,(anonymous_23)
FN:287,(anonymous_24)
FNF:23
FNH:0
FNDA:0,GenrePage
FNDA:0,(anonymous_3)
FNDA:0,(anonymous_4)
FNDA:0,(anonymous_5)
FNDA:0,(anonymous_6)
FNDA:0,(anonymous_7)
FNDA:0,(anonymous_8)
FNDA:0,(anonymous_9)
FNDA:0,(anonymous_10)
FNDA:0,(anonymous_11)
FNDA:0,(anonymous_12)
FNDA:0,(anonymous_13)
FNDA:0,(anonymous_14)
FNDA:0,(anonymous_15)
FNDA:0,(anonymous_16)
FNDA:0,(anonymous_17)
FNDA:0,(anonymous_18)
FNDA:0,(anonymous_19)
FNDA:0,(anonymous_20)
FNDA:0,(anonymous_21)
FNDA:0,(anonymous_22)
FNDA:0,(anonymous_23)
FNDA:0,(anonymous_24)
DA:3,0
DA:4,0
DA:5,0
DA:6,0
DA:8,0
DA:9,0
DA:10,0
DA:11,0
DA:13,0
DA:14,0
DA:15,0
DA:16,0
DA:17,0
DA:19,0
DA:20,0
DA:21,0
DA:22,0
DA:23,0
DA:24,0
DA:25,0
DA:26,0
DA:27,0
DA:28,0
DA:29,0
DA:31,0
DA:34,0
DA:35,0
DA:36,0
DA:37,0
DA:38,0
DA:40,0
DA:41,0
DA:42,0
DA:49,0
DA:50,0
DA:51,0
DA:53,0
DA:56,0
DA:57,0
DA:58,0
DA:59,0
DA:60,0
DA:62,0
DA:63,0
DA:64,0
DA:65,0
DA:68,0
DA:69,0
DA:71,0
DA:74,0
DA:75,0
DA:77,0
DA:80,0
DA:82,0
DA:83,0
DA:84,0
DA:86,0
DA:90,0
DA:91,0
DA:96,0
DA:97,0
DA:98,0
DA:102,0
DA:105,0
DA:106,0
DA:109,0
DA:110,0
DA:111,0
DA:112,0
DA:116,0
DA:118,0
DA:119,0
DA:121,0
DA:128,0
DA:130,0
DA:132,0
DA:133,0
DA:135,0
DA:136,0
DA:138,0
DA:139,0
DA:140,0
DA:141,0
DA:144,0
DA:147,0
DA:164,0
DA:165,0
DA:209,0
DA:220,0
DA:232,0
DA:252,0
DA:261,0
DA:288,0
LF:93
LH:0
BRDA:17,0,0,0
BRDA:17,0,1,0
BRDA:37,1,0,0
BRDA:37,1,1,0
BRDA:50,2,0,0
BRDA:50,2,1,0
BRDA:57,3,0,0
BRDA:57,3,1,0
BRDA:58,4,0,0
BRDA:58,4,1,0
BRDA:59,5,0,0
BRDA:59,5,1,0
BRDA:60,6,0,0
BRDA:60,6,1,0
BRDA:68,7,0,0
BRDA:68,7,1,0
BRDA:74,8,0,0
BRDA:74,8,1,0
BRDA:75,9,0,0
BRDA:75,9,1,0
BRDA:77,10,0,0
BRDA:77,10,1,0
BRDA:80,11,0,0
BRDA:80,11,1,0
BRDA:83,12,0,0
BRDA:83,12,1,0
BRDA:84,13,0,0
BRDA:84,13,1,0
BRDA:90,14,0,0
BRDA:90,14,1,0
BRDA:98,15,0,0
BRDA:98,15,1,0
BRDA:99,16,0,0
BRDA:99,16,1,0
BRDA:99,16,2,0
BRDA:118,17,0,0
BRDA:118,17,1,0
BRDA:119,18,0,0
BRDA:119,18,1,0
BRDA:122,19,0,0
BRDA:122,19,1,0
BRDA:122,19,2,0
BRDA:122,19,3,0
BRDA:122,19,4,0
BRDA:122,19,5,0
BRDA:122,19,6,0
BRDA:122,19,7,0
BRDA:122,19,8,0
BRDA:130,20,0,0
BRDA:130,20,1,0
BRDA:130,20,2,0
BRDA:132,21,0,0
BRDA:132,21,1,0
BRDA:132,22,0,0
BRDA:132,22,1,0
BRDA:135,23,0,0
BRDA:135,23,1,0
BRDA:135,24,0,0
BRDA:135,24,1,0
BRDA:138,25,0,0
BRDA:138,25,1,0
BRDA:139,26,0,0
BRDA:139,26,1,0
BRDA:140,27,0,0
BRDA:140,27,1,0
BRDA:140,28,0,0
BRDA:140,28,1,0
BRDA:144,29,0,0
BRDA:144,29,1,0
BRDA:147,30,0,0
BRDA:147,30,1,0
BRDA:154,31,0,0
BRDA:154,31,1,0
BRDA:164,32,0,0
BRDA:164,32,1,0
BRDA:165,33,0,0
BRDA:165,33,1,0
BRDA:180,34,0,0
BRDA:187,35,0,0
BRDA:192,36,0,0
BRDA:222,37,0,0
BRDA:222,37,1,0
BRDA:234,38,0,0
BRDA:234,38,1,0
BRDA:261,39,0,0
BRDA:261,39,1,0
BRDA:264,40,0,0
BRDA:264,40,1,0
BRDA:266,41,0,0
BRDA:274,42,0,0
BRDA:286,43,0,0
BRDA:286,43,1,0
BRDA:297,44,0,0
BRDA:297,44,1,0
BRDA:300,45,0,0
BRDA:305,46,0,0
BRDA:305,46,1,0
BRDA:310,47,0,0
BRF:98
BRH:0
end_of_record
TN:
SF:src\app\movie\[slug]\page.tsx
FN:39,MoviePage
FN:74,(anonymous_3)
FN:80,(anonymous_4)
FN:85,(anonymous_5)
FN:86,(anonymous_6)
FN:104,(anonymous_7)
FN:148,(anonymous_8)
FN:162,(anonymous_9)
FN:179,(anonymous_10)
FN:181,(anonymous_11)
FN:188,(anonymous_12)
FN:197,(anonymous_13)
FN:240,(anonymous_14)
FN:246,(anonymous_15)
FN:343,(anonymous_16)
FN:402,(anonymous_17)
FN:407,(anonymous_18)
FN:443,(anonymous_19)
FN:489,(anonymous_20)
FN:549,(anonymous_21)
FN:590,(anonymous_22)
FN:614,(anonymous_23)
FNF:22
FNH:0
FNDA:0,MoviePage
FNDA:0,(anonymous_3)
FNDA:0,(anonymous_4)
FNDA:0,(anonymous_5)
FNDA:0,(anonymous_6)
FNDA:0,(anonymous_7)
FNDA:0,(anonymous_8)
FNDA:0,(anonymous_9)
FNDA:0,(anonymous_10)
FNDA:0,(anonymous_11)
FNDA:0,(anonymous_12)
FNDA:0,(anonymous_13)
FNDA:0,(anonymous_14)
FNDA:0,(anonymous_15)
FNDA:0,(anonymous_16)
FNDA:0,(anonymous_17)
FNDA:0,(anonymous_18)
FNDA:0,(anonymous_19)
FNDA:0,(anonymous_20)
FNDA:0,(anonymous_21)
FNDA:0,(anonymous_22)
FNDA:0,(anonymous_23)
DA:3,0
DA:10,0
DA:12,0
DA:26,0
DA:27,0
DA:28,0
DA:29,0
DA:30,0
DA:31,0
DA:32,0
DA:39,0
DA:40,0
DA:41,0
DA:42,0
DA:43,0
DA:44,0
DA:45,0
DA:46,0
DA:49,0
DA:50,0
DA:51,0
DA:54,0
DA:57,0
DA:60,0
DA:61,0
DA:64,0
DA:67,0
DA:70,0
DA:74,0
DA:75,0
DA:78,0
DA:80,0
DA:81,0
DA:82,0
DA:85,0
DA:86,0
DA:87,0
DA:88,0
DA:89,0
DA:90,0
DA:91,0
DA:93,0
DA:94,0
DA:95,0
DA:99,0
DA:100,0
DA:101,0
DA:104,0
DA:105,0
DA:106,0
DA:107,0
DA:109,0
DA:110,0
DA:113,0
DA:121,0
DA:122,0
DA:123,0
DA:124,0
DA:125,0
DA:127,0
DA:128,0
DA:131,0
DA:132,0
DA:133,0
DA:135,0
DA:136,0
DA:140,0
DA:141,0
DA:142,0
DA:143,0
DA:144,0
DA:148,0
DA:149,0
DA:151,0
DA:153,0
DA:154,0
DA:155,0
DA:157,0
DA:158,0
DA:162,0
DA:163,0
DA:164,0
DA:165,0
DA:171,0
DA:174,0
DA:175,0
DA:179,0
DA:180,0
DA:181,0
DA:182,0
DA:185,0
DA:186,0
DA:187,0
DA:188,0
DA:189,0
DA:190,0
DA:191,0
DA:194,0
DA:195,0
DA:196,0
DA:197,0
DA:198,0
DA:199,0
DA:200,0
DA:204,0
DA:208,0
DA:219,0
DA:240,0
DA:241,0
DA:242,0
DA:243,0
DA:246,0
DA:247,0
DA:344,0
DA:403,0
DA:404,0
DA:407,0
DA:443,0
DA:490,0
DA:550,0
DA:591,0
DA:615,0
LF:122
LH:0
BRDA:64,0,0,0
BRDA:64,0,1,0
BRDA:67,1,0,0
BRDA:67,1,1,0
BRDA:70,2,0,0
BRDA:70,2,1,0
BRDA:78,3,0,0
BRDA:78,3,1,0
BRDA:89,4,0,0
BRDA:89,4,1,0
BRDA:99,5,0,0
BRDA:99,5,1,0
BRDA:109,6,0,0
BRDA:109,6,1,0
BRDA:127,7,0,0
BRDA:127,7,1,0
BRDA:140,8,0,0
BRDA:140,8,1,0
BRDA:140,9,0,0
BRDA:140,9,1,0
BRDA:140,9,2,0
BRDA:142,10,0,0
BRDA:142,10,1,0
BRDA:149,11,0,0
BRDA:149,11,1,0
BRDA:153,12,0,0
BRDA:153,12,1,0
BRDA:163,13,0,0
BRDA:163,13,1,0
BRDA:166,14,0,0
BRDA:166,14,1,0
BRDA:180,15,0,0
BRDA:180,15,1,0
BRDA:182,16,0,0
BRDA:182,16,1,0
BRDA:185,17,0,0
BRDA:185,17,1,0
BRDA:190,18,0,0
BRDA:190,18,1,0
BRDA:194,19,0,0
BRDA:194,19,1,0
BRDA:199,20,0,0
BRDA:199,20,1,0
BRDA:208,21,0,0
BRDA:208,21,1,0
BRDA:219,22,0,0
BRDA:219,22,1,0
BRDA:219,23,0,0
BRDA:219,23,1,0
BRDA:227,24,0,0
BRDA:227,24,1,0
BRDA:280,25,0,0
BRDA:280,25,1,0
BRDA:284,26,0,0
BRDA:284,26,1,0
BRDA:286,27,0,0
BRDA:286,27,1,0
BRDA:309,28,0,0
BRDA:323,29,0,0
BRDA:329,30,0,0
BRDA:341,31,0,0
BRDA:341,31,1,0
BRDA:356,32,0,0
BRDA:371,33,0,0
BRDA:371,33,1,0
BRDA:408,34,0,0
BRDA:408,34,1,0
BRDA:423,35,0,0
BRDA:433,36,0,0
BRDA:433,36,1,0
BRDA:435,37,0,0
BRDA:435,37,1,0
BRDA:437,38,0,0
BRDA:437,38,1,0
BRDA:441,39,0,0
BRDA:446,40,0,0
BRDA:446,40,1,0
BRDA:459,41,0,0
BRDA:459,41,1,0
BRDA:469,42,0,0
BRDA:488,43,0,0
BRDA:487,44,0,0
BRDA:487,44,1,0
BRDA:492,45,0,0
BRDA:492,45,1,0
BRDA:497,46,0,0
BRDA:522,47,0,0
BRDA:522,47,1,0
BRDA:525,48,0,0
BRDA:525,48,1,0
BRDA:557,49,0,0
BRDA:583,50,0,0
BRDA:597,51,0,0
BRDA:603,52,0,0
BRDA:603,52,1,0
BRDA:607,53,0,0
BRF:96
BRH:0
end_of_record
TN:
SF:src\app\movies\page.tsx
FN:31,MoviesPage
FN:41,(anonymous_3)
FN:60,(anonymous_4)
FN:62,(anonymous_5)
FN:68,(anonymous_6)
FN:75,(anonymous_7)
FN:80,(anonymous_8)
FN:81,(anonymous_9)
FN:83,(anonymous_10)
FN:88,(anonymous_11)
FN:89,(anonymous_12)
FN:109,(anonymous_13)
FN:116,(anonymous_14)
FN:121,(anonymous_15)
FN:123,(anonymous_16)
FN:125,(anonymous_17)
FN:131,(anonymous_18)
FN:142,(anonymous_19)
FN:147,(anonymous_20)
FN:147,(anonymous_21)
FN:148,(anonymous_22)
FN:151,(anonymous_23)
FN:152,(anonymous_24)
FN:155,(anonymous_25)
FN:155,(anonymous_26)
FN:160,(anonymous_27)
FN:160,(anonymous_28)
FN:160,(anonymous_29)
FN:166,(anonymous_30)
FN:195,(anonymous_31)
FN:225,(anonymous_32)
FN:231,(anonymous_33)
FN:239,(anonymous_34)
FN:246,(anonymous_35)
FN:252,(anonymous_36)
FN:260,(anonymous_37)
FN:265,(anonymous_38)
FN:270,(anonymous_39)
FN:274,(anonymous_40)
FN:280,(anonymous_41)
FN:294,(anonymous_42)
FN:299,(anonymous_43)
FN:300,(anonymous_44)
FN:302,(anonymous_45)
FN:307,(anonymous_46)
FN:310,(anonymous_47)
FN:314,(anonymous_48)
FN:317,(anonymous_49)
FN:321,(anonymous_50)
FN:329,(anonymous_51)
FN:337,(anonymous_53)
FN:416,(anonymous_54)
FN:454,(anonymous_55)
FN:465,(anonymous_56)
FN:476,(anonymous_57)
FN:487,(anonymous_58)
FN:501,(anonymous_59)
FN:516,(anonymous_60)
FN:537,(anonymous_61)
FN:540,(anonymous_62)
FN:576,(anonymous_63)
FN:591,(anonymous_64)
FN:625,(anonymous_65)
FN:669,(anonymous_66)
FN:688,(anonymous_67)
FN:699,(anonymous_68)
FN:705,(anonymous_69)
FN:720,(anonymous_70)
FN:730,(anonymous_71)
FN:765,(anonymous_72)
FN:771,(anonymous_73)
FN:771,(anonymous_74)
FN:780,(anonymous_75)
FN:806,(anonymous_76)
FN:812,(anonymous_77)
FNF:75
FNH:0
FNDA:0,MoviesPage
FNDA:0,(anonymous_3)
FNDA:0,(anonymous_4)
FNDA:0,(anonymous_5)
FNDA:0,(anonymous_6)
FNDA:0,(anonymous_7)
FNDA:0,(anonymous_8)
FNDA:0,(anonymous_9)
FNDA:0,(anonymous_10)
FNDA:0,(anonymous_11)
FNDA:0,(anonymous_12)
FNDA:0,(anonymous_13)
FNDA:0,(anonymous_14)
FNDA:0,(anonymous_15)
FNDA:0,(anonymous_16)
FNDA:0,(anonymous_17)
FNDA:0,(anonymous_18)
FNDA:0,(anonymous_19)
FNDA:0,(anonymous_20)
FNDA:0,(anonymous_21)
FNDA:0,(anonymous_22)
FNDA:0,(anonymous_23)
FNDA:0,(anonymous_24)
FNDA:0,(anonymous_25)
FNDA:0,(anonymous_26)
FNDA:0,(anonymous_27)
FNDA:0,(anonymous_28)
FNDA:0,(anonymous_29)
FNDA:0,(anonymous_30)
FNDA:0,(anonymous_31)
FNDA:0,(anonymous_32)
FNDA:0,(anonymous_33)
FNDA:0,(anonymous_34)
FNDA:0,(anonymous_35)
FNDA:0,(anonymous_36)
FNDA:0,(anonymous_37)
FNDA:0,(anonymous_38)
FNDA:0,(anonymous_39)
FNDA:0,(anonymous_40)
FNDA:0,(anonymous_41)
FNDA:0,(anonymous_42)
FNDA:0,(anonymous_43)
FNDA:0,(anonymous_44)
FNDA:0,(anonymous_45)
FNDA:0,(anonymous_46)
FNDA:0,(anonymous_47)
FNDA:0,(anonymous_48)
FNDA:0,(anonymous_49)
FNDA:0,(anonymous_50)
FNDA:0,(anonymous_51)
FNDA:0,(anonymous_53)
FNDA:0,(anonymous_54)
FNDA:0,(anonymous_55)
FNDA:0,(anonymous_56)
FNDA:0,(anonymous_57)
FNDA:0,(anonymous_58)
FNDA:0,(anonymous_59)
FNDA:0,(anonymous_60)
FNDA:0,(anonymous_61)
FNDA:0,(anonymous_62)
FNDA:0,(anonymous_63)
FNDA:0,(anonymous_64)
FNDA:0,(anonymous_65)
FNDA:0,(anonymous_66)
FNDA:0,(anonymous_67)
FNDA:0,(anonymous_68)
FNDA:0,(anonymous_69)
FNDA:0,(anonymous_70)
FNDA:0,(anonymous_71)
FNDA:0,(anonymous_72)
FNDA:0,(anonymous_73)
FNDA:0,(anonymous_74)
FNDA:0,(anonymous_75)
FNDA:0,(anonymous_76)
FNDA:0,(anonymous_77)
DA:3,0
DA:4,0
DA:11,0
DA:13,0
DA:14,0
DA:15,0
DA:26,0
DA:27,0
DA:31,0
DA:32,0
DA:33,0
DA:34,0
DA:35,0
DA:38,0
DA:39,0
DA:40,0
DA:41,0
DA:44,0
DA:45,0
DA:46,0
DA:49,0
DA:50,0
DA:56,0
DA:57,0
DA:60,0
DA:61,0
DA:62,0
DA:63,0
DA:64,0
DA:66,0
DA:67,0
DA:68,0
DA:75,0
DA:76,0
DA:80,0
DA:81,0
DA:82,0
DA:83,0
DA:87,0
DA:88,0
DA:89,0
DA:90,0
DA:95,0
DA:96,0
DA:97,0
DA:98,0
DA:99,0
DA:103,0
DA:104,0
DA:109,0
DA:110,0
DA:111,0
DA:116,0
DA:117,0
DA:119,0
DA:121,0
DA:123,0
DA:125,0
DA:126,0
DA:127,0
DA:128,0
DA:131,0
DA:132,0
DA:133,0
DA:134,0
DA:137,0
DA:142,0
DA:143,0
DA:144,0
DA:147,0
DA:148,0
DA:151,0
DA:152,0
DA:153,0
DA:154,0
DA:155,0
DA:157,0
DA:160,0
DA:166,0
DA:167,0
DA:168,0
DA:170,0
DA:171,0
DA:174,0
DA:177,0
DA:179,0
DA:180,0
DA:182,0
DA:183,0
DA:185,0
DA:186,0
DA:188,0
DA:189,0
DA:191,0
DA:194,0
DA:195,0
DA:199,0
DA:204,0
DA:207,0
DA:210,0
DA:212,0
DA:213,0
DA:216,0
DA:217,0
DA:218,0
DA:220,0
DA:225,0
DA:226,0
DA:231,0
DA:233,0
DA:239,0
DA:241,0
DA:242,0
DA:246,0
DA:248,0
DA:249,0
DA:250,0
DA:252,0
DA:257,0
DA:260,0
DA:265,0
DA:266,0
DA:267,0
DA:269,0
DA:270,0
DA:271,0
DA:274,0
DA:275,0
DA:278,0
DA:279,0
DA:280,0
DA:281,0
DA:286,0
DA:289,0
DA:290,0
DA:294,0
DA:295,0
DA:299,0
DA:300,0
DA:301,0
DA:302,0
DA:303,0
DA:306,0
DA:307,0
DA:308,0
DA:311,0
DA:314,0
DA:317,0
DA:321,0
DA:322,0
DA:323,0
DA:324,0
DA:329,0
DA:330,0
DA:331,0
DA:338,0
DA:343,0
DA:416,0
DA:454,0
DA:465,0
DA:476,0
DA:487,0
DA:501,0
DA:517,0
DA:518,0
DA:519,0
DA:520,0
DA:538,0
DA:540,0
DA:577,0
DA:592,0
DA:593,0
DA:594,0
DA:595,0
DA:596,0
DA:597,0
DA:625,0
DA:670,0
DA:671,0
DA:672,0
DA:673,0
DA:689,0
DA:700,0
DA:706,0
DA:721,0
DA:722,0
DA:723,0
DA:731,0
DA:732,0
DA:765,0
DA:771,0
DA:781,0
DA:782,0
DA:783,0
DA:785,0
DA:807,0
DA:813,0
LF:197
LH:0
BRDA:63,0,0,0
BRDA:63,0,1,0
BRDA:82,1,0,0
BRDA:82,1,1,0
BRDA:87,2,0,0
BRDA:87,2,1,0
BRDA:95,3,0,0
BRDA:95,3,1,0
BRDA:110,4,0,0
BRDA:110,4,1,0
BRDA:119,5,0,0
BRDA:119,5,1,0
BRDA:119,5,2,0
BRDA:119,5,3,0
BRDA:119,5,4,0
BRDA:121,6,0,0
BRDA:121,6,1,0
BRDA:121,7,0,0
BRDA:121,7,1,0
BRDA:123,8,0,0
BRDA:123,8,1,0
BRDA:123,9,0,0
BRDA:123,9,1,0
BRDA:126,10,0,0
BRDA:126,10,1,0
BRDA:127,11,0,0
BRDA:127,11,1,0
BRDA:132,12,0,0
BRDA:132,12,1,0
BRDA:133,13,0,0
BRDA:133,13,1,0
BRDA:143,14,0,0
BRDA:143,14,1,0
BRDA:147,15,0,0
BRDA:147,15,1,0
BRDA:148,16,0,0
BRDA:148,16,1,0
BRDA:151,17,0,0
BRDA:151,17,1,0
BRDA:154,18,0,0
BRDA:154,18,1,0
BRDA:160,19,0,0
BRDA:160,19,1,0
BRDA:177,20,0,0
BRDA:177,20,1,0
BRDA:177,20,2,0
BRDA:177,20,3,0
BRDA:177,20,4,0
BRDA:194,21,0,0
BRDA:194,21,1,0
BRDA:241,22,0,0
BRDA:241,22,1,0
BRDA:250,23,0,0
BRDA:250,23,1,0
BRDA:301,24,0,0
BRDA:301,24,1,0
BRDA:308,25,0,0
BRDA:308,25,1,0
BRDA:308,25,2,0
BRDA:311,26,0,0
BRDA:311,26,1,0
BRDA:322,27,0,0
BRDA:322,27,1,0
BRDA:330,28,0,0
BRDA:330,28,1,0
BRDA:343,29,0,0
BRDA:343,29,1,0
BRDA:456,30,0,0
BRDA:456,30,1,0
BRDA:467,31,0,0
BRDA:467,31,1,0
BRDA:478,32,0,0
BRDA:478,32,1,0
BRDA:489,33,0,0
BRDA:489,33,1,0
BRDA:504,34,0,0
BRDA:504,34,1,0
BRDA:509,35,0,0
BRDA:518,36,0,0
BRDA:518,36,1,0
BRDA:533,37,0,0
BRDA:543,38,0,0
BRDA:543,38,1,0
BRDA:544,39,0,0
BRDA:544,39,1,0
BRDA:545,40,0,0
BRDA:545,40,1,0
BRDA:553,41,0,0
BRDA:560,42,0,0
BRDA:560,42,1,0
BRDA:567,43,0,0
BRDA:567,43,1,0
BRDA:567,43,2,0
BRDA:571,44,0,0
BRDA:578,45,0,0
BRDA:578,45,1,0
BRDA:579,46,0,0
BRDA:579,46,1,0
BRDA:580,47,0,0
BRDA:580,47,1,0
BRDA:583,48,0,0
BRDA:585,49,0,0
BRDA:585,49,1,0
BRDA:586,50,0,0
BRDA:586,50,1,0
BRDA:612,51,0,0
BRDA:621,52,0,0
BRDA:621,52,1,0
BRDA:621,53,0,0
BRDA:621,53,1,0
BRDA:635,54,0,0
BRDA:644,55,0,0
BRDA:644,55,1,0
BRDA:645,56,0,0
BRDA:645,56,1,0
BRDA:646,57,0,0
BRDA:646,57,1,0
BRDA:647,58,0,0
BRDA:647,58,1,0
BRDA:654,59,0,0
BRDA:654,59,1,0
BRDA:684,60,0,0
BRDA:698,61,0,0
BRDA:704,62,0,0
BRDA:745,63,0,0
BRDA:747,64,0,0
BRDA:747,64,1,0
BRDA:752,65,0,0
BRDA:752,65,1,0
BRDA:762,66,0,0
BRDA:805,67,0,0
BRDA:811,68,0,0
BRDA:810,69,0,0
BRDA:810,69,1,0
BRF:134
BRH:0
end_of_record
TN:
SF:src\app\people\page.tsx
FN:11,PeoplePage
FN:51,(anonymous_3)
FN:68,(anonymous_4)
FNF:3
FNH:0
FNDA:0,PeoplePage
FNDA:0,(anonymous_3)
FNDA:0,(anonymous_4)
DA:3,0
DA:4,0
DA:5,0
DA:6,0
DA:7,0
DA:8,0
DA:9,0
DA:11,0
DA:12,0
DA:13,0
DA:20,0
DA:52,0
DA:53,0
DA:69,0
LF:14
LH:0
BRDA:36,0,0,0
BRDA:43,1,0,0
BRDA:49,2,0,0
BRDA:64,3,0,0
BRDA:64,3,1,0
BRF:5
BRH:0
end_of_record
TN:
SF:src\app\person\[id]\page.tsx
FN:105,PersonPage
FN:136,(anonymous_3)
FN:137,(anonymous_4)
FN:171,(anonymous_5)
FN:173,(anonymous_6)
FN:178,(anonymous_7)
FN:197,(anonymous_8)
FN:214,(anonymous_9)
FN:223,(anonymous_10)
FN:232,(anonymous_11)
FN:243,(anonymous_12)
FN:254,(anonymous_13)
FN:255,(anonymous_14)
FN:258,(anonymous_15)
FN:259,(anonymous_16)
FN:262,(anonymous_17)
FN:267,(anonymous_18)
FN:274,(anonymous_19)
FN:283,(anonymous_20)
FN:287,(anonymous_21)
FN:319,(anonymous_22)
FN:328,(anonymous_23)
FN:332,(anonymous_24)
FN:340,(anonymous_25)
FN:352,(anonymous_26)
FN:363,(anonymous_27)
FN:365,(anonymous_28)
FN:406,(anonymous_29)
FN:407,(anonymous_30)
FN:411,(anonymous_31)
FN:416,(anonymous_32)
FN:480,(anonymous_33)
FN:567,(anonymous_34)
FN:572,(anonymous_35)
FN:593,(anonymous_36)
FN:598,(anonymous_37)
FN:634,(anonymous_38)
FN:679,(anonymous_39)
FN:785,(anonymous_40)
FN:790,(anonymous_41)
FN:807,(anonymous_42)
FN:830,(anonymous_43)
FN:833,(anonymous_44)
FN:915,(anonymous_45)
FN:1026,(anonymous_46)
FNF:45
FNH:0
FNDA:0,PersonPage
FNDA:0,(anonymous_3)
FNDA:0,(anonymous_4)
FNDA:0,(anonymous_5)
FNDA:0,(anonymous_6)
FNDA:0,(anonymous_7)
FNDA:0,(anonymous_8)
FNDA:0,(anonymous_9)
FNDA:0,(anonymous_10)
FNDA:0,(anonymous_11)
FNDA:0,(anonymous_12)
FNDA:0,(anonymous_13)
FNDA:0,(anonymous_14)
FNDA:0,(anonymous_15)
FNDA:0,(anonymous_16)
FNDA:0,(anonymous_17)
FNDA:0,(anonymous_18)
FNDA:0,(anonymous_19)
FNDA:0,(anonymous_20)
FNDA:0,(anonymous_21)
FNDA:0,(anonymous_22)
FNDA:0,(anonymous_23)
FNDA:0,(anonymous_24)
FNDA:0,(anonymous_25)
FNDA:0,(anonymous_26)
FNDA:0,(anonymous_27)
FNDA:0,(anonymous_28)
FNDA:0,(anonymous_29)
FNDA:0,(anonymous_30)
FNDA:0,(anonymous_31)
FNDA:0,(anonymous_32)
FNDA:0,(anonymous_33)
FNDA:0,(anonymous_34)
FNDA:0,(anonymous_35)
FNDA:0,(anonymous_36)
FNDA:0,(anonymous_37)
FNDA:0,(anonymous_38)
FNDA:0,(anonymous_39)
FNDA:0,(anonymous_40)
FNDA:0,(anonymous_41)
FNDA:0,(anonymous_42)
FNDA:0,(anonymous_43)
FNDA:0,(anonymous_44)
FNDA:0,(anonymous_45)
FNDA:0,(anonymous_46)
DA:3,0
DA:9,0
DA:10,0
DA:38,0
DA:39,0
DA:40,0
DA:41,0
DA:42,0
DA:105,0
DA:106,0
DA:107,0
DA:108,0
DA:109,0
DA:110,0
DA:113,0
DA:114,0
DA:115,0
DA:118,0
DA:119,0
DA:120,0
DA:121,0
DA:122,0
DA:123,0
DA:124,0
DA:125,0
DA:128,0
DA:131,0
DA:134,0
DA:136,0
DA:137,0
DA:138,0
DA:139,0
DA:140,0
DA:142,0
DA:148,0
DA:149,0
DA:150,0
DA:152,0
DA:153,0
DA:156,0
DA:157,0
DA:158,0
DA:160,0
DA:161,0
DA:165,0
DA:166,0
DA:171,0
DA:172,0
DA:173,0
DA:174,0
DA:178,0
DA:179,0
DA:181,0
DA:183,0
DA:184,0
DA:185,0
DA:188,0
DA:192,0
DA:193,0
DA:197,0
DA:198,0
DA:199,0
DA:200,0
DA:206,0
DA:209,0
DA:210,0
DA:214,0
DA:215,0
DA:216,0
DA:217,0
DA:218,0
DA:219,0
DA:220,0
DA:223,0
DA:224,0
DA:225,0
DA:226,0
DA:227,0
DA:228,0
DA:229,0
DA:232,0
DA:233,0
DA:234,0
DA:235,0
DA:236,0
DA:237,0
DA:238,0
DA:239,0
DA:240,0
DA:243,0
DA:244,0
DA:245,0
DA:246,0
DA:247,0
DA:248,0
DA:249,0
DA:250,0
DA:251,0
DA:254,0
DA:255,0
DA:258,0
DA:259,0
DA:262,0
DA:263,0
DA:264,0
DA:267,0
DA:268,0
DA:269,0
DA:270,0
DA:274,0
DA:275,0
DA:276,0
DA:283,0
DA:284,0
DA:287,0
DA:288,0
DA:290,0
DA:292,0
DA:293,0
DA:295,0
DA:296,0
DA:297,0
DA:299,0
DA:300,0
DA:302,0
DA:303,0
DA:306,0
DA:307,0
DA:308,0
DA:310,0
DA:311,0
DA:312,0
DA:314,0
DA:315,0
DA:319,0
DA:320,0
DA:321,0
DA:322,0
DA:324,0
DA:328,0
DA:329,0
DA:332,0
DA:333,0
DA:340,0
DA:341,0
DA:342,0
DA:343,0
DA:344,0
DA:346,0
DA:347,0
DA:349,0
DA:352,0
DA:353,0
DA:355,0
DA:357,0
DA:359,0
DA:363,0
DA:364,0
DA:365,0
DA:366,0
DA:367,0
DA:368,0
DA:370,0
DA:371,0
DA:375,0
DA:386,0
DA:405,0
DA:406,0
DA:407,0
DA:410,0
DA:412,0
DA:413,0
DA:414,0
DA:416,0
DA:418,0
DA:419,0
DA:480,0
DA:568,0
DA:569,0
DA:572,0
DA:594,0
DA:595,0
DA:598,0
DA:634,0
DA:680,0
DA:786,0
DA:787,0
DA:790,0
DA:808,0
DA:831,0
DA:833,0
DA:916,0
DA:1026,0
LF:193
LH:0
BRDA:152,0,0,0
BRDA:152,0,1,0
BRDA:165,1,0,0
BRDA:165,1,1,0
BRDA:179,2,0,0
BRDA:179,2,1,0
BRDA:183,3,0,0
BRDA:183,3,1,0
BRDA:198,4,0,0
BRDA:198,4,1,0
BRDA:201,5,0,0
BRDA:201,5,1,0
BRDA:233,6,0,0
BRDA:233,6,1,0
BRDA:244,7,0,0
BRDA:244,7,1,0
BRDA:245,8,0,0
BRDA:245,8,1,0
BRDA:268,9,0,0
BRDA:268,9,1,0
BRDA:275,10,0,0
BRDA:275,10,1,0
BRDA:275,11,0,0
BRDA:275,11,1,0
BRDA:288,12,0,0
BRDA:288,12,1,0
BRDA:290,13,0,0
BRDA:290,13,1,0
BRDA:290,13,2,0
BRDA:290,13,3,0
BRDA:290,13,4,0
BRDA:290,13,5,0
BRDA:290,13,6,0
BRDA:290,13,7,0
BRDA:321,14,0,0
BRDA:321,14,1,0
BRDA:342,15,0,0
BRDA:342,15,1,0
BRDA:346,16,0,0
BRDA:346,16,1,0
BRDA:346,17,0,0
BRDA:346,17,1,0
BRDA:346,17,2,0
BRDA:353,18,0,0
BRDA:353,18,1,0
BRDA:353,18,2,0
BRDA:367,19,0,0
BRDA:367,19,1,0
BRDA:375,20,0,0
BRDA:375,20,1,0
BRDA:386,21,0,0
BRDA:386,21,1,0
BRDA:386,22,0,0
BRDA:386,22,1,0
BRDA:391,23,0,0
BRDA:391,23,1,0
BRDA:406,24,0,0
BRDA:406,24,1,0
BRDA:407,25,0,0
BRDA:407,25,1,0
BRDA:412,26,0,0
BRDA:412,26,1,0
BRDA:413,27,0,0
BRDA:413,27,1,0
BRDA:416,28,0,0
BRDA:416,28,1,0
BRDA:416,29,0,0
BRDA:416,29,1,0
BRDA:447,30,0,0
BRDA:447,30,1,0
BRDA:451,31,0,0
BRDA:451,31,1,0
BRDA:453,32,0,0
BRDA:453,32,1,0
BRDA:500,33,0,0
BRDA:500,33,1,0
BRDA:511,34,0,0
BRDA:518,35,0,0
BRDA:518,35,1,0
BRDA:525,36,0,0
BRDA:541,37,0,0
BRDA:545,38,0,0
BRDA:545,38,1,0
BRDA:574,39,0,0
BRDA:574,39,1,0
BRDA:600,40,0,0
BRDA:600,40,1,0
BRDA:615,41,0,0
BRDA:625,42,0,0
BRDA:625,42,1,0
BRDA:627,43,0,0
BRDA:627,43,1,0
BRDA:632,44,0,0
BRDA:637,45,0,0
BRDA:637,45,1,0
BRDA:653,46,0,0
BRDA:653,46,1,0
BRDA:658,47,0,0
BRDA:663,48,0,0
BRDA:678,49,0,0
BRDA:700,50,0,0
BRDA:713,51,0,0
BRDA:726,52,0,0
BRDA:739,53,0,0
BRDA:752,54,0,0
BRDA:771,55,0,0
BRDA:792,56,0,0
BRDA:792,56,1,0
BRDA:806,57,0,0
BRDA:821,58,0,0
BRDA:829,59,0,0
BRDA:828,60,0,0
BRDA:828,60,1,0
BRDA:856,61,0,0
BRDA:875,62,0,0
BRDA:875,62,1,0
BRDA:887,63,0,0
BRDA:892,64,0,0
BRDA:897,65,0,0
BRDA:897,65,1,0
BRDA:902,66,0,0
BRDA:911,67,0,0
BRDA:911,67,1,0
BRDA:934,68,0,0
BRDA:934,68,1,0
BRDA:979,69,0,0
BRDA:979,69,1,0
BRDA:1009,70,0,0
BRDA:1009,70,1,0
BRDA:1009,71,0,0
BRDA:1009,71,1,0
BRDA:1012,72,0,0
BRDA:1024,73,0,0
BRDA:1024,73,1,0
BRF:134
BRH:0
end_of_record
TN:
SF:src\app\search\page.tsx
FN:18,SearchPage
FN:43,(anonymous_3)
FN:45,(anonymous_4)
FN:54,(anonymous_5)
FN:70,(anonymous_6)
FN:91,(anonymous_7)
FN:99,(anonymous_8)
FN:116,(anonymous_9)
FN:122,(anonymous_10)
FN:167,(anonymous_11)
FN:187,(anonymous_12)
FN:187,(anonymous_13)
FN:191,(anonymous_14)
FN:191,(anonymous_15)
FN:201,(anonymous_16)
FN:201,(anonymous_17)
FN:231,(anonymous_18)
FN:231,(anonymous_19)
FN:247,(anonymous_20)
FN:247,(anonymous_21)
FN:268,(anonymous_22)
FN:280,(anonymous_23)
FNF:22
FNH:0
FNDA:0,SearchPage
FNDA:0,(anonymous_3)
FNDA:0,(anonymous_4)
FNDA:0,(anonymous_5)
FNDA:0,(anonymous_6)
FNDA:0,(anonymous_7)
FNDA:0,(anonymous_8)
FNDA:0,(anonymous_9)
FNDA:0,(anonymous_10)
FNDA:0,(anonymous_11)
FNDA:0,(anonymous_12)
FNDA:0,(anonymous_13)
FNDA:0,(anonymous_14)
FNDA:0,(anonymous_15)
FNDA:0,(anonymous_16)
FNDA:0,(anonymous_17)
FNDA:0,(anonymous_18)
FNDA:0,(anonymous_19)
FNDA:0,(anonymous_20)
FNDA:0,(anonymous_21)
FNDA:0,(anonymous_22)
FNDA:0,(anonymous_23)
DA:3,0
DA:5,0
DA:6,0
DA:7,0
DA:8,0
DA:9,0
DA:11,0
DA:12,0
DA:18,0
DA:19,0
DA:20,0
DA:21,0
DA:22,0
DA:23,0
DA:24,0
DA:25,0
DA:27,0
DA:29,0
DA:30,0
DA:31,0
DA:32,0
DA:33,0
DA:35,0
DA:43,0
DA:44,0
DA:45,0
DA:46,0
DA:47,0
DA:49,0
DA:50,0
DA:54,0
DA:55,0
DA:56,0
DA:57,0
DA:58,0
DA:61,0
DA:62,0
DA:63,0
DA:64,0
DA:66,0
DA:67,0
DA:68,0
DA:70,0
DA:73,0
DA:74,0
DA:77,0
DA:78,0
DA:84,0
DA:85,0
DA:87,0
DA:91,0
DA:92,0
DA:94,0
DA:95,0
DA:96,0
DA:99,0
DA:100,0
DA:101,0
DA:103,0
DA:104,0
DA:110,0
DA:111,0
DA:116,0
DA:117,0
DA:118,0
DA:122,0
DA:123,0
DA:131,0
DA:167,0
DA:187,0
DA:191,0
DA:192,0
DA:201,0
DA:231,0
DA:247,0
DA:269,0
DA:281,0
LF:77
LH:0
BRDA:29,0,0,0
BRDA:29,0,1,0
BRDA:30,1,0,0
BRDA:30,1,1,0
BRDA:31,2,0,0
BRDA:31,2,1,0
BRDA:32,3,0,0
BRDA:32,3,1,0
BRDA:33,4,0,0
BRDA:33,4,1,0
BRDA:46,5,0,0
BRDA:46,5,1,0
BRDA:54,6,0,0
BRDA:54,7,0,0
BRDA:55,8,0,0
BRDA:55,8,1,0
BRDA:66,9,0,0
BRDA:66,9,1,0
BRDA:73,10,0,0
BRDA:73,10,1,0
BRDA:74,11,0,0
BRDA:74,11,1,0
BRDA:77,12,0,0
BRDA:77,12,1,0
BRDA:77,13,0,0
BRDA:77,13,1,0
BRDA:92,14,0,0
BRDA:92,14,1,0
BRDA:92,15,0,0
BRDA:92,15,1,0
BRDA:92,15,2,0
BRDA:100,16,0,0
BRDA:100,16,1,0
BRDA:103,17,0,0
BRDA:103,17,1,0
BRDA:117,18,0,0
BRDA:117,18,1,0
BRDA:117,19,0,0
BRDA:117,19,1,0
BRDA:131,20,0,0
BRDA:131,20,1,0
BRDA:131,20,2,0
BRDA:131,20,3,0
BRDA:142,21,0,0
BRDA:148,22,0,0
BRDA:148,22,1,0
BRDA:149,23,0,0
BRDA:149,23,1,0
BRDA:154,24,0,0
BRDA:169,25,0,0
BRDA:169,25,1,0
BRDA:180,26,0,0
BRDA:263,27,0,0
BRDA:267,28,0,0
BRDA:265,29,0,0
BRDA:265,29,1,0
BRDA:274,30,0,0
BRDA:300,31,0,0
BRF:58
BRH:0
end_of_record
TN:
SF:src\app\tv\page.tsx
FN:32,TVPage
FN:42,(anonymous_3)
FN:61,(anonymous_4)
FN:63,(anonymous_5)
FN:69,(anonymous_6)
FN:76,(anonymous_7)
FN:81,(anonymous_8)
FN:82,(anonymous_9)
FN:84,(anonymous_10)
FN:89,(anonymous_11)
FN:90,(anonymous_12)
FN:110,(anonymous_13)
FN:117,(anonymous_14)
FN:122,(anonymous_15)
FN:124,(anonymous_16)
FN:126,(anonymous_17)
FN:132,(anonymous_18)
FN:143,(anonymous_19)
FN:148,(anonymous_20)
FN:148,(anonymous_21)
FN:149,(anonymous_22)
FN:152,(anonymous_23)
FN:153,(anonymous_24)
FN:156,(anonymous_25)
FN:156,(anonymous_26)
FN:161,(anonymous_27)
FN:161,(anonymous_28)
FN:161,(anonymous_29)
FN:167,(anonymous_30)
FN:196,(anonymous_31)
FN:226,(anonymous_32)
FN:232,(anonymous_33)
FN:240,(anonymous_34)
FN:247,(anonymous_35)
FN:253,(anonymous_36)
FN:261,(anonymous_37)
FN:266,(anonymous_38)
FN:271,(anonymous_39)
FN:275,(anonymous_40)
FN:281,(anonymous_41)
FN:295,(anonymous_42)
FN:300,(anonymous_43)
FN:301,(anonymous_44)
FN:303,(anonymous_45)
FN:308,(anonymous_46)
FN:311,(anonymous_47)
FN:315,(anonymous_48)
FN:318,(anonymous_49)
FN:322,(anonymous_50)
FN:330,(anonymous_51)
FN:338,(anonymous_53)
FN:417,(anonymous_54)
FN:455,(anonymous_55)
FN:466,(anonymous_56)
FN:477,(anonymous_57)
FN:488,(anonymous_58)
FN:502,(anonymous_59)
FN:517,(anonymous_60)
FN:538,(anonymous_61)
FN:541,(anonymous_62)
FN:577,(anonymous_63)
FN:592,(anonymous_64)
FN:626,(anonymous_65)
FN:670,(anonymous_66)
FN:689,(anonymous_67)
FN:700,(anonymous_68)
FN:706,(anonymous_69)
FN:721,(anonymous_70)
FN:731,(anonymous_71)
FN:766,(anonymous_72)
FN:772,(anonymous_73)
FN:772,(anonymous_74)
FN:781,(anonymous_75)
FN:807,(anonymous_76)
FN:813,(anonymous_77)
FNF:75
FNH:0
FNDA:0,TVPage
FNDA:0,(anonymous_3)
FNDA:0,(anonymous_4)
FNDA:0,(anonymous_5)
FNDA:0,(anonymous_6)
FNDA:0,(anonymous_7)
FNDA:0,(anonymous_8)
FNDA:0,(anonymous_9)
FNDA:0,(anonymous_10)
FNDA:0,(anonymous_11)
FNDA:0,(anonymous_12)
FNDA:0,(anonymous_13)
FNDA:0,(anonymous_14)
FNDA:0,(anonymous_15)
FNDA:0,(anonymous_16)
FNDA:0,(anonymous_17)
FNDA:0,(anonymous_18)
FNDA:0,(anonymous_19)
FNDA:0,(anonymous_20)
FNDA:0,(anonymous_21)
FNDA:0,(anonymous_22)
FNDA:0,(anonymous_23)
FNDA:0,(anonymous_24)
FNDA:0,(anonymous_25)
FNDA:0,(anonymous_26)
FNDA:0,(anonymous_27)
FNDA:0,(anonymous_28)
FNDA:0,(anonymous_29)
FNDA:0,(anonymous_30)
FNDA:0,(anonymous_31)
FNDA:0,(anonymous_32)
FNDA:0,(anonymous_33)
FNDA:0,(anonymous_34)
FNDA:0,(anonymous_35)
FNDA:0,(anonymous_36)
FNDA:0,(anonymous_37)
FNDA:0,(anonymous_38)
FNDA:0,(anonymous_39)
FNDA:0,(anonymous_40)
FNDA:0,(anonymous_41)
FNDA:0,(anonymous_42)
FNDA:0,(anonymous_43)
FNDA:0,(anonymous_44)
FNDA:0,(anonymous_45)
FNDA:0,(anonymous_46)
FNDA:0,(anonymous_47)
FNDA:0,(anonymous_48)
FNDA:0,(anonymous_49)
FNDA:0,(anonymous_50)
FNDA:0,(anonymous_51)
FNDA:0,(anonymous_53)
FNDA:0,(anonymous_54)
FNDA:0,(anonymous_55)
FNDA:0,(anonymous_56)
FNDA:0,(anonymous_57)
FNDA:0,(anonymous_58)
FNDA:0,(anonymous_59)
FNDA:0,(anonymous_60)
FNDA:0,(anonymous_61)
FNDA:0,(anonymous_62)
FNDA:0,(anonymous_63)
FNDA:0,(anonymous_64)
FNDA:0,(anonymous_65)
FNDA:0,(anonymous_66)
FNDA:0,(anonymous_67)
FNDA:0,(anonymous_68)
FNDA:0,(anonymous_69)
FNDA:0,(anonymous_70)
FNDA:0,(anonymous_71)
FNDA:0,(anonymous_72)
FNDA:0,(anonymous_73)
FNDA:0,(anonymous_74)
FNDA:0,(anonymous_75)
FNDA:0,(anonymous_76)
FNDA:0,(anonymous_77)
DA:3,0
DA:4,0
DA:11,0
DA:13,0
DA:14,0
DA:15,0
DA:27,0
DA:28,0
DA:32,0
DA:33,0
DA:34,0
DA:35,0
DA:36,0
DA:39,0
DA:40,0
DA:41,0
DA:42,0
DA:45,0
DA:46,0
DA:47,0
DA:50,0
DA:51,0
DA:57,0
DA:58,0
DA:61,0
DA:62,0
DA:63,0
DA:64,0
DA:65,0
DA:67,0
DA:68,0
DA:69,0
DA:76,0
DA:77,0
DA:81,0
DA:82,0
DA:83,0
DA:84,0
DA:88,0
DA:89,0
DA:90,0
DA:91,0
DA:96,0
DA:97,0
DA:98,0
DA:99,0
DA:100,0
DA:104,0
DA:105,0
DA:110,0
DA:111,0
DA:112,0
DA:117,0
DA:118,0
DA:120,0
DA:122,0
DA:124,0
DA:126,0
DA:127,0
DA:128,0
DA:129,0
DA:132,0
DA:133,0
DA:134,0
DA:135,0
DA:138,0
DA:143,0
DA:144,0
DA:145,0
DA:148,0
DA:149,0
DA:152,0
DA:153,0
DA:154,0
DA:155,0
DA:156,0
DA:158,0
DA:161,0
DA:167,0
DA:168,0
DA:169,0
DA:171,0
DA:172,0
DA:175,0
DA:178,0
DA:180,0
DA:181,0
DA:183,0
DA:184,0
DA:186,0
DA:187,0
DA:189,0
DA:190,0
DA:192,0
DA:195,0
DA:196,0
DA:200,0
DA:205,0
DA:208,0
DA:211,0
DA:213,0
DA:214,0
DA:217,0
DA:218,0
DA:219,0
DA:221,0
DA:226,0
DA:227,0
DA:232,0
DA:234,0
DA:240,0
DA:242,0
DA:243,0
DA:247,0
DA:249,0
DA:250,0
DA:251,0
DA:253,0
DA:258,0
DA:261,0
DA:266,0
DA:267,0
DA:268,0
DA:270,0
DA:271,0
DA:272,0
DA:275,0
DA:276,0
DA:279,0
DA:280,0
DA:281,0
DA:282,0
DA:287,0
DA:290,0
DA:291,0
DA:295,0
DA:296,0
DA:300,0
DA:301,0
DA:302,0
DA:303,0
DA:304,0
DA:307,0
DA:308,0
DA:309,0
DA:312,0
DA:315,0
DA:318,0
DA:322,0
DA:323,0
DA:324,0
DA:325,0
DA:330,0
DA:331,0
DA:332,0
DA:339,0
DA:344,0
DA:417,0
DA:455,0
DA:466,0
DA:477,0
DA:488,0
DA:502,0
DA:518,0
DA:519,0
DA:520,0
DA:521,0
DA:539,0
DA:541,0
DA:578,0
DA:593,0
DA:594,0
DA:595,0
DA:596,0
DA:597,0
DA:598,0
DA:626,0
DA:671,0
DA:672,0
DA:673,0
DA:674,0
DA:690,0
DA:701,0
DA:707,0
DA:722,0
DA:723,0
DA:724,0
DA:732,0
DA:733,0
DA:766,0
DA:772,0
DA:782,0
DA:783,0
DA:784,0
DA:786,0
DA:808,0
DA:814,0
LF:197
LH:0
BRDA:64,0,0,0
BRDA:64,0,1,0
BRDA:83,1,0,0
BRDA:83,1,1,0
BRDA:88,2,0,0
BRDA:88,2,1,0
BRDA:96,3,0,0
BRDA:96,3,1,0
BRDA:111,4,0,0
BRDA:111,4,1,0
BRDA:120,5,0,0
BRDA:120,5,1,0
BRDA:120,5,2,0
BRDA:120,5,3,0
BRDA:120,5,4,0
BRDA:122,6,0,0
BRDA:122,6,1,0
BRDA:122,7,0,0
BRDA:122,7,1,0
BRDA:124,8,0,0
BRDA:124,8,1,0
BRDA:124,9,0,0
BRDA:124,9,1,0
BRDA:127,10,0,0
BRDA:127,10,1,0
BRDA:127,10,2,0
BRDA:128,11,0,0
BRDA:128,11,1,0
BRDA:128,11,2,0
BRDA:133,12,0,0
BRDA:133,12,1,0
BRDA:133,12,2,0
BRDA:134,13,0,0
BRDA:134,13,1,0
BRDA:134,13,2,0
BRDA:144,14,0,0
BRDA:144,14,1,0
BRDA:148,15,0,0
BRDA:148,15,1,0
BRDA:149,16,0,0
BRDA:149,16,1,0
BRDA:152,17,0,0
BRDA:152,17,1,0
BRDA:154,18,0,0
BRDA:154,18,1,0
BRDA:155,19,0,0
BRDA:155,19,1,0
BRDA:161,20,0,0
BRDA:161,20,1,0
BRDA:178,21,0,0
BRDA:178,21,1,0
BRDA:178,21,2,0
BRDA:178,21,3,0
BRDA:178,21,4,0
BRDA:195,22,0,0
BRDA:195,22,1,0
BRDA:242,23,0,0
BRDA:242,23,1,0
BRDA:251,24,0,0
BRDA:251,24,1,0
BRDA:302,25,0,0
BRDA:302,25,1,0
BRDA:309,26,0,0
BRDA:309,26,1,0
BRDA:309,26,2,0
BRDA:312,27,0,0
BRDA:312,27,1,0
BRDA:312,27,2,0
BRDA:323,28,0,0
BRDA:323,28,1,0
BRDA:331,29,0,0
BRDA:331,29,1,0
BRDA:344,30,0,0
BRDA:344,30,1,0
BRDA:457,31,0,0
BRDA:457,31,1,0
BRDA:468,32,0,0
BRDA:468,32,1,0
BRDA:479,33,0,0
BRDA:479,33,1,0
BRDA:490,34,0,0
BRDA:490,34,1,0
BRDA:505,35,0,0
BRDA:505,35,1,0
BRDA:510,36,0,0
BRDA:519,37,0,0
BRDA:519,37,1,0
BRDA:534,38,0,0
BRDA:544,39,0,0
BRDA:544,39,1,0
BRDA:545,40,0,0
BRDA:545,40,1,0
BRDA:546,41,0,0
BRDA:546,41,1,0
BRDA:554,42,0,0
BRDA:561,43,0,0
BRDA:561,43,1,0
BRDA:568,44,0,0
BRDA:568,44,1,0
BRDA:568,44,2,0
BRDA:572,45,0,0
BRDA:579,46,0,0
BRDA:579,46,1,0
BRDA:580,47,0,0
BRDA:580,47,1,0
BRDA:581,48,0,0
BRDA:581,48,1,0
BRDA:584,49,0,0
BRDA:586,50,0,0
BRDA:586,50,1,0
BRDA:587,51,0,0
BRDA:587,51,1,0
BRDA:613,52,0,0
BRDA:622,53,0,0
BRDA:622,53,1,0
BRDA:622,54,0,0
BRDA:622,54,1,0
BRDA:636,55,0,0
BRDA:645,56,0,0
BRDA:645,56,1,0
BRDA:646,57,0,0
BRDA:646,57,1,0
BRDA:647,58,0,0
BRDA:647,58,1,0
BRDA:648,59,0,0
BRDA:648,59,1,0
BRDA:655,60,0,0
BRDA:655,60,1,0
BRDA:685,61,0,0
BRDA:699,62,0,0
BRDA:705,63,0,0
BRDA:746,64,0,0
BRDA:748,65,0,0
BRDA:748,65,1,0
BRDA:753,66,0,0
BRDA:753,66,1,0
BRDA:763,67,0,0
BRDA:806,68,0,0
BRDA:812,69,0,0
BRDA:811,70,0,0
BRDA:811,70,1,0
BRF:141
BRH:0
end_of_record
TN:
SF:src\app\tv\[id]\page.tsx
FN:70,TVShowPage
FN:90,(anonymous_3)
FN:91,(anonymous_4)
FN:124,(anonymous_5)
FN:152,(anonymous_6)
FN:169,(anonymous_7)
FN:171,(anonymous_8)
FN:178,(anonymous_9)
FN:187,(anonymous_10)
FN:227,(anonymous_11)
FN:232,(anonymous_12)
FN:238,(anonymous_13)
FN:247,(anonymous_14)
FN:345,(anonymous_15)
FN:404,(anonymous_16)
FN:409,(anonymous_17)
FN:444,(anonymous_18)
FN:496,(anonymous_19)
FN:556,(anonymous_20)
FN:597,(anonymous_21)
FN:621,(anonymous_22)
FNF:21
FNH:0
FNDA:0,TVShowPage
FNDA:0,(anonymous_3)
FNDA:0,(anonymous_4)
FNDA:0,(anonymous_5)
FNDA:0,(anonymous_6)
FNDA:0,(anonymous_7)
FNDA:0,(anonymous_8)
FNDA:0,(anonymous_9)
FNDA:0,(anonymous_10)
FNDA:0,(anonymous_11)
FNDA:0,(anonymous_12)
FNDA:0,(anonymous_13)
FNDA:0,(anonymous_14)
FNDA:0,(anonymous_15)
FNDA:0,(anonymous_16)
FNDA:0,(anonymous_17)
FNDA:0,(anonymous_18)
FNDA:0,(anonymous_19)
FNDA:0,(anonymous_20)
FNDA:0,(anonymous_21)
FNDA:0,(anonymous_22)
DA:3,0
DA:10,0
DA:12,0
DA:27,0
DA:28,0
DA:29,0
DA:30,0
DA:31,0
DA:32,0
DA:33,0
DA:70,0
DA:71,0
DA:72,0
DA:73,0
DA:74,0
DA:75,0
DA:76,0
DA:77,0
DA:79,0
DA:80,0
DA:81,0
DA:83,0
DA:88,0
DA:90,0
DA:91,0
DA:92,0
DA:93,0
DA:94,0
DA:102,0
DA:103,0
DA:104,0
DA:105,0
DA:106,0
DA:108,0
DA:109,0
DA:112,0
DA:113,0
DA:114,0
DA:116,0
DA:117,0
DA:121,0
DA:124,0
DA:125,0
DA:127,0
DA:129,0
DA:130,0
DA:131,0
DA:134,0
DA:147,0
DA:148,0
DA:152,0
DA:153,0
DA:154,0
DA:155,0
DA:161,0
DA:164,0
DA:165,0
DA:169,0
DA:170,0
DA:171,0
DA:172,0
DA:175,0
DA:176,0
DA:177,0
DA:178,0
DA:179,0
DA:180,0
DA:181,0
DA:184,0
DA:185,0
DA:186,0
DA:187,0
DA:188,0
DA:189,0
DA:190,0
DA:194,0
DA:198,0
DA:209,0
DA:227,0
DA:228,0
DA:229,0
DA:230,0
DA:232,0
DA:233,0
DA:234,0
DA:235,0
DA:238,0
DA:239,0
DA:247,0
DA:248,0
DA:249,0
DA:346,0
DA:405,0
DA:406,0
DA:409,0
DA:444,0
DA:497,0
DA:557,0
DA:598,0
DA:622,0
LF:100
LH:0
BRDA:108,0,0,0
BRDA:108,0,1,0
BRDA:125,1,0,0
BRDA:125,1,1,0
BRDA:129,2,0,0
BRDA:129,2,1,0
BRDA:144,3,0,0
BRDA:144,3,1,0
BRDA:153,4,0,0
BRDA:153,4,1,0
BRDA:156,5,0,0
BRDA:156,5,1,0
BRDA:170,6,0,0
BRDA:170,6,1,0
BRDA:172,7,0,0
BRDA:172,7,1,0
BRDA:175,8,0,0
BRDA:175,8,1,0
BRDA:180,9,0,0
BRDA:180,9,1,0
BRDA:184,10,0,0
BRDA:184,10,1,0
BRDA:189,11,0,0
BRDA:189,11,1,0
BRDA:198,12,0,0
BRDA:198,12,1,0
BRDA:209,13,0,0
BRDA:209,13,1,0
BRDA:209,14,0,0
BRDA:209,14,1,0
BRDA:214,15,0,0
BRDA:214,15,1,0
BRDA:228,16,0,0
BRDA:228,16,1,0
BRDA:229,17,0,0
BRDA:229,17,1,0
BRDA:235,18,0,0
BRDA:235,18,1,0
BRDA:278,19,0,0
BRDA:278,19,1,0
BRDA:282,20,0,0
BRDA:282,20,1,0
BRDA:284,21,0,0
BRDA:284,21,1,0
BRDA:307,22,0,0
BRDA:321,23,0,0
BRDA:321,23,1,0
BRDA:329,24,0,0
BRDA:329,24,1,0
BRDA:331,25,0,0
BRDA:343,26,0,0
BRDA:343,26,1,0
BRDA:358,27,0,0
BRDA:410,28,0,0
BRDA:410,28,1,0
BRDA:425,29,0,0
BRDA:435,30,0,0
BRDA:435,30,1,0
BRDA:437,31,0,0
BRDA:437,31,1,0
BRDA:442,32,0,0
BRDA:447,33,0,0
BRDA:447,33,1,0
BRDA:476,34,0,0
BRDA:495,35,0,0
BRDA:494,36,0,0
BRDA:494,36,1,0
BRDA:499,37,0,0
BRDA:499,37,1,0
BRDA:504,38,0,0
BRDA:506,39,0,0
BRDA:506,39,1,0
BRDA:526,40,0,0
BRDA:526,40,1,0
BRDA:529,41,0,0
BRDA:529,41,1,0
BRDA:529,41,2,0
BRDA:532,42,0,0
BRDA:532,42,1,0
BRDA:564,43,0,0
BRDA:590,44,0,0
BRDA:604,45,0,0
BRDA:610,46,0,0
BRDA:610,46,1,0
BRDA:614,47,0,0
BRF:85
BRH:0
end_of_record
TN:
SF:src\components\APITest.tsx
FN:6,APITest
FN:11,(anonymous_2)
FN:28,(anonymous_3)
FN:45,(anonymous_4)
FNF:4
FNH:0
FNDA:0,APITest
FNDA:0,(anonymous_2)
FNDA:0,(anonymous_3)
FNDA:0,(anonymous_4)
DA:3,0
DA:4,0
DA:6,0
DA:7,0
DA:8,0
DA:9,0
DA:11,0
DA:12,0
DA:13,0
DA:14,0
DA:16,0
DA:17,0
DA:18,0
DA:19,0
DA:21,0
DA:22,0
DA:24,0
DA:28,0
DA:29,0
DA:30,0
DA:31,0
DA:33,0
DA:34,0
DA:35,0
DA:36,0
DA:38,0
DA:39,0
DA:41,0
DA:45,0
DA:46,0
DA:47,0
DA:48,0
DA:50,0
DA:51,0
DA:52,0
DA:53,0
DA:55,0
DA:56,0
DA:58,0
LF:39
LH:0
BRDA:72,0,0,0
BRDA:72,0,1,0
BRDA:80,1,0,0
BRDA:80,1,1,0
BRDA:88,2,0,0
BRDA:88,2,1,0
BRDA:92,3,0,0
BRDA:99,4,0,0
BRF:8
BRH:0
end_of_record
TN:
SF:src\components\CastMemberCard.tsx
FN:12,CastMemberCard
FN:18,(anonymous_3)
FNF:2
FNH:0
FNDA:0,CastMemberCard
FNDA:0,(anonymous_3)
DA:4,0
DA:5,0
DA:6,0
DA:12,0
DA:13,0
DA:18,0
DA:19,0
DA:20,0
LF:8
LH:0
BRDA:13,0,0,0
BRDA:13,0,1,0
BRDA:29,1,0,0
BRDA:48,2,0,0
BRDA:48,2,1,0
BRDA:67,3,0,0
BRDA:67,3,1,0
BRDA:69,4,0,0
BRF:8
BRH:0
end_of_record
TN:
SF:src\components\CreditCard.tsx
FN:27,(anonymous_2)
FN:46,(anonymous_3)
FN:84,(anonymous_4)
FN:88,(anonymous_5)
FN:95,(anonymous_6)
FN:99,(anonymous_7)
FN:141,(anonymous_8)
FNF:7
FNH:0
FNDA:0,(anonymous_2)
FNDA:0,(anonymous_3)
FNDA:0,(anonymous_4)
FNDA:0,(anonymous_5)
FNDA:0,(anonymous_6)
FNDA:0,(anonymous_7)
FNDA:0,(anonymous_8)
DA:3,0
DA:4,0
DA:5,0
DA:6,0
DA:7,0
DA:27,0
DA:28,0
DA:38,0
DA:39,0
DA:42,0
DA:43,0
DA:44,0
DA:46,0
DA:47,0
DA:48,0
DA:50,0
DA:53,0
DA:69,0
DA:70,0
DA:71,0
DA:73,0
DA:75,0
DA:76,0
DA:77,0
DA:79,0
DA:84,0
DA:88,0
DA:90,0
DA:91,0
DA:92,0
DA:95,0
DA:96,0
DA:99,0
DA:100,0
DA:101,0
DA:141,0
DA:193,0
LF:37
LH:0
BRDA:39,0,0,0
BRDA:39,0,1,0
BRDA:44,1,0,0
BRDA:44,1,1,0
BRDA:44,2,0,0
BRDA:44,2,1,0
BRDA:50,3,0,0
BRDA:50,3,1,0
BRDA:50,4,0,0
BRDA:50,4,1,0
BRDA:55,5,0,0
BRDA:55,5,1,0
BRDA:55,5,2,0
BRDA:56,6,0,0
BRDA:56,6,1,0
BRDA:56,6,2,0
BRDA:60,7,0,0
BRDA:60,7,1,0
BRDA:60,7,2,0
BRDA:61,8,0,0
BRDA:61,8,1,0
BRDA:61,8,2,0
BRDA:69,9,0,0
BRDA:69,9,1,0
BRDA:70,10,0,0
BRDA:70,10,1,0
BRDA:75,11,0,0
BRDA:75,11,1,0
BRDA:76,12,0,0
BRDA:76,12,1,0
BRDA:85,13,0,0
BRDA:90,14,0,0
BRDA:90,14,1,0
BRDA:90,14,2,0
BRDA:90,15,0,0
BRDA:90,15,1,0
BRDA:96,16,0,0
BRDA:96,16,1,0
BRDA:96,16,2,0
BRDA:100,17,0,0
BRDA:100,17,1,0
BRDA:101,18,0,0
BRDA:101,18,1,0
BRDA:114,19,0,0
BRDA:114,19,1,0
BRDA:118,20,0,0
BRDA:118,20,1,0
BRDA:120,21,0,0
BRDA:120,21,1,0
BRDA:127,22,0,0
BRDA:127,22,1,0
BRDA:132,23,0,0
BRDA:139,24,0,0
BRDA:139,24,1,0
BRDA:144,25,0,0
BRDA:165,26,0,0
BRDA:165,26,1,0
BRDA:167,27,0,0
BRDA:167,27,1,0
BRDA:181,28,0,0
BRF:60
BRH:0
end_of_record
TN:
SF:src\components\ErrorBoundary.tsx
FN:19,(anonymous_8)
FN:33,(anonymous_9)
FN:24,(anonymous_10)
FN:28,(anonymous_11)
FN:37,(anonymous_12)
FN:129,(anonymous_13)
FN:130,(anonymous_14)
FN:150,(anonymous_15)
FNF:8
FNH:0
FNDA:0,(anonymous_8)
FNDA:0,(anonymous_9)
FNDA:0,(anonymous_10)
FNDA:0,(anonymous_11)
FNDA:0,(anonymous_12)
FNDA:0,(anonymous_13)
FNDA:0,(anonymous_14)
FNDA:0,(anonymous_15)
DA:3,0
DA:4,0
DA:5,0
DA:18,0
DA:20,0
DA:21,0
DA:25,0
DA:29,0
DA:30,0
DA:33,0
DA:34,0
DA:38,0
DA:40,0
DA:41,0
DA:44,0
DA:45,0
DA:46,0
DA:124,0
DA:129,0
DA:130,0
DA:131,0
DA:137,0
DA:138,0
DA:139,0
DA:140,0
DA:141,0
DA:142,0
DA:146,0
DA:150,0
DA:151,0
DA:152,0
DA:153,0
LF:32
LH:0
BRDA:38,0,0,0
BRDA:38,0,1,0
BRDA:40,1,0,0
BRDA:40,1,1,0
BRDA:45,2,0,0
BRDA:45,2,1,0
BRDA:46,3,0,0
BRDA:46,3,1,0
BRDA:59,4,0,0
BRDA:59,4,1,0
BRDA:64,5,0,0
BRDA:64,5,1,0
BRDA:64,6,0,0
BRDA:64,6,1,0
BRDA:66,7,0,0
BRDA:66,7,1,0
BRDA:74,8,0,0
BRDA:74,8,1,0
BRDA:83,9,0,0
BRDA:131,10,0,0
BRDA:131,10,1,0
BRDA:137,11,0,0
BRDA:137,11,1,0
BRDA:151,12,0,0
BRDA:151,12,1,0
BRDA:152,13,0,0
BRDA:152,13,1,0
BRDA:153,14,0,0
BRDA:153,14,1,0
BRDA:161,15,0,0
BRDA:161,15,1,0
BRDA:162,16,0,0
BRDA:162,16,1,0
BRDA:163,17,0,0
BRDA:163,17,1,0
BRDA:168,18,0,0
BRF:36
BRH:0
end_of_record
TN:
SF:src\components\Footer.tsx
FN:23,Footer
FN:65,(anonymous_3)
FN:89,(anonymous_4)
FN:113,(anonymous_5)
FN:137,(anonymous_6)
FNF:5
FNH:0
FNDA:0,Footer
FNDA:0,(anonymous_3)
FNDA:0,(anonymous_4)
FNDA:0,(anonymous_5)
FNDA:0,(anonymous_6)
DA:3,0
DA:21,0
DA:23,0
DA:24,0
DA:26,0
DA:33,0
DA:40,0
DA:46,0
DA:66,0
DA:67,0
DA:90,0
DA:91,0
DA:114,0
DA:115,0
DA:138,0
DA:139,0
LF:16
LH:0
BRF:0
BRH:0
end_of_record
TN:
SF:src\components\HeroSection.tsx
FN:19,HeroSection
FN:58,(anonymous_3)
FN:59,(anonymous_4)
FN:81,(anonymous_5)
FN:83,(anonymous_6)
FN:84,(anonymous_7)
FN:88,(anonymous_8)
FN:96,(anonymous_9)
FN:103,(anonymous_10)
FN:110,(anonymous_11)
FN:111,(anonymous_12)
FN:120,(anonymous_13)
FN:136,(anonymous_14)
FN:144,(anonymous_15)
FN:145,(anonymous_16)
FN:153,(anonymous_17)
FN:159,(anonymous_18)
FN:189,(anonymous_19)
FN:193,(anonymous_20)
FN:194,(anonymous_21)
FN:204,(anonymous_22)
FN:208,(anonymous_23)
FN:213,(anonymous_24)
FN:214,(anonymous_25)
FN:229,(anonymous_26)
FN:242,(anonymous_27)
FN:247,(anonymous_28)
FN:274,(anonymous_29)
FN:291,(anonymous_30)
FN:296,(anonymous_31)
FN:365,(anonymous_32)
FN:377,(anonymous_33)
FN:378,(anonymous_34)
FN:404,(anonymous_35)
FN:504,(anonymous_36)
FN:515,(anonymous_37)
FN:527,(anonymous_38)
FN:539,(anonymous_39)
FN:571,(anonymous_40)
FN:610,(anonymous_41)
FN:621,(anonymous_42)
FNF:41
FNH:0
FNDA:0,HeroSection
FNDA:0,(anonymous_3)
FNDA:0,(anonymous_4)
FNDA:0,(anonymous_5)
FNDA:0,(anonymous_6)
FNDA:0,(anonymous_7)
FNDA:0,(anonymous_8)
FNDA:0,(anonymous_9)
FNDA:0,(anonymous_10)
FNDA:0,(anonymous_11)
FNDA:0,(anonymous_12)
FNDA:0,(anonymous_13)
FNDA:0,(anonymous_14)
FNDA:0,(anonymous_15)
FNDA:0,(anonymous_16)
FNDA:0,(anonymous_17)
FNDA:0,(anonymous_18)
FNDA:0,(anonymous_19)
FNDA:0,(anonymous_20)
FNDA:0,(anonymous_21)
FNDA:0,(anonymous_22)
FNDA:0,(anonymous_23)
FNDA:0,(anonymous_24)
FNDA:0,(anonymous_25)
FNDA:0,(anonymous_26)
FNDA:0,(anonymous_27)
FNDA:0,(anonymous_28)
FNDA:0,(anonymous_29)
FNDA:0,(anonymous_30)
FNDA:0,(anonymous_31)
FNDA:0,(anonymous_32)
FNDA:0,(anonymous_33)
FNDA:0,(anonymous_34)
FNDA:0,(anonymous_35)
FNDA:0,(anonymous_36)
FNDA:0,(anonymous_37)
FNDA:0,(anonymous_38)
FNDA:0,(anonymous_39)
FNDA:0,(anonymous_40)
FNDA:0,(anonymous_41)
FNDA:0,(anonymous_42)
DA:3,0
DA:4,0
DA:8,0
DA:9,0
DA:11,0
DA:12,0
DA:13,0
DA:19,0
DA:21,0
DA:22,0
DA:23,0
DA:24,0
DA:25,0
DA:28,0
DA:29,0
DA:30,0
DA:31,0
DA:32,0
DA:33,0
DA:34,0
DA:37,0
DA:38,0
DA:41,0
DA:42,0
DA:43,0
DA:44,0
DA:54,0
DA:55,0
DA:58,0
DA:59,0
DA:60,0
DA:61,0
DA:62,0
DA:67,0
DA:70,0
DA:71,0
DA:73,0
DA:77,0
DA:81,0
DA:82,0
DA:83,0
DA:84,0
DA:88,0
DA:89,0
DA:90,0
DA:96,0
DA:97,0
DA:98,0
DA:101,0
DA:102,0
DA:103,0
DA:104,0
DA:106,0
DA:107,0
DA:110,0
DA:111,0
DA:112,0
DA:115,0
DA:116,0
DA:118,0
DA:120,0
DA:121,0
DA:123,0
DA:124,0
DA:126,0
DA:130,0
DA:131,0
DA:132,0
DA:133,0
DA:136,0
DA:137,0
DA:138,0
DA:144,0
DA:145,0
DA:146,0
DA:148,0
DA:150,0
DA:152,0
DA:153,0
DA:154,0
DA:156,0
DA:158,0
DA:159,0
DA:160,0
DA:162,0
DA:164,0
DA:165,0
DA:166,0
DA:168,0
DA:169,0
DA:172,0
DA:173,0
DA:174,0
DA:175,0
DA:178,0
DA:179,0
DA:181,0
DA:183,0
DA:184,0
DA:188,0
DA:189,0
DA:193,0
DA:194,0
DA:195,0
DA:196,0
DA:198,0
DA:199,0
DA:203,0
DA:204,0
DA:208,0
DA:209,0
DA:210,0
DA:213,0
DA:214,0
DA:215,0
DA:218,0
DA:219,0
DA:222,0
DA:225,0
DA:229,0
DA:230,0
DA:231,0
DA:233,0
DA:234,0
DA:237,0
DA:238,0
DA:242,0
DA:243,0
DA:244,0
DA:247,0
DA:249,0
DA:251,0
DA:252,0
DA:254,0
DA:255,0
DA:256,0
DA:258,0
DA:259,0
DA:262,0
DA:264,0
DA:265,0
DA:266,0
DA:268,0
DA:269,0
DA:274,0
DA:275,0
DA:276,0
DA:277,0
DA:283,0
DA:286,0
DA:287,0
DA:291,0
DA:293,0
DA:296,0
DA:297,0
DA:298,0
DA:301,0
DA:303,0
DA:366,0
DA:367,0
DA:377,0
DA:378,0
DA:405,0
DA:504,0
DA:515,0
DA:527,0
DA:539,0
DA:571,0
DA:610,0
DA:621,0
LF:170
LH:0
BRDA:82,0,0,0
BRDA:82,0,1,0
BRDA:82,1,0,0
BRDA:82,1,1,0
BRDA:89,2,0,0
BRDA:89,2,1,0
BRDA:97,3,0,0
BRDA:97,3,1,0
BRDA:101,4,0,0
BRDA:101,4,1,0
BRDA:137,5,0,0
BRDA:137,5,1,0
BRDA:146,6,0,0
BRDA:146,6,1,0
BRDA:150,7,0,0
BRDA:150,7,1,0
BRDA:150,7,2,0
BRDA:150,7,3,0
BRDA:154,8,0,0
BRDA:154,8,1,0
BRDA:160,9,0,0
BRDA:160,9,1,0
BRDA:165,10,0,0
BRDA:165,10,1,0
BRDA:166,11,0,0
BRDA:166,11,1,0
BRDA:174,12,0,0
BRDA:174,12,1,0
BRDA:178,13,0,0
BRDA:178,13,1,0
BRDA:195,14,0,0
BRDA:195,14,1,0
BRDA:195,15,0,0
BRDA:195,15,1,0
BRDA:198,16,0,0
BRDA:198,16,1,0
BRDA:198,17,0,0
BRDA:198,17,1,0
BRDA:209,18,0,0
BRDA:209,18,1,0
BRDA:233,19,0,0
BRDA:233,19,1,0
BRDA:237,20,0,0
BRDA:237,20,1,0
BRDA:249,21,0,0
BRDA:249,21,1,0
BRDA:249,21,2,0
BRDA:251,22,0,0
BRDA:251,22,1,0
BRDA:254,23,0,0
BRDA:254,23,1,0
BRDA:264,24,0,0
BRDA:264,24,1,0
BRDA:275,25,0,0
BRDA:275,25,1,0
BRDA:278,26,0,0
BRDA:278,26,1,0
BRDA:303,27,0,0
BRDA:303,27,1,0
BRDA:371,28,0,0
BRDA:371,28,1,0
BRDA:386,29,0,0
BRDA:395,30,0,0
BRDA:398,31,0,0
BRDA:407,32,0,0
BRDA:407,32,1,0
BRDA:409,33,0,0
BRDA:409,33,1,0
BRDA:414,34,0,0
BRDA:414,34,1,0
BRDA:415,35,0,0
BRDA:415,35,1,0
BRDA:452,36,0,0
BRDA:457,37,0,0
BRDA:457,37,1,0
BRDA:458,38,0,0
BRDA:458,38,1,0
BRDA:460,39,0,0
BRDA:460,39,1,0
BRDA:496,40,0,0
BRDA:496,40,1,0
BRDA:506,41,0,0
BRDA:506,41,1,0
BRDA:511,42,0,0
BRDA:511,42,1,0
BRDA:531,43,0,0
BRDA:543,44,0,0
BRDA:562,45,0,0
BRDA:562,45,1,0
BRDA:582,46,0,0
BRDA:582,46,1,0
BRDA:583,47,0,0
BRDA:583,47,1,0
BRDA:612,48,0,0
BRDA:612,48,1,0
BRDA:617,49,0,0
BRDA:617,49,1,0
BRDA:618,50,0,0
BRDA:618,50,1,0
BRF:99
BRH:0
end_of_record
TN:
SF:src\components\HorizontalScroll.tsx
FN:12,(anonymous_1)
FN:21,(anonymous_2)
FN:29,(anonymous_3)
FN:38,(anonymous_4)
FN:47,(anonymous_5)
FN:54,(anonymous_6)
FNF:6
FNH:0
FNDA:0,(anonymous_1)
FNDA:0,(anonymous_2)
FNDA:0,(anonymous_3)
FNDA:0,(anonymous_4)
FNDA:0,(anonymous_5)
FNDA:0,(anonymous_6)
DA:3,0
DA:4,0
DA:12,0
DA:17,0
DA:18,0
DA:19,0
DA:21,0
DA:22,0
DA:24,0
DA:25,0
DA:26,0
DA:29,0
DA:30,0
DA:31,0
DA:38,0
DA:39,0
DA:40,0
DA:47,0
DA:48,0
DA:49,0
DA:50,0
DA:51,0
DA:52,0
DA:54,0
DA:55,0
DA:56,0
DA:107,0
DA:109,0
LF:28
LH:0
BRDA:14,0,0,0
BRDA:15,1,0,0
BRDA:22,2,0,0
BRDA:22,2,1,0
BRDA:30,3,0,0
BRDA:30,3,1,0
BRDA:39,4,0,0
BRDA:39,4,1,0
BRDA:49,5,0,0
BRDA:49,5,1,0
BRDA:64,6,0,0
BRDA:64,6,1,0
BRDA:87,7,0,0
BRDA:87,7,1,0
BRF:14
BRH:0
end_of_record
TN:
SF:src\components\InfiniteScroll.tsx
FN:13,(anonymous_1)
FN:24,(anonymous_2)
FN:33,(anonymous_3)
FN:44,(anonymous_4)
FNF:4
FNH:0
FNDA:0,(anonymous_1)
FNDA:0,(anonymous_2)
FNDA:0,(anonymous_3)
FNDA:0,(anonymous_4)
DA:3,0
DA:13,0
DA:20,0
DA:21,0
DA:23,0
DA:25,0
DA:26,0
DA:27,0
DA:33,0
DA:34,0
DA:35,0
DA:37,0
DA:42,0
DA:44,0
DA:45,0
DA:46,0
DA:74,0
LF:17
LH:0
BRDA:18,0,0,0
BRDA:26,1,0,0
BRDA:26,1,1,0
BRDA:26,2,0,0
BRDA:26,2,1,0
BRDA:26,2,2,0
BRDA:35,3,0,0
BRDA:35,3,1,0
BRDA:45,4,0,0
BRDA:45,4,1,0
BRDA:57,5,0,0
BRDA:57,5,1,0
BRDA:64,6,0,0
BRF:13
BRH:0
end_of_record
TN:
SF:src\components\MovieCard.tsx
FN:16,(anonymous_2)
FN:33,(anonymous_3)
FN:36,(anonymous_4)
FN:41,(anonymous_5)
FN:46,(anonymous_6)
FN:50,(anonymous_7)
FN:56,(anonymous_8)
FN:61,(anonymous_9)
FN:119,(anonymous_10)
FNF:9
FNH:0
FNDA:0,(anonymous_2)
FNDA:0,(anonymous_3)
FNDA:0,(anonymous_4)
FNDA:0,(anonymous_5)
FNDA:0,(anonymous_6)
FNDA:0,(anonymous_7)
FNDA:0,(anonymous_8)
FNDA:0,(anonymous_9)
FNDA:0,(anonymous_10)
DA:3,0
DA:4,0
DA:5,0
DA:7,0
DA:8,0
DA:16,0
DA:17,0
DA:27,0
DA:30,0
DA:33,0
DA:36,0
DA:37,0
DA:41,0
DA:42,0
DA:46,0
DA:47,0
DA:50,0
DA:51,0
DA:52,0
DA:56,0
DA:57,0
DA:58,0
DA:61,0
DA:62,0
DA:63,0
DA:65,0
DA:66,0
DA:67,0
DA:69,0
DA:72,0
DA:73,0
DA:75,0
DA:119,0
DA:198,0
DA:200,0
LF:35
LH:0
BRDA:16,0,0,0
BRDA:16,1,0,0
BRDA:30,2,0,0
BRDA:30,2,1,0
BRDA:33,3,0,0
BRDA:33,3,1,0
BRDA:37,4,0,0
BRDA:37,4,1,0
BRDA:37,4,2,0
BRDA:42,5,0,0
BRDA:42,5,1,0
BRDA:47,6,0,0
BRDA:47,6,1,0
BRDA:47,6,2,0
BRDA:51,7,0,0
BRDA:51,7,1,0
BRDA:52,8,0,0
BRDA:52,8,1,0
BRDA:65,9,0,0
BRDA:65,9,1,0
BRDA:66,10,0,0
BRDA:66,10,1,0
BRDA:72,11,0,0
BRDA:72,11,1,0
BRDA:81,12,0,0
BRDA:81,12,1,0
BRDA:81,13,0,0
BRDA:81,13,1,0
BRDA:83,14,0,0
BRDA:83,14,1,0
BRDA:88,15,0,0
BRDA:96,16,0,0
BRDA:100,17,0,0
BRDA:100,17,1,0
BRDA:102,18,0,0
BRDA:102,18,1,0
BRDA:108,19,0,0
BRDA:109,20,0,0
BRDA:109,20,1,0
BRDA:112,21,0,0
BRDA:112,21,1,0
BRDA:117,22,0,0
BRDA:117,22,1,0
BRDA:118,23,0,0
BRDA:118,23,1,0
BRDA:124,24,0,0
BRDA:134,25,0,0
BRDA:134,25,1,0
BRDA:141,26,0,0
BRDA:158,27,0,0
BRDA:173,28,0,0
BRDA:173,28,1,0
BRDA:175,29,0,0
BRDA:175,29,1,0
BRDA:179,30,0,0
BRDA:186,31,0,0
BRF:56
BRH:0
end_of_record
TN:
SF:src\components\MovieCardSkeleton.tsx
FN:5,(anonymous_1)
FNF:1
FNH:0
FNDA:0,(anonymous_1)
DA:5,0
DA:36,0
LF:2
LH:0
BRDA:5,0,0,0
BRDA:8,1,0,0
BRDA:8,1,1,0
BRDA:12,2,0,0
BRDA:12,2,1,0
BRDA:20,3,0,0
BRDA:25,4,0,0
BRDA:25,4,1,0
BRDA:28,5,0,0
BRF:9
BRH:0
end_of_record
TN:
SF:src\components\Navbar.tsx
FN:10,(anonymous_2)
FN:23,(anonymous_3)
FN:44,(anonymous_4)
FN:131,(anonymous_5)
FN:143,(anonymous_6)
FN:149,(anonymous_7)
FN:168,(anonymous_8)
FN:178,(anonymous_9)
FN:188,(anonymous_10)
FNF:9
FNH:3
FNDA:5,(anonymous_2)
FNDA:40,(anonymous_3)
FNDA:20,(anonymous_4)
FNDA:0,(anonymous_5)
FNDA:0,(anonymous_6)
FNDA:0,(anonymous_7)
FNDA:0,(anonymous_8)
FNDA:0,(anonymous_9)
FNDA:0,(anonymous_10)
DA:3,1
DA:4,1
DA:5,1
DA:6,1
DA:7,1
DA:8,1
DA:10,1
DA:11,5
DA:12,5
DA:13,5
DA:14,5
DA:16,5
DA:23,40
DA:45,20
DA:46,20
DA:131,0
DA:144,0
DA:145,0
DA:149,0
DA:168,0
DA:178,0
DA:188,0
DA:214,2
LF:23
LH:16
BRDA:51,0,0,0
BRDA:51,0,1,20
BRDA:55,1,0,0
BRDA:55,1,1,20
BRDA:70,2,0,5
BRDA:72,3,0,0
BRDA:72,3,1,0
BRDA:117,4,0,4
BRDA:135,5,0,0
BRDA:140,6,0,5
BRDA:151,7,0,0
BRDA:151,7,1,0
BRDA:155,8,0,0
BRDA:155,8,1,0
BRDA:203,9,0,0
BRF:15
BRH:5
end_of_record
TN:
SF:src\components\Notification.tsx
FN:23,(anonymous_4)
FN:26,(anonymous_5)
FN:27,(anonymous_6)
FN:27,(anonymous_7)
FN:30,(anonymous_8)
FN:34,(anonymous_9)
FN:38,(anonymous_10)
FN:44,(anonymous_11)
FN:48,(anonymous_12)
FN:52,(anonymous_13)
FN:56,(anonymous_14)
FN:75,(anonymous_15)
FN:79,(anonymous_16)
FN:94,(anonymous_17)
FN:113,(anonymous_18)
FN:136,(anonymous_19)
FN:156,(anonymous_20)
FNF:17
FNH:0
FNDA:0,(anonymous_4)
FNDA:0,(anonymous_5)
FNDA:0,(anonymous_6)
FNDA:0,(anonymous_7)
FNDA:0,(anonymous_8)
FNDA:0,(anonymous_9)
FNDA:0,(anonymous_10)
FNDA:0,(anonymous_11)
FNDA:0,(anonymous_12)
FNDA:0,(anonymous_13)
FNDA:0,(anonymous_14)
FNDA:0,(anonymous_15)
FNDA:0,(anonymous_16)
FNDA:0,(anonymous_17)
FNDA:0,(anonymous_18)
FNDA:0,(anonymous_19)
FNDA:0,(anonymous_20)
DA:3,0
DA:4,0
DA:23,0
DA:24,0
DA:26,0
DA:27,0
DA:30,0
DA:31,0
DA:32,0
DA:34,0
DA:37,0
DA:38,0
DA:39,0
DA:44,0
DA:45,0
DA:48,0
DA:49,0
DA:52,0
DA:53,0
DA:56,0
DA:57,0
DA:60,0
DA:75,0
DA:79,0
DA:80,0
DA:94,0
DA:95,0
DA:97,0
DA:99,0
DA:101,0
DA:103,0
DA:105,0
DA:109,0
DA:114,0
DA:137,0
DA:138,0
DA:153,0
DA:156,0
DA:157,0
LF:39
LH:0
BRDA:37,0,0,0
BRDA:37,0,1,0
BRDA:40,1,0,0
BRDA:40,1,1,0
BRDA:44,2,0,0
BRDA:48,3,0,0
BRDA:52,4,0,0
BRDA:56,5,0,0
BRDA:95,6,0,0
BRDA:95,6,1,0
BRDA:95,6,2,0
BRDA:95,6,3,0
BRDA:95,6,4,0
BRDA:109,7,0,0
BRDA:109,7,1,0
BRDA:109,8,0,0
BRDA:109,8,1,0
BRDA:137,9,0,0
BRDA:137,9,1,0
BRF:19
BRH:0
end_of_record
TN:
SF:src\components\OptimizedLoader.tsx
FN:18,(anonymous_15)
FN:27,(anonymous_17)
FN:59,(anonymous_19)
FN:111,(anonymous_22)
FN:115,(anonymous_23)
FN:118,(anonymous_24)
FN:119,(anonymous_25)
FN:125,(anonymous_26)
FN:148,(anonymous_27)
FN:169,(anonymous_28)
FN:173,(anonymous_29)
FN:189,(anonymous_30)
FN:198,(anonymous_31)
FN:202,(anonymous_32)
FN:212,(anonymous_33)
FNF:15
FNH:0
FNDA:0,(anonymous_15)
FNDA:0,(anonymous_17)
FNDA:0,(anonymous_19)
FNDA:0,(anonymous_22)
FNDA:0,(anonymous_23)
FNDA:0,(anonymous_24)
FNDA:0,(anonymous_25)
FNDA:0,(anonymous_26)
FNDA:0,(anonymous_27)
FNDA:0,(anonymous_28)
FNDA:0,(anonymous_29)
FNDA:0,(anonymous_30)
FNDA:0,(anonymous_31)
FNDA:0,(anonymous_32)
FNDA:0,(anonymous_33)
DA:1,0
DA:2,0
DA:16,0
DA:19,0
DA:25,0
DA:28,0
DA:42,0
DA:59,0
DA:60,0
DA:80,0
DA:102,0
DA:111,0
DA:112,0
DA:113,0
DA:115,0
DA:116,0
DA:117,0
DA:118,0
DA:119,0
DA:120,0
DA:125,0
DA:126,0
DA:127,0
DA:130,0
DA:148,0
DA:155,0
DA:157,0
DA:158,0
DA:159,0
DA:161,0
DA:162,0
DA:163,0
DA:169,0
DA:173,0
DA:189,0
DA:196,0
DA:198,0
DA:199,0
DA:201,0
DA:203,0
DA:204,0
DA:210,0
DA:212,0
DA:213,0
LF:44
LH:0
BRDA:16,0,0,0
BRDA:16,1,0,0
BRDA:25,2,0,0
BRDA:42,3,0,0
BRDA:42,4,0,0
BRDA:59,5,0,0
BRDA:59,6,0,0
BRDA:80,7,0,0
BRDA:102,8,0,0
BRDA:103,9,0,0
BRDA:103,9,1,0
BRDA:111,10,0,0
BRDA:116,11,0,0
BRDA:116,11,1,0
BRDA:153,12,0,0
BRDA:191,13,0,0
BRDA:192,14,0,0
BRDA:194,15,0,0
BRDA:199,16,0,0
BRDA:199,16,1,0
BRDA:203,17,0,0
BRDA:203,17,1,0
BRF:22
BRH:0
end_of_record
TN:
SF:src\components\PageTransition.tsx
FN:9,PageTransition
FN:11,(anonymous_2)
FN:27,(anonymous_3)
FNF:3
FNH:0
FNDA:0,PageTransition
FNDA:0,(anonymous_2)
FNDA:0,(anonymous_3)
DA:2,0
DA:9,0
DA:11,0
DA:12,0
DA:13,0
DA:15,0
DA:16,0
DA:18,0
DA:19,0
DA:21,0
DA:24,0
DA:27,0
DA:28,0
DA:32,0
DA:34,0
DA:41,0
DA:48,0
DA:55,0
DA:64,0
LF:19
LH:0
BRDA:12,0,0,0
BRDA:12,0,1,0
BRDA:12,1,0,0
BRDA:12,1,1,0
BRDA:12,1,2,0
BRDA:15,2,0,0
BRDA:15,2,1,0
BRDA:18,3,0,0
BRDA:18,3,1,0
BRDA:32,4,0,0
BRDA:32,4,1,0
BRDA:32,4,2,0
BRDA:32,4,3,0
BRF:13
BRH:0
end_of_record
TN:
SF:src\components\PageTransitionWrapper.tsx
FN:5,PageTransitionWrapper
FNF:1
FNH:0
FNDA:0,PageTransitionWrapper
DA:2,0
DA:3,0
DA:5,0
DA:6,0
LF:4
LH:0
BRF:0
BRH:0
end_of_record
TN:
SF:src\components\PersonCard.tsx
FN:15,(anonymous_2)
FN:25,(anonymous_3)
FN:30,(anonymous_4)
FN:41,(anonymous_5)
FN:49,(anonymous_6)
FN:57,(anonymous_7)
FN:78,(anonymous_8)
FN:99,(anonymous_9)
FN:136,(anonymous_10)
FNF:9
FNH:0
FNDA:0,(anonymous_2)
FNDA:0,(anonymous_3)
FNDA:0,(anonymous_4)
FNDA:0,(anonymous_5)
FNDA:0,(anonymous_6)
FNDA:0,(anonymous_7)
FNDA:0,(anonymous_8)
FNDA:0,(anonymous_9)
FNDA:0,(anonymous_10)
DA:3,0
DA:4,0
DA:5,0
DA:6,0
DA:8,0
DA:15,0
DA:16,0
DA:17,0
DA:19,0
DA:20,0
DA:25,0
DA:26,0
DA:27,0
DA:30,0
DA:31,0
DA:32,0
DA:34,0
DA:35,0
DA:37,0
DA:41,0
DA:42,0
DA:43,0
DA:44,0
DA:45,0
DA:49,0
DA:50,0
DA:57,0
DA:58,0
DA:59,0
DA:60,0
DA:63,0
DA:78,0
DA:100,0
DA:136,0
DA:187,0
LF:35
LH:0
BRDA:15,0,0,0
BRDA:20,1,0,0
BRDA:20,1,1,0
BRDA:34,2,0,0
BRDA:34,2,1,0
BRDA:42,3,0,0
BRDA:42,3,1,0
BRDA:42,3,2,0
BRDA:59,4,0,0
BRDA:59,4,1,0
BRDA:63,5,0,0
BRDA:63,5,1,0
BRDA:76,6,0,0
BRDA:76,6,1,0
BRDA:81,7,0,0
BRDA:92,8,0,0
BRDA:97,9,0,0
BRDA:97,9,1,0
BRDA:100,10,0,0
BRDA:100,10,1,0
BRDA:110,11,0,0
BRDA:110,11,1,0
BRDA:114,12,0,0
BRDA:114,12,1,0
BRDA:116,13,0,0
BRDA:116,13,1,0
BRDA:134,14,0,0
BRDA:134,14,1,0
BRDA:139,15,0,0
BRDA:149,16,0,0
BRDA:161,17,0,0
BRDA:161,17,1,0
BRDA:165,18,0,0
BRDA:165,18,1,0
BRDA:167,19,0,0
BRDA:167,19,1,0
BRDA:176,20,0,0
BRF:37
BRH:0
end_of_record
TN:
SF:src\components\SearchBar.tsx
FN:7,(anonymous_1)
FN:23,(anonymous_2)
FN:31,(anonymous_3)
FN:32,(anonymous_4)
FN:36,(anonymous_5)
FN:42,(anonymous_6)
FN:43,(anonymous_7)
FN:44,(anonymous_8)
FN:51,(anonymous_9)
FN:66,(anonymous_10)
FN:83,(anonymous_11)
FN:88,(anonymous_12)
FN:103,(anonymous_13)
FN:104,(anonymous_14)
FN:119,(anonymous_15)
FN:149,(anonymous_16)
FN:149,(anonymous_17)
FN:153,(anonymous_18)
FN:153,(anonymous_19)
FN:163,(anonymous_20)
FN:163,(anonymous_21)
FN:193,(anonymous_22)
FN:193,(anonymous_23)
FN:209,(anonymous_24)
FN:209,(anonymous_25)
FN:241,(anonymous_26)
FN:245,(anonymous_27)
FN:261,(anonymous_28)
FNF:28
FNH:0
FNDA:0,(anonymous_1)
FNDA:0,(anonymous_2)
FNDA:0,(anonymous_3)
FNDA:0,(anonymous_4)
FNDA:0,(anonymous_5)
FNDA:0,(anonymous_6)
FNDA:0,(anonymous_7)
FNDA:0,(anonymous_8)
FNDA:0,(anonymous_9)
FNDA:0,(anonymous_10)
FNDA:0,(anonymous_11)
FNDA:0,(anonymous_12)
FNDA:0,(anonymous_13)
FNDA:0,(anonymous_14)
FNDA:0,(anonymous_15)
FNDA:0,(anonymous_16)
FNDA:0,(anonymous_17)
FNDA:0,(anonymous_18)
FNDA:0,(anonymous_19)
FNDA:0,(anonymous_20)
FNDA:0,(anonymous_21)
FNDA:0,(anonymous_22)
FNDA:0,(anonymous_23)
FNDA:0,(anonymous_24)
FNDA:0,(anonymous_25)
FNDA:0,(anonymous_26)
FNDA:0,(anonymous_27)
FNDA:0,(anonymous_28)
DA:3,0
DA:4,0
DA:5,0
DA:7,0
DA:8,0
DA:9,0
DA:10,0
DA:11,0
DA:12,0
DA:13,0
DA:19,0
DA:20,0
DA:23,0
DA:24,0
DA:25,0
DA:26,0
DA:31,0
DA:32,0
DA:33,0
DA:36,0
DA:37,0
DA:42,0
DA:43,0
DA:44,0
DA:45,0
DA:46,0
DA:51,0
DA:52,0
DA:53,0
DA:55,0
DA:56,0
DA:57,0
DA:58,0
DA:59,0
DA:60,0
DA:62,0
DA:66,0
DA:67,0
DA:68,0
DA:69,0
DA:71,0
DA:72,0
DA:73,0
DA:74,0
DA:75,0
DA:76,0
DA:78,0
DA:79,0
DA:83,0
DA:84,0
DA:85,0
DA:88,0
DA:89,0
DA:90,0
DA:103,0
DA:104,0
DA:119,0
DA:149,0
DA:153,0
DA:154,0
DA:163,0
DA:193,0
DA:209,0
DA:242,0
DA:245,0
DA:262,0
DA:263,0
DA:271,0
LF:68
LH:0
BRDA:25,0,0,0
BRDA:25,0,1,0
BRDA:52,1,0,0
BRDA:52,1,1,0
BRDA:57,2,0,0
BRDA:57,2,1,0
BRDA:58,3,0,0
BRDA:58,3,1,0
BRDA:59,4,0,0
BRDA:59,4,1,0
BRDA:60,5,0,0
BRDA:60,5,1,0
BRDA:68,6,0,0
BRDA:68,6,1,0
BRDA:73,7,0,0
BRDA:73,7,1,0
BRDA:74,8,0,0
BRDA:74,8,1,0
BRDA:75,9,0,0
BRDA:75,9,1,0
BRDA:76,10,0,0
BRDA:76,10,1,0
BRDA:121,11,0,0
BRDA:121,11,1,0
BRDA:142,12,0,0
BRDA:223,13,0,0
BRDA:223,13,1,0
BRDA:258,14,0,0
BRDA:258,14,1,0
BRF:29
BRH:0
end_of_record
TN:
SF:src\components\SmoothPageTransition.tsx
FN:10,SmoothPageTransition
FN:15,(anonymous_2)
FNF:2
FNH:0
FNDA:0,SmoothPageTransition
FNDA:0,(anonymous_2)
DA:2,0
DA:3,0
DA:4,0
DA:10,0
DA:11,0
DA:12,0
DA:15,0
DA:16,0
DA:20,0
DA:35,0
DA:39,0
LF:11
LH:0
BRDA:39,0,0,0
BRDA:39,0,1,0
BRF:2
BRH:0
end_of_record
TN:
SF:src\components\TransitionEffects.tsx
FN:10,TransitionEffects
FN:13,(anonymous_2)
FN:16,(anonymous_3)
FN:39,(anonymous_4)
FNF:4
FNH:0
FNDA:0,TransitionEffects
FNDA:0,(anonymous_2)
FNDA:0,(anonymous_3)
FNDA:0,(anonymous_4)
DA:2,0
DA:3,0
DA:10,0
DA:11,0
DA:13,0
DA:14,0
DA:16,0
DA:21,0
DA:25,0
DA:40,0
LF:10
LH:0
BRDA:14,0,0,0
BRDA:14,0,1,0
BRDA:25,1,0,0
BRDA:25,1,1,0
BRF:4
BRH:0
end_of_record
TN:
SF:src\components\VideoPlayer.tsx
FN:20,VideoPlayer
FN:24,(anonymous_3)
FN:28,(anonymous_4)
FN:34,(anonymous_5)
FN:39,(anonymous_6)
FN:61,(anonymous_7)
FN:65,(anonymous_8)
FN:73,(anonymous_9)
FN:122,(anonymous_10)
FN:126,(anonymous_11)
FNF:10
FNH:0
FNDA:0,VideoPlayer
FNDA:0,(anonymous_3)
FNDA:0,(anonymous_4)
FNDA:0,(anonymous_5)
FNDA:0,(anonymous_6)
FNDA:0,(anonymous_7)
FNDA:0,(anonymous_8)
FNDA:0,(anonymous_9)
FNDA:0,(anonymous_10)
FNDA:0,(anonymous_11)
DA:3,0
DA:4,0
DA:5,0
DA:20,0
DA:21,0
DA:22,0
DA:24,0
DA:25,0
DA:28,0
DA:29,0
DA:32,0
DA:34,0
DA:35,0
DA:36,0
DA:39,0
DA:40,0
DA:41,0
DA:44,0
DA:62,0
DA:65,0
DA:74,0
DA:75,0
DA:123,0
DA:126,0
LF:24
LH:0
BRDA:25,0,0,0
BRDA:25,0,1,0
BRDA:29,1,0,0
BRDA:29,1,1,0
BRDA:44,2,0,0
BRDA:44,2,1,0
BRDA:94,3,0,0
BRDA:118,4,0,0
BRDA:146,5,0,0
BRDA:159,6,0,0
BRDA:159,6,1,0
BRDA:191,7,0,0
BRF:12
BRH:0
end_of_record
TN:
SF:src\components\category\CategoryContent.tsx
FN:15,(anonymous_2)
FN:46,(anonymous_3)
FN:62,(anonymous_4)
FNF:3
FNH:0
FNDA:0,(anonymous_2)
FNDA:0,(anonymous_3)
FNDA:0,(anonymous_4)
DA:2,0
DA:3,0
DA:15,0
DA:24,0
DA:47,0
DA:63,0
LF:6
LH:0
BRDA:24,0,0,0
BRDA:24,0,1,0
BRDA:42,1,0,0
BRDA:42,1,1,0
BRDA:56,2,0,0
BRDA:58,3,0,0
BRDA:58,3,1,0
BRDA:69,4,0,0
BRDA:69,4,1,0
BRDA:69,4,2,0
BRDA:81,5,0,0
BRDA:81,5,1,0
BRF:12
BRH:0
end_of_record
TN:
SF:src\components\category\CategoryControls.tsx
FN:15,(anonymous_1)
FN:34,(anonymous_2)
FN:47,(anonymous_3)
FN:55,(anonymous_4)
FN:68,(anonymous_5)
FN:76,(anonymous_6)
FNF:6
FNH:0
FNDA:0,(anonymous_1)
FNDA:0,(anonymous_2)
FNDA:0,(anonymous_3)
FNDA:0,(anonymous_4)
FNDA:0,(anonymous_5)
FNDA:0,(anonymous_6)
DA:1,0
DA:15,0
DA:34,0
DA:47,0
DA:55,0
DA:68,0
DA:76,0
LF:7
LH:0
BRDA:49,0,0,0
BRDA:49,0,1,0
BRDA:57,1,0,0
BRDA:57,1,1,0
BRDA:76,2,0,0
BRDA:76,2,1,0
BRDA:79,3,0,0
BRF:7
BRH:0
end_of_record
TN:
SF:src\components\category\CategoryHeader.tsx
FN:12,(anonymous_1)
FNF:1
FNH:0
FNDA:0,(anonymous_1)
DA:12,0
LF:1
LH:0
BRDA:29,0,0,0
BRDA:29,0,1,0
BRF:2
BRH:0
end_of_record
TN:
SF:src\components\layout\PageLayout.tsx
FN:14,PageLayout
FN:34,ContainerLayout
FN:50,DetailLayout
FNF:3
FNH:0
FNDA:0,PageLayout
FNDA:0,ContainerLayout
FNDA:0,DetailLayout
DA:4,0
DA:5,0
DA:14,0
DA:34,0
DA:50,0
LF:5
LH:0
BRDA:16,0,0,0
BRDA:17,1,0,0
BRDA:18,2,0,0
BRDA:22,3,0,0
BRDA:22,3,1,0
BRDA:36,4,0,0
BRDA:37,5,0,0
BRDA:38,6,0,0
BRDA:52,7,0,0
BRDA:53,8,0,0
BRDA:54,9,0,0
BRF:11
BRH:0
end_of_record
TN:
SF:src\components\movies\MovieSection.tsx
FN:23,MovieSection
FN:41,(anonymous_5)
FN:80,(anonymous_6)
FN:87,(anonymous_7)
FN:104,MovieGridSection
FN:122,(anonymous_9)
FN:161,(anonymous_10)
FN:168,(anonymous_11)
FNF:8
FNH:0
FNDA:0,MovieSection
FNDA:0,(anonymous_5)
FNDA:0,(anonymous_6)
FNDA:0,(anonymous_7)
FNDA:0,MovieGridSection
FNDA:0,(anonymous_9)
FNDA:0,(anonymous_10)
FNDA:0,(anonymous_11)
DA:5,0
DA:6,0
DA:7,0
DA:8,0
DA:23,0
DA:35,0
DA:41,0
DA:81,0
DA:88,0
DA:104,0
DA:116,0
DA:122,0
DA:162,0
DA:169,0
LF:14
LH:0
BRDA:27,0,0,0
BRDA:28,1,0,0
BRDA:29,2,0,0
BRDA:31,3,0,0
BRDA:32,4,0,0
BRDA:33,5,0,0
BRDA:35,6,0,0
BRDA:35,6,1,0
BRDA:62,7,0,0
BRDA:62,7,1,0
BRDA:66,8,0,0
BRDA:66,8,1,0
BRDA:79,9,0,0
BRDA:86,10,0,0
BRDA:108,11,0,0
BRDA:109,12,0,0
BRDA:110,13,0,0
BRDA:112,14,0,0
BRDA:113,15,0,0
BRDA:114,16,0,0
BRDA:116,17,0,0
BRDA:116,17,1,0
BRDA:143,18,0,0
BRDA:143,18,1,0
BRDA:147,19,0,0
BRDA:147,19,1,0
BRDA:160,20,0,0
BRDA:167,21,0,0
BRF:28
BRH:0
end_of_record
TN:
SF:src\components\pages\PeoplePageFilters.tsx
FN:16,(anonymous_1)
FN:44,(anonymous_2)
FN:55,(anonymous_3)
FN:69,(anonymous_4)
FN:84,(anonymous_5)
FN:98,(anonymous_6)
FN:101,(anonymous_7)
FN:155,(anonymous_8)
FNF:8
FNH:0
FNDA:0,(anonymous_1)
FNDA:0,(anonymous_2)
FNDA:0,(anonymous_3)
FNDA:0,(anonymous_4)
FNDA:0,(anonymous_5)
FNDA:0,(anonymous_6)
FNDA:0,(anonymous_7)
FNDA:0,(anonymous_8)
DA:8,0
DA:16,0
DA:27,0
DA:35,0
DA:44,0
DA:55,0
DA:69,0
DA:84,0
DA:99,0
DA:101,0
DA:156,0
LF:11
LH:0
BRDA:46,0,0,0
BRDA:46,0,1,0
BRDA:57,1,0,0
BRDA:57,1,1,0
BRDA:72,2,0,0
BRDA:72,2,1,0
BRDA:77,3,0,0
BRDA:94,4,0,0
BRDA:114,5,0,0
BRDA:114,5,1,0
BRDA:118,6,0,0
BRDA:131,7,0,0
BRDA:141,8,0,0
BRDA:151,9,0,0
BRDA:160,10,0,0
BRF:15
BRH:0
end_of_record
TN:
SF:src\components\pages\PeoplePageHeader.tsx
FN:17,(anonymous_2)
FN:77,(anonymous_3)
FNF:2
FNH:0
FNDA:0,(anonymous_2)
FNDA:0,(anonymous_3)
DA:1,0
DA:9,0
DA:17,0
DA:18,0
DA:19,0
DA:77,0
LF:6
LH:0
BRF:0
BRH:0
end_of_record
TN:
SF:src\components\pages\PeoplePagePagination.tsx
FN:9,(anonymous_1)
FN:22,(anonymous_2)
FN:78,(anonymous_3)
FN:87,(anonymous_4)
FN:102,(anonymous_5)
FN:117,(anonymous_6)
FN:131,(anonymous_7)
FN:134,(anonymous_8)
FN:155,(anonymous_9)
FN:168,(anonymous_10)
FN:184,(anonymous_11)
FN:191,(anonymous_12)
FNF:12
FNH:0
FNDA:0,(anonymous_1)
FNDA:0,(anonymous_2)
FNDA:0,(anonymous_3)
FNDA:0,(anonymous_4)
FNDA:0,(anonymous_5)
FNDA:0,(anonymous_6)
FNDA:0,(anonymous_7)
FNDA:0,(anonymous_8)
FNDA:0,(anonymous_9)
FNDA:0,(anonymous_10)
FNDA:0,(anonymous_11)
FNDA:0,(anonymous_12)
DA:1,0
DA:9,0
DA:17,0
DA:19,0
DA:22,0
DA:23,0
DA:24,0
DA:26,0
DA:28,0
DA:29,0
DA:33,0
DA:34,0
DA:37,0
DA:38,0
DA:41,0
DA:42,0
DA:46,0
DA:49,0
DA:78,0
DA:87,0
DA:102,0
DA:117,0
DA:132,0
DA:134,0
DA:155,0
DA:168,0
DA:185,0
DA:186,0
DA:188,0
DA:191,0
LF:30
LH:0
BRDA:26,0,0,0
BRDA:26,0,1,0
BRDA:37,1,0,0
BRDA:37,1,1,0
BRDA:49,2,0,0
BRDA:49,2,1,0
BRDA:79,3,0,0
BRDA:79,3,1,0
BRDA:88,4,0,0
BRDA:88,4,1,0
BRDA:103,5,0,0
BRDA:103,5,1,0
BRDA:114,6,0,0
BRDA:114,6,1,0
BRDA:124,7,0,0
BRDA:137,8,0,0
BRDA:137,8,1,0
BRDA:142,9,0,0
BRDA:142,9,1,0
BRDA:149,10,0,0
BRDA:149,10,1,0
BRDA:151,11,0,0
BRDA:169,12,0,0
BRDA:169,12,1,0
BRDA:186,13,0,0
BRDA:186,13,1,0
BRDA:192,14,0,0
BRDA:192,14,1,0
BRDA:210,15,0,0
BRDA:210,15,1,0
BRDA:214,16,0,0
BRDA:214,16,1,0
BRDA:220,17,0,0
BRF:33
BRH:0
end_of_record
TN:
SF:src\constants\api.ts
FN:35,(anonymous_5)
FN:36,(anonymous_6)
FN:37,(anonymous_7)
FN:38,(anonymous_8)
FN:43,(anonymous_9)
FN:44,(anonymous_10)
FN:45,(anonymous_11)
FNF:7
FNH:0
FNDA:0,(anonymous_5)
FNDA:0,(anonymous_6)
FNDA:0,(anonymous_7)
FNDA:0,(anonymous_8)
FNDA:0,(anonymous_9)
FNDA:0,(anonymous_10)
FNDA:0,(anonymous_11)
DA:2,0
DA:29,0
DA:35,0
DA:36,0
DA:37,0
DA:38,0
DA:43,0
DA:44,0
DA:45,0
DA:50,0
DA:58,0
LF:11
LH:0
BRDA:4,0,0,0
BRDA:4,0,1,0
BRF:2
BRH:0
end_of_record
TN:
SF:src\constants\categoryConfig.ts
FNF:0
FNH:0
DA:1,0
DA:11,0
DA:22,0
LF:3
LH:0
BRF:0
BRH:0
end_of_record
TN:
SF:src\constants\config.ts
FNF:0
FNH:0
DA:2,0
DA:124,0
DA:136,0
DA:146,0
DA:154,0
LF:5
LH:0
BRF:0
BRH:0
end_of_record
TN:
SF:src\constants\genres.ts
FN:30,(anonymous_9)
FN:31,(anonymous_10)
FN:36,(anonymous_11)
FN:37,(anonymous_12)
FN:41,(anonymous_13)
FN:66,(anonymous_14)
FN:67,(anonymous_15)
FN:72,(anonymous_16)
FN:73,(anonymous_17)
FN:77,(anonymous_18)
FNF:10
FNH:0
FNDA:0,(anonymous_9)
FNDA:0,(anonymous_10)
FNDA:0,(anonymous_11)
FNDA:0,(anonymous_12)
FNDA:0,(anonymous_13)
FNDA:0,(anonymous_14)
FNDA:0,(anonymous_15)
FNDA:0,(anonymous_16)
FNDA:0,(anonymous_17)
FNDA:0,(anonymous_18)
DA:5,0
DA:7,0
DA:30,0
DA:31,0
DA:32,0
DA:36,0
DA:37,0
DA:41,0
DA:42,0
DA:46,0
DA:66,0
DA:67,0
DA:68,0
DA:72,0
DA:73,0
DA:77,0
DA:78,0
LF:17
LH:0
BRDA:32,0,0,0
BRDA:32,0,1,0
BRDA:68,1,0,0
BRDA:68,1,1,0
BRF:4
BRH:0
end_of_record
TN:
SF:src\context\FavoritesContext.tsx
FN:48,(anonymous_3)
FN:60,(anonymous_4)
FN:67,(anonymous_5)
FN:68,(anonymous_6)
FN:70,(anonymous_7)
FN:85,(anonymous_8)
FN:86,(anonymous_9)
FN:88,(anonymous_10)
FN:103,(anonymous_11)
FN:104,(anonymous_12)
FN:106,(anonymous_13)
FN:121,(anonymous_14)
FN:122,(anonymous_15)
FN:122,(anonymous_16)
FN:125,(anonymous_17)
FN:126,(anonymous_18)
FN:126,(anonymous_19)
FN:129,(anonymous_20)
FN:130,(anonymous_21)
FN:130,(anonymous_22)
FN:133,(anonymous_23)
FN:134,(anonymous_24)
FN:137,(anonymous_25)
FN:138,(anonymous_26)
FN:141,(anonymous_27)
FN:142,(anonymous_28)
FN:145,(anonymous_29)
FN:151,(anonymous_30)
FN:155,(anonymous_31)
FN:159,(anonymous_32)
FNF:30
FNH:2
FNDA:5,(anonymous_3)
FNDA:4,(anonymous_4)
FNDA:0,(anonymous_5)
FNDA:0,(anonymous_6)
FNDA:0,(anonymous_7)
FNDA:0,(anonymous_8)
FNDA:0,(anonymous_9)
FNDA:0,(anonymous_10)
FNDA:0,(anonymous_11)
FNDA:0,(anonymous_12)
FNDA:0,(anonymous_13)
FNDA:0,(anonymous_14)
FNDA:0,(anonymous_15)
FNDA:0,(anonymous_16)
FNDA:0,(anonymous_17)
FNDA:0,(anonymous_18)
FNDA:0,(anonymous_19)
FNDA:0,(anonymous_20)
FNDA:0,(anonymous_21)
FNDA:0,(anonymous_22)
FNDA:0,(anonymous_23)
FNDA:0,(anonymous_24)
FNDA:0,(anonymous_25)
FNDA:0,(anonymous_26)
FNDA:0,(anonymous_27)
FNDA:0,(anonymous_28)
FNDA:0,(anonymous_29)
FNDA:0,(anonymous_30)
FNDA:0,(anonymous_31)
FNDA:0,(anonymous_32)
DA:3,1
DA:5,1
DA:46,1
DA:48,5
DA:49,5
DA:50,5
DA:51,0
DA:53,5
DA:60,2
DA:61,4
DA:62,4
DA:63,4
DA:65,4
DA:67,4
DA:68,0
DA:70,0
DA:71,0
DA:72,0
DA:75,0
DA:81,0
DA:85,4
DA:86,0
DA:88,0
DA:89,0
DA:90,0
DA:93,0
DA:99,0
DA:103,4
DA:104,0
DA:106,0
DA:107,0
DA:108,0
DA:111,0
DA:117,0
DA:121,4
DA:122,0
DA:125,4
DA:126,0
DA:129,4
DA:130,0
DA:133,4
DA:134,0
DA:137,4
DA:138,0
DA:141,4
DA:142,0
DA:145,4
DA:146,0
DA:147,0
DA:148,0
DA:151,4
DA:152,0
DA:155,4
DA:156,0
DA:159,4
DA:160,0
DA:163,4
LF:57
LH:26
BRDA:50,0,0,0
BRDA:50,0,1,5
BRDA:65,1,0,4
BRDA:65,1,1,2
BRDA:65,1,2,2
BRDA:71,2,0,0
BRDA:71,2,1,0
BRDA:89,3,0,0
BRDA:89,3,1,0
BRDA:107,4,0,0
BRDA:107,4,1,0
BRF:11
BRH:4
end_of_record
TN:
SF:src\context\ThemeContext.tsx
FN:12,(anonymous_6)
FN:16,(anonymous_7)
FN:24,(anonymous_8)
FN:31,(anonymous_9)
FN:32,(anonymous_10)
FN:47,(anonymous_11)
FNF:6
FNH:6
FNDA:5,(anonymous_6)
FNDA:2,(anonymous_7)
FNDA:5,(anonymous_8)
FNDA:1,(anonymous_9)
FNDA:1,(anonymous_10)
FNDA:5,(anonymous_11)
DA:3,1
DA:10,1
DA:12,2
DA:13,5
DA:14,5
DA:16,5
DA:17,2
DA:18,2
DA:19,2
DA:20,1
DA:24,5
DA:25,5
DA:26,3
DA:27,3
DA:31,5
DA:32,1
DA:36,5
DA:37,2
DA:47,5
DA:48,5
DA:49,5
DA:50,0
DA:52,5
LF:23
LH:22
BRDA:19,0,0,1
BRDA:19,0,1,1
BRDA:25,1,0,3
BRDA:25,1,1,2
BRDA:32,2,0,0
BRDA:32,2,1,1
BRDA:36,3,0,2
BRDA:36,3,1,3
BRDA:49,4,0,0
BRDA:49,4,1,5
BRF:10
BRH:8
end_of_record
TN:
SF:src\hooks\useApi.ts
FN:25,useApi
FN:46,(anonymous_9)
FN:65,(anonymous_10)
FN:106,(anonymous_11)
FN:108,(anonymous_12)
FN:118,useMovies
FN:119,(anonymous_14)
FN:139,useMovieDetails
FN:140,(anonymous_16)
FN:147,useMovieSearch
FN:148,(anonymous_18)
FN:156,usePersonDetails
FN:157,(anonymous_20)
FN:164,usePersonCredits
FN:165,(anonymous_22)
FN:172,usePersonImages
FN:173,(anonymous_24)
FNF:17
FNH:0
FNDA:0,useApi
FNDA:0,(anonymous_9)
FNDA:0,(anonymous_10)
FNDA:0,(anonymous_11)
FNDA:0,(anonymous_12)
FNDA:0,useMovies
FNDA:0,(anonymous_14)
FNDA:0,useMovieDetails
FNDA:0,(anonymous_16)
FNDA:0,useMovieSearch
FNDA:0,(anonymous_18)
FNDA:0,usePersonDetails
FNDA:0,(anonymous_20)
FNDA:0,usePersonCredits
FNDA:0,(anonymous_22)
FNDA:0,usePersonImages
FNDA:0,(anonymous_24)
DA:1,0
DA:2,0
DA:3,0
DA:23,0
DA:25,0
DA:35,0
DA:37,0
DA:44,0
DA:46,0
DA:48,0
DA:51,0
DA:52,0
DA:53,0
DA:54,0
DA:60,0
DA:64,0
DA:65,0
DA:67,0
DA:68,0
DA:70,0
DA:71,0
DA:75,0
DA:76,0
DA:82,0
DA:89,0
DA:91,0
DA:93,0
DA:100,0
DA:102,0
DA:106,0
DA:108,0
DA:109,0
DA:110,0
DA:114,0
DA:118,0
DA:119,0
DA:120,0
DA:122,0
DA:124,0
DA:126,0
DA:128,0
DA:132,0
DA:139,0
DA:140,0
DA:147,0
DA:148,0
DA:156,0
DA:157,0
DA:164,0
DA:165,0
DA:172,0
DA:173,0
LF:52
LH:0
BRDA:27,0,0,0
BRDA:30,1,0,0
BRDA:32,2,0,0
BRDA:46,3,0,0
BRDA:48,4,0,0
BRDA:48,4,1,0
BRDA:51,5,0,0
BRDA:51,5,1,0
BRDA:51,6,0,0
BRDA:51,6,1,0
BRDA:53,7,0,0
BRDA:53,7,1,0
BRDA:53,8,0,0
BRDA:53,8,1,0
BRDA:70,9,0,0
BRDA:70,9,1,0
BRDA:75,10,0,0
BRDA:75,10,1,0
BRDA:91,11,0,0
BRDA:91,11,1,0
BRDA:109,12,0,0
BRDA:109,12,1,0
BRDA:118,13,0,0
BRDA:120,14,0,0
BRDA:120,14,1,0
BRDA:120,14,2,0
BRDA:120,14,3,0
BRDA:147,15,0,0
BRF:28
BRH:0
end_of_record
TN:
SF:src\hooks\useCategoryMovies.ts
FN:17,(anonymous_1)
FN:31,(anonymous_2)
FN:33,(anonymous_3)
FN:39,(anonymous_4)
FN:46,(anonymous_5)
FN:68,(anonymous_6)
FN:84,(anonymous_7)
FN:93,(anonymous_8)
FN:104,(anonymous_9)
FN:114,(anonymous_10)
FN:145,(anonymous_11)
FN:154,(anonymous_12)
FNF:12
FNH:0
FNDA:0,(anonymous_1)
FNDA:0,(anonymous_2)
FNDA:0,(anonymous_3)
FNDA:0,(anonymous_4)
FNDA:0,(anonymous_5)
FNDA:0,(anonymous_6)
FNDA:0,(anonymous_7)
FNDA:0,(anonymous_8)
FNDA:0,(anonymous_9)
FNDA:0,(anonymous_10)
FNDA:0,(anonymous_11)
FNDA:0,(anonymous_12)
DA:1,0
DA:3,0
DA:17,0
DA:18,0
DA:19,0
DA:20,0
DA:21,0
DA:22,0
DA:23,0
DA:24,0
DA:25,0
DA:26,0
DA:28,0
DA:31,0
DA:32,0
DA:33,0
DA:34,0
DA:35,0
DA:37,0
DA:38,0
DA:39,0
DA:46,0
DA:47,0
DA:49,0
DA:50,0
DA:51,0
DA:54,0
DA:55,0
DA:56,0
DA:59,0
DA:61,0
DA:62,0
DA:64,0
DA:67,0
DA:68,0
DA:70,0
DA:73,0
DA:75,0
DA:76,0
DA:77,0
DA:79,0
DA:84,0
DA:85,0
DA:86,0
DA:87,0
DA:88,0
DA:93,0
DA:95,0
DA:96,0
DA:97,0
DA:100,0
DA:103,0
DA:104,0
DA:105,0
DA:106,0
DA:107,0
DA:109,0
DA:114,0
DA:117,0
DA:119,0
DA:120,0
DA:121,0
DA:123,0
DA:124,0
DA:125,0
DA:128,0
DA:129,0
DA:130,0
DA:131,0
DA:132,0
DA:134,0
DA:135,0
DA:138,0
DA:141,0
DA:145,0
DA:146,0
DA:147,0
DA:148,0
DA:149,0
DA:154,0
DA:155,0
DA:158,0
LF:82
LH:0
BRDA:34,0,0,0
BRDA:34,0,1,0
BRDA:41,1,0,0
BRDA:41,1,1,0
BRDA:46,2,0,0
BRDA:46,3,0,0
BRDA:47,4,0,0
BRDA:47,4,1,0
BRDA:54,5,0,0
BRDA:54,5,1,0
BRDA:54,6,0,0
BRDA:54,6,1,0
BRDA:54,6,2,0
BRDA:61,7,0,0
BRDA:61,7,1,0
BRDA:64,8,0,0
BRDA:64,8,1,0
BRDA:67,9,0,0
BRDA:67,9,1,0
BRDA:75,10,0,0
BRDA:75,10,1,0
BRDA:85,11,0,0
BRDA:85,11,1,0
BRDA:95,12,0,0
BRDA:95,12,1,0
BRDA:103,13,0,0
BRDA:103,13,1,0
BRDA:105,14,0,0
BRDA:105,14,1,0
BRDA:105,14,2,0
BRDA:106,15,0,0
BRDA:106,15,1,0
BRDA:109,16,0,0
BRDA:109,16,1,0
BRDA:117,17,0,0
BRDA:117,17,1,0
BRDA:117,17,2,0
BRDA:117,17,3,0
BRDA:119,18,0,0
BRDA:119,18,1,0
BRDA:120,19,0,0
BRDA:120,19,1,0
BRDA:123,20,0,0
BRDA:123,20,1,0
BRDA:124,21,0,0
BRDA:124,21,1,0
BRDA:128,22,0,0
BRDA:128,22,1,0
BRDA:128,22,2,0
BRDA:129,23,0,0
BRDA:129,23,1,0
BRDA:129,23,2,0
BRDA:134,24,0,0
BRDA:134,24,1,0
BRDA:135,25,0,0
BRDA:135,25,1,0
BRDA:138,26,0,0
BRDA:138,26,1,0
BRDA:146,27,0,0
BRDA:146,27,1,0
BRDA:146,28,0,0
BRDA:146,28,1,0
BRF:62
BRH:0
end_of_record
TN:
SF:src\hooks\useHomePage.ts
FN:21,(anonymous_1)
FN:42,(anonymous_2)
FN:44,(anonymous_3)
FN:50,(anonymous_4)
FN:56,(anonymous_5)
FN:83,(anonymous_6)
FN:85,(anonymous_7)
FN:87,(anonymous_8)
FN:89,(anonymous_9)
FN:100,(anonymous_10)
FN:119,(anonymous_11)
FN:123,(anonymous_12)
FNF:12
FNH:0
FNDA:0,(anonymous_1)
FNDA:0,(anonymous_2)
FNDA:0,(anonymous_3)
FNDA:0,(anonymous_4)
FNDA:0,(anonymous_5)
FNDA:0,(anonymous_6)
FNDA:0,(anonymous_7)
FNDA:0,(anonymous_8)
FNDA:0,(anonymous_9)
FNDA:0,(anonymous_10)
FNDA:0,(anonymous_11)
FNDA:0,(anonymous_12)
DA:1,0
DA:2,0
DA:4,0
DA:21,0
DA:22,0
DA:23,0
DA:24,0
DA:25,0
DA:27,0
DA:28,0
DA:29,0
DA:31,0
DA:34,0
DA:42,0
DA:43,0
DA:44,0
DA:45,0
DA:46,0
DA:48,0
DA:49,0
DA:50,0
DA:56,0
DA:58,0
DA:59,0
DA:63,0
[...]
FNDA:0,(anonymous_24)
FNDA:0,(anonymous_25)
FNDA:0,(anonymous_26)
FNDA:0,(anonymous_27)
FNDA:0,(anonymous_28)
FNDA:0,(anonymous_29)
FNDA:0,(anonymous_30)
FNDA:0,(anonymous_31)
FNDA:0,(anonymous_32)
FNDA:0,(anonymous_33)
FNDA:0,(anonymous_34)
FNDA:0,(anonymous_35)
FNDA:0,(anonymous_36)
FNDA:0,(anonymous_37)
FNDA:0,(anonymous_38)
DA:1,0
DA:2,0
DA:9,0
DA:46,0
DA:47,0
DA:48,0
DA:49,0
DA:50,0
DA:53,0
DA:54,0
DA:55,0
DA:56,0
DA:59,0
DA:60,0
DA:61,0
DA:64,0
DA:65,0
DA:71,0
DA:72,0
DA:75,0
DA:76,0
DA:77,0
DA:78,0
DA:79,0
DA:81,0
DA:82,0
DA:83,0
DA:90,0
DA:91,0
DA:92,0
DA:93,0
DA:97,0
DA:98,0
DA:99,0
DA:100,0
DA:105,0
DA:106,0
DA:107,0
DA:108,0
DA:109,0
DA:113,0
DA:114,0
DA:119,0
DA:120,0
DA:121,0
DA:126,0
DA:127,0
DA:129,0
DA:131,0
DA:133,0
DA:135,0
DA:136,0
DA:137,0
DA:138,0
DA:141,0
DA:142,0
DA:143,0
DA:144,0
DA:147,0
DA:152,0
DA:153,0
DA:154,0
DA:157,0
DA:158,0
DA:160,0
DA:161,0
DA:162,0
DA:163,0
DA:164,0
DA:166,0
DA:169,0
DA:175,0
DA:176,0
DA:177,0
DA:179,0
DA:180,0
DA:183,0
DA:186,0
DA:188,0
DA:189,0
DA:191,0
DA:192,0
DA:194,0
DA:195,0
DA:197,0
DA:198,0
DA:200,0
DA:203,0
DA:204,0
DA:208,0
DA:213,0
DA:214,0
DA:216,0
DA:217,0
DA:219,0
DA:221,0
DA:225,0
DA:226,0
DA:227,0
DA:230,0
DA:232,0
DA:233,0
DA:234,0
DA:235,0
DA:240,0
DA:246,0
DA:248,0
DA:252,0
DA:253,0
DA:254,0
DA:259,0
DA:260,0
DA:261,0
DA:262,0
DA:264,0
DA:265,0
DA:267,0
DA:269,0
DA:270,0
DA:274,0
DA:278,0
DA:279,0
DA:280,0
DA:281,0
DA:282,0
DA:286,0
DA:304,0
DA:315,0
LF:128
LH:0
BRDA:78,0,0,0
BRDA:78,0,1,0
BRDA:92,1,0,0
BRDA:92,1,1,0
BRDA:97,2,0,0
BRDA:97,2,1,0
BRDA:105,3,0,0
BRDA:105,3,1,0
BRDA:120,4,0,0
BRDA:120,4,1,0
BRDA:129,5,0,0
BRDA:129,5,1,0
BRDA:129,5,2,0
BRDA:129,5,3,0
BRDA:129,5,4,0
BRDA:131,6,0,0
BRDA:131,6,1,0
BRDA:131,7,0,0
BRDA:131,7,1,0
BRDA:133,8,0,0
BRDA:133,8,1,0
BRDA:133,9,0,0
BRDA:133,9,1,0
BRDA:136,10,0,0
BRDA:136,10,1,0
BRDA:137,11,0,0
BRDA:137,11,1,0
BRDA:142,12,0,0
BRDA:142,12,1,0
BRDA:143,13,0,0
BRDA:143,13,1,0
BRDA:153,14,0,0
BRDA:153,14,1,0
BRDA:157,15,0,0
BRDA:157,15,1,0
BRDA:158,16,0,0
BRDA:158,16,1,0
BRDA:160,17,0,0
BRDA:160,17,1,0
BRDA:163,18,0,0
BRDA:163,18,1,0
BRDA:169,19,0,0
BRDA:169,19,1,0
BRDA:186,20,0,0
BRDA:186,20,1,0
BRDA:186,20,2,0
BRDA:186,20,3,0
BRDA:186,20,4,0
BRDA:203,21,0,0
BRDA:203,21,1,0
BRDA:226,22,0,0
BRDA:226,22,1,0
BRDA:226,23,0,0
BRDA:226,23,1,0
BRDA:234,24,0,0
BRDA:234,24,1,0
BRDA:253,25,0,0
BRDA:253,25,1,0
BRDA:279,26,0,0
BRDA:279,26,1,0
BRDA:279,27,0,0
BRDA:279,27,1,0
BRF:62
BRH:0
end_of_record
TN:
SF:src\hooks\useOptimizedAPI.ts
FN:17,useOptimizedAPI
FN:41,(anonymous_5)
FN:48,(anonymous_6)
FN:57,(anonymous_7)
FN:80,(anonymous_8)
FN:86,(anonymous_9)
FN:98,(anonymous_10)
FN:101,(anonymous_11)
FN:107,(anonymous_12)
FN:113,(anonymous_13)
FN:126,(anonymous_14)
FN:131,(anonymous_15)
FN:132,(anonymous_16)
FN:145,(anonymous_17)
FN:154,useSearchAPI
FN:163,(anonymous_19)
FN:178,useListAPI
FN:191,(anonymous_21)
FN:199,(anonymous_22)
FN:215,(anonymous_23)
FN:221,(anonymous_24)
FNF:21
FNH:0
FNDA:0,useOptimizedAPI
FNDA:0,(anonymous_5)
FNDA:0,(anonymous_6)
FNDA:0,(anonymous_7)
FNDA:0,(anonymous_8)
FNDA:0,(anonymous_9)
FNDA:0,(anonymous_10)
FNDA:0,(anonymous_11)
FNDA:0,(anonymous_12)
FNDA:0,(anonymous_13)
FNDA:0,(anonymous_14)
FNDA:0,(anonymous_15)
FNDA:0,(anonymous_16)
FNDA:0,(anonymous_17)
FNDA:0,useSearchAPI
FNDA:0,(anonymous_19)
FNDA:0,useListAPI
FNDA:0,(anonymous_21)
FNDA:0,(anonymous_22)
FNDA:0,(anonymous_23)
FNDA:0,(anonymous_24)
DA:1,0
DA:17,0
DA:26,0
DA:28,0
DA:35,0
DA:36,0
DA:37,0
DA:38,0
DA:41,0
DA:42,0
DA:43,0
DA:48,0
DA:50,0
DA:51,0
DA:55,0
DA:57,0
DA:59,0
DA:60,0
DA:62,0
DA:69,0
DA:70,0
DA:73,0
DA:74,0
DA:78,0
DA:79,0
DA:80,0
DA:81,0
DA:83,0
DA:86,0
DA:92,0
DA:93,0
DA:98,0
DA:99,0
DA:101,0
DA:102,0
DA:107,0
DA:108,0
DA:110,0
DA:111,0
DA:112,0
DA:113,0
DA:114,0
DA:115,0
DA:118,0
DA:121,0
DA:122,0
DA:126,0
DA:127,0
DA:131,0
DA:132,0
DA:133,0
DA:134,0
DA:135,0
DA:140,0
DA:146,0
DA:147,0
DA:154,0
DA:158,0
DA:163,0
DA:164,0
DA:165,0
DA:166,0
DA:168,0
DA:171,0
DA:178,0
DA:182,0
DA:183,0
DA:184,0
DA:186,0
DA:191,0
DA:192,0
DA:193,0
DA:195,0
DA:196,0
DA:198,0
DA:199,0
DA:201,0
DA:204,0
DA:205,0
DA:208,0
DA:210,0
DA:211,0
DA:215,0
DA:216,0
DA:217,0
DA:221,0
DA:222,0
DA:223,0
DA:224,0
DA:225,0
DA:228,0
LF:91
LH:0
BRDA:19,0,0,0
BRDA:22,1,0,0
BRDA:23,2,0,0
BRDA:24,3,0,0
BRDA:25,4,0,0
BRDA:42,5,0,0
BRDA:42,5,1,0
BRDA:50,6,0,0
BRDA:50,6,1,0
BRDA:73,7,0,0
BRDA:73,7,1,0
BRDA:78,8,0,0
BRDA:78,8,1,0
BRDA:89,9,0,0
BRDA:89,9,1,0
BRDA:110,10,0,0
BRDA:110,10,1,0
BRDA:111,11,0,0
BRDA:111,11,1,0
BRDA:134,12,0,0
BRDA:134,12,1,0
BRDA:146,13,0,0
BRDA:146,13,1,0
BRDA:156,14,0,0
BRDA:164,15,0,0
BRDA:164,15,1,0
BRDA:180,16,0,0
BRDA:191,17,0,0
BRDA:195,18,0,0
BRDA:195,18,1,0
BRDA:195,19,0,0
BRDA:195,19,1,0
BRDA:198,20,0,0
BRDA:198,20,1,0
BRDA:204,21,0,0
BRDA:204,21,1,0
BRDA:216,22,0,0
BRDA:216,22,1,0
BRDA:216,23,0,0
BRDA:216,23,1,0
BRF:40
BRH:0
end_of_record
TN:
SF:src\hooks\usePageTransition.ts
FN:12,usePageTransition
FN:22,(anonymous_2)
FN:34,(anonymous_3)
FN:86,(anonymous_4)
FN:90,(anonymous_5)
FN:98,(anonymous_6)
FN:99,(anonymous_7)
FN:105,(anonymous_8)
FNF:8
FNH:0
FNDA:0,usePageTransition
FNDA:0,(anonymous_2)
FNDA:0,(anonymous_3)
FNDA:0,(anonymous_4)
FNDA:0,(anonymous_5)
FNDA:0,(anonymous_6)
FNDA:0,(anonymous_7)
FNDA:0,(anonymous_8)
DA:2,0
DA:3,0
DA:12,0
DA:13,0
DA:14,0
DA:22,0
DA:23,0
DA:25,0
DA:26,0
DA:28,0
DA:29,0
DA:30,0
DA:34,0
DA:35,0
DA:42,0
DA:44,0
DA:59,0
DA:72,0
DA:86,0
DA:87,0
DA:88,0
DA:90,0
DA:98,0
DA:99,0
DA:105,0
DA:109,0
LF:26
LH:0
BRDA:23,0,0,0
BRDA:23,0,1,0
BRDA:28,1,0,0
BRDA:28,1,1,0
BRDA:29,2,0,0
BRDA:29,2,1,0
BRDA:42,3,0,0
BRDA:42,3,1,0
BRDA:42,3,2,0
BRDA:49,4,0,0
BRDA:49,4,1,0
BRDA:54,5,0,0
BRDA:54,5,1,0
BRDA:63,6,0,0
BRDA:63,6,1,0
BRDA:67,7,0,0
BRDA:67,7,1,0
BRDA:76,8,0,0
BRDA:76,8,1,0
BRDA:80,9,0,0
BRDA:80,9,1,0
BRDA:87,10,0,0
BRDA:87,10,1,0
BRF:23
BRH:0
end_of_record
TN:
SF:src\hooks\usePeoplePage.ts
FN:43,(anonymous_1)
FN:71,(anonymous_2)
FN:76,(anonymous_3)
FN:78,(anonymous_4)
FN:84,(anonymous_5)
FN:95,(anonymous_6)
FN:100,(anonymous_7)
FN:100,(anonymous_8)
FN:101,(anonymous_9)
FN:103,(anonymous_10)
FN:103,(anonymous_11)
FN:104,(anonymous_12)
FN:105,(anonymous_13)
FN:106,(anonymous_14)
FN:116,(anonymous_15)
FN:149,(anonymous_16)
FN:154,(anonymous_17)
FN:155,(anonymous_18)
FN:162,(anonymous_19)
FN:168,(anonymous_20)
FN:174,(anonymous_21)
FN:191,(anonymous_22)
FN:197,(anonymous_23)
FN:210,(anonymous_24)
FN:216,(anonymous_25)
FN:221,(anonymous_26)
FN:231,(anonymous_27)
FNF:27
FNH:0
FNDA:0,(anonymous_1)
FNDA:0,(anonymous_2)
FNDA:0,(anonymous_3)
FNDA:0,(anonymous_4)
FNDA:0,(anonymous_5)
FNDA:0,(anonymous_6)
FNDA:0,(anonymous_7)
FNDA:0,(anonymous_8)
FNDA:0,(anonymous_9)
FNDA:0,(anonymous_10)
FNDA:0,(anonymous_11)
FNDA:0,(anonymous_12)
FNDA:0,(anonymous_13)
FNDA:0,(anonymous_14)
FNDA:0,(anonymous_15)
FNDA:0,(anonymous_16)
FNDA:0,(anonymous_17)
FNDA:0,(anonymous_18)
FNDA:0,(anonymous_19)
FNDA:0,(anonymous_20)
FNDA:0,(anonymous_21)
FNDA:0,(anonymous_22)
FNDA:0,(anonymous_23)
FNDA:0,(anonymous_24)
FNDA:0,(anonymous_25)
FNDA:0,(anonymous_26)
FNDA:0,(anonymous_27)
DA:1,0
DA:2,0
DA:4,0
DA:43,0
DA:44,0
DA:45,0
DA:46,0
DA:47,0
DA:48,0
DA:49,0
DA:50,0
DA:53,0
DA:54,0
DA:55,0
DA:61,0
DA:62,0
DA:65,0
DA:66,0
DA:68,0
DA:71,0
DA:72,0
DA:74,0
DA:76,0
DA:78,0
DA:79,0
DA:80,0
DA:81,0
DA:84,0
DA:85,0
DA:86,0
DA:87,0
DA:90,0
DA:95,0
DA:96,0
DA:97,0
DA:100,0
DA:101,0
DA:103,0
DA:104,0
DA:105,0
DA:106,0
DA:108,0
DA:116,0
DA:117,0
DA:118,0
DA:121,0
DA:122,0
DA:124,0
DA:127,0
DA:128,0
DA:129,0
DA:130,0
DA:133,0
DA:134,0
DA:136,0
DA:137,0
DA:140,0
DA:141,0
DA:143,0
DA:144,0
DA:149,0
DA:150,0
DA:153,0
DA:154,0
DA:155,0
DA:156,0
DA:162,0
DA:163,0
DA:164,0
DA:168,0
DA:169,0
DA:170,0
DA:174,0
DA:175,0
DA:176,0
DA:179,0
DA:180,0
DA:181,0
DA:184,0
DA:191,0
DA:192,0
DA:193,0
DA:197,0
DA:198,0
DA:199,0
DA:200,0
DA:201,0
DA:203,0
DA:205,0
DA:210,0
DA:211,0
DA:212,0
DA:213,0
DA:216,0
DA:217,0
DA:221,0
DA:222,0
DA:223,0
DA:224,0
DA:225,0
DA:226,0
DA:231,0
DA:232,0
DA:233,0
DA:237,0
DA:254,0
DA:269,0
LF:107
LH:0
BRDA:74,0,0,0
BRDA:74,0,1,0
BRDA:74,0,2,0
BRDA:74,0,3,0
BRDA:76,1,0,0
BRDA:76,1,1,0
BRDA:76,2,0,0
BRDA:76,2,1,0
BRDA:79,3,0,0
BRDA:79,3,1,0
BRDA:80,4,0,0
BRDA:80,4,1,0
BRDA:85,5,0,0
BRDA:85,5,1,0
BRDA:86,6,0,0
BRDA:86,6,1,0
BRDA:96,7,0,0
BRDA:96,7,1,0
BRDA:100,8,0,0
BRDA:100,8,1,0
BRDA:101,9,0,0
BRDA:101,9,1,0
BRDA:105,10,0,0
BRDA:105,10,1,0
BRDA:105,11,0,0
BRDA:105,11,1,0
BRDA:121,12,0,0
BRDA:121,12,1,0
BRDA:136,13,0,0
BRDA:136,13,1,0
BRDA:136,14,0,0
BRDA:136,14,1,0
BRDA:153,15,0,0
BRDA:153,15,1,0
BRDA:153,16,0,0
BRDA:153,16,1,0
BRDA:175,17,0,0
BRDA:175,17,1,0
BRDA:175,18,0,0
BRDA:175,18,1,0
BRDA:175,18,2,0
BRDA:175,18,3,0
BRDA:222,19,0,0
BRDA:222,19,1,0
BRDA:232,20,0,0
BRDA:232,20,1,0
BRF:46
BRH:0
end_of_record
TN:
SF:src\lib\api.ts
FN:6,(anonymous_35)
FN:19,(anonymous_36)
FN:29,(anonymous_37)
FN:46,(anonymous_38)
FN:116,(anonymous_39)
FN:121,(anonymous_40)
FN:126,(anonymous_41)
FN:131,(anonymous_42)
FN:136,(anonymous_43)
FN:144,(anonymous_44)
FN:149,(anonymous_45)
FN:154,(anonymous_46)
FN:159,(anonymous_47)
FN:164,(anonymous_48)
FN:174,(anonymous_49)
FN:184,(anonymous_50)
FN:192,(anonymous_51)
FN:197,(anonymous_52)
FN:202,(anonymous_53)
FN:212,(anonymous_54)
FN:217,(anonymous_55)
FN:222,(anonymous_56)
FN:227,(anonymous_57)
FN:239,(anonymous_58)
FN:244,(anonymous_59)
FN:249,(anonymous_60)
FN:254,(anonymous_61)
FN:259,(anonymous_62)
FN:267,(anonymous_63)
FN:272,(anonymous_64)
FN:277,(anonymous_65)
FN:282,(anonymous_66)
FN:287,(anonymous_67)
FN:297,(anonymous_68)
FN:302,(anonymous_69)
FNF:35
FNH:0
FNDA:0,(anonymous_35)
FNDA:0,(anonymous_36)
FNDA:0,(anonymous_37)
FNDA:0,(anonymous_38)
FNDA:0,(anonymous_39)
FNDA:0,(anonymous_40)
FNDA:0,(anonymous_41)
FNDA:0,(anonymous_42)
FNDA:0,(anonymous_43)
FNDA:0,(anonymous_44)
FNDA:0,(anonymous_45)
FNDA:0,(anonymous_46)
FNDA:0,(anonymous_47)
FNDA:0,(anonymous_48)
FNDA:0,(anonymous_49)
FNDA:0,(anonymous_50)
FNDA:0,(anonymous_51)
FNDA:0,(anonymous_52)
FNDA:0,(anonymous_53)
FNDA:0,(anonymous_54)
FNDA:0,(anonymous_55)
FNDA:0,(anonymous_56)
FNDA:0,(anonymous_57)
FNDA:0,(anonymous_58)
FNDA:0,(anonymous_59)
FNDA:0,(anonymous_60)
FNDA:0,(anonymous_61)
FNDA:0,(anonymous_62)
FNDA:0,(anonymous_63)
FNDA:0,(anonymous_64)
FNDA:0,(anonymous_65)
FNDA:0,(anonymous_66)
FNDA:0,(anonymous_67)
FNDA:0,(anonymous_68)
FNDA:0,(anonymous_69)
DA:2,0
DA:3,0
DA:6,0
DA:7,0
DA:9,0
DA:10,0
DA:13,0
DA:16,0
DA:19,0
DA:20,0
DA:21,0
DA:25,0
DA:29,0
DA:30,0
DA:33,0
DA:34,0
DA:35,0
DA:36,0
DA:37,0
DA:41,0
DA:42,0
DA:45,0
DA:46,0
DA:48,0
DA:56,0
DA:58,0
DA:59,0
DA:60,0
DA:62,0
DA:63,0
DA:64,0
DA:65,0
DA:66,0
DA:67,0
DA:69,0
DA:74,0
DA:75,0
DA:76,0
DA:80,0
DA:81,0
DA:83,0
DA:84,0
DA:85,0
DA:89,0
DA:90,0
DA:93,0
DA:95,0
DA:96,0
DA:99,0
DA:100,0
DA:103,0
DA:104,0
DA:107,0
DA:108,0
DA:111,0
DA:116,0
DA:117,0
DA:121,0
DA:122,0
DA:126,0
DA:127,0
DA:131,0
DA:132,0
DA:136,0
DA:137,0
DA:144,0
DA:145,0
DA:149,0
DA:150,0
DA:154,0
DA:155,0
DA:159,0
DA:160,0
DA:164,0
DA:165,0
DA:174,0
DA:175,0
DA:184,0
DA:185,0
DA:192,0
DA:193,0
DA:197,0
DA:198,0
DA:202,0
DA:203,0
DA:212,0
DA:213,0
DA:217,0
DA:218,0
DA:222,0
DA:223,0
DA:227,0
DA:228,0
DA:229,0
DA:230,0
DA:232,0
DA:239,0
DA:240,0
DA:244,0
DA:245,0
DA:249,0
DA:250,0
DA:254,0
DA:255,0
DA:259,0
DA:260,0
DA:267,0
DA:268,0
DA:272,0
DA:273,0
DA:277,0
DA:278,0
DA:282,0
DA:283,0
DA:287,0
DA:288,0
DA:297,0
DA:298,0
DA:302,0
DA:303,0
DA:312,0
LF:121
LH:0
BRDA:6,0,0,0
BRDA:9,1,0,0
BRDA:9,1,1,0
BRDA:20,2,0,0
BRDA:20,2,1,0
BRDA:20,3,0,0
BRDA:20,3,1,0
BRDA:20,3,2,0
BRDA:29,4,0,0
BRDA:33,5,0,0
BRDA:33,5,1,0
BRDA:35,6,0,0
BRDA:35,6,1,0
BRDA:58,7,0,0
BRDA:58,7,1,0
BRDA:62,8,0,0
BRDA:62,8,1,0
BRDA:64,9,0,0
BRDA:64,9,1,0
BRDA:66,10,0,0
BRDA:66,10,1,0
BRDA:75,11,0,0
BRDA:75,11,1,0
BRDA:89,12,0,0
BRDA:89,12,1,0
BRDA:99,13,0,0
BRDA:99,13,1,0
BRDA:99,14,0,0
BRDA:99,14,1,0
BRDA:103,15,0,0
BRDA:103,15,1,0
BRDA:107,16,0,0
BRDA:107,16,1,0
BRDA:107,17,0,0
BRDA:107,17,1,0
BRDA:116,18,0,0
BRDA:121,19,0,0
BRDA:126,20,0,0
BRDA:131,21,0,0
BRDA:154,22,0,0
BRDA:159,23,0,0
BRDA:164,24,0,0
BRDA:174,25,0,0
BRDA:202,26,0,0
BRDA:217,27,0,0
BRDA:239,28,0,0
BRDA:244,29,0,0
BRDA:249,30,0,0
BRDA:254,31,0,0
BRDA:277,32,0,0
BRDA:282,33,0,0
BRDA:287,34,0,0
BRDA:302,35,0,0
BRF:53
BRH:0
end_of_record
TN:
SF:src\lib\cache.ts
FN:18,(anonymous_5)
FN:32,(anonymous_6)
FN:35,(anonymous_7)
FN:41,(anonymous_8)
FN:59,(anonymous_9)
FN:82,(anonymous_10)
FN:99,(anonymous_11)
FN:109,(anonymous_12)
FN:117,(anonymous_13)
FN:127,(anonymous_14)
FN:143,(anonymous_15)
FN:160,(anonymous_16)
FNF:12
FNH:0
FNDA:0,(anonymous_5)
FNDA:0,(anonymous_6)
FNDA:0,(anonymous_7)
FNDA:0,(anonymous_8)
FNDA:0,(anonymous_9)
FNDA:0,(anonymous_10)
FNDA:0,(anonymous_11)
FNDA:0,(anonymous_12)
FNDA:0,(anonymous_13)
FNDA:0,(anonymous_14)
FNDA:0,(anonymous_15)
FNDA:0,(anonymous_16)
DA:15,0
DA:19,0
DA:26,0
DA:27,0
DA:33,0
DA:35,0
DA:37,0
DA:42,0
DA:43,0
DA:45,0
DA:46,0
DA:50,0
DA:51,0
DA:52,0
DA:55,0
DA:60,0
DA:61,0
DA:64,0
DA:65,0
DA:68,0
DA:74,0
DA:76,0
DA:77,0
DA:83,0
DA:84,0
DA:86,0
DA:87,0
DA:88,0
DA:89,0
DA:93,0
DA:94,0
DA:100,0
DA:101,0
DA:102,0
DA:103,0
DA:110,0
DA:111,0
DA:112,0
DA:118,0
DA:119,0
DA:120,0
DA:122,0
DA:128,0
DA:129,0
DA:130,0
DA:131,0
DA:132,0
DA:135,0
DA:138,0
DA:144,0
DA:153,0
DA:154,0
DA:155,0
DA:156,0
DA:159,0
DA:160,0
DA:161,0
DA:162,0
DA:163,0
DA:164,0
LF:60
LH:0
BRDA:18,0,0,0
BRDA:26,1,0,0
BRDA:26,1,1,0
BRDA:32,2,0,0
BRDA:41,3,0,0
BRDA:45,4,0,0
BRDA:45,4,1,0
BRDA:50,5,0,0
BRDA:50,5,1,0
BRDA:59,6,0,0
BRDA:64,7,0,0
BRDA:64,7,1,0
BRDA:76,8,0,0
BRDA:76,8,1,0
BRDA:87,9,0,0
BRDA:87,9,1,0
BRDA:93,10,0,0
BRDA:93,10,1,0
BRDA:102,11,0,0
BRDA:102,11,1,0
BRDA:111,12,0,0
BRDA:111,12,1,0
BRDA:130,13,0,0
BRDA:130,13,1,0
BRDA:159,14,0,0
BRDA:159,14,1,0
BRF:26
BRH:0
end_of_record
TN:
SF:src\lib\config.ts
FN:35,(anonymous_6)
FN:51,(anonymous_7)
FN:63,(anonymous_8)
FN:69,(anonymous_9)
FNF:4
FNH:0
FNDA:0,(anonymous_6)
FNDA:0,(anonymous_7)
FNDA:0,(anonymous_8)
FNDA:0,(anonymous_9)
DA:2,0
DA:35,0
DA:36,0
DA:38,0
DA:39,0
DA:42,0
DA:43,0
DA:44,0
DA:47,0
DA:51,0
DA:52,0
DA:54,0
DA:55,0
DA:56,0
DA:59,0
DA:63,0
DA:64,0
DA:65,0
DA:69,0
DA:70,0
DA:71,0
DA:72,0
DA:73,0
LF:23
LH:0
BRDA:5,0,0,0
BRDA:5,0,1,0
BRDA:12,1,0,0
BRDA:12,1,1,0
BRDA:13,2,0,0
BRDA:13,2,1,0
BRDA:38,3,0,0
BRDA:38,3,1,0
BRDA:38,4,0,0
BRDA:38,4,1,0
BRDA:42,5,0,0
BRDA:42,5,1,0
BRDA:54,6,0,0
BRDA:54,6,1,0
BRDA:54,7,0,0
BRDA:54,7,1,0
BRDA:63,8,0,0
BRDA:64,9,0,0
BRDA:64,9,1,0
BRDA:70,10,0,0
BRDA:70,10,1,0
BRDA:71,11,0,0
BRDA:71,11,1,0
BRDA:72,12,0,0
BRDA:72,12,1,0
BRF:25
BRH:0
end_of_record
TN:
SF:src\lib\performance.ts
FN:67,(anonymous_10)
FN:75,(anonymous_11)
FN:83,(anonymous_12)
FN:89,(anonymous_13)
FN:97,(anonymous_14)
FN:106,(anonymous_15)
FN:112,(anonymous_16)
FN:120,(anonymous_18)
FN:125,(anonymous_19)
FN:127,(anonymous_20)
FN:132,(anonymous_21)
FN:137,(anonymous_22)
FN:141,(anonymous_23)
FN:147,(anonymous_24)
FN:153,(anonymous_25)
FN:165,(anonymous_26)
FN:169,(anonymous_27)
FN:173,(anonymous_28)
FN:184,(anonymous_29)
FN:196,(anonymous_30)
FN:197,(anonymous_31)
FN:199,(anonymous_32)
FN:206,(anonymous_33)
FN:220,(anonymous_34)
FNF:24
FNH:0
FNDA:0,(anonymous_10)
FNDA:0,(anonymous_11)
FNDA:0,(anonymous_12)
FNDA:0,(anonymous_13)
FNDA:0,(anonymous_14)
FNDA:0,(anonymous_15)
FNDA:0,(anonymous_16)
FNDA:0,(anonymous_18)
FNDA:0,(anonymous_19)
FNDA:0,(anonymous_20)
FNDA:0,(anonymous_21)
FNDA:0,(anonymous_22)
FNDA:0,(anonymous_23)
FNDA:0,(anonymous_24)
FNDA:0,(anonymous_25)
FNDA:0,(anonymous_26)
FNDA:0,(anonymous_27)
FNDA:0,(anonymous_28)
FNDA:0,(anonymous_29)
FNDA:0,(anonymous_30)
FNDA:0,(anonymous_31)
FNDA:0,(anonymous_32)
FNDA:0,(anonymous_33)
FNDA:0,(anonymous_34)
DA:4,0
DA:20,0
DA:29,0
DA:37,0
DA:51,0
DA:62,0
DA:64,0
DA:65,0
DA:68,0
DA:69,0
DA:71,0
DA:76,0
DA:77,0
DA:79,0
DA:84,0
DA:85,0
DA:86,0
DA:89,0
DA:90,0
DA:91,0
DA:93,0
DA:98,0
DA:99,0
DA:100,0
DA:102,0
DA:107,0
DA:108,0
DA:113,0
DA:118,0
DA:125,0
DA:126,0
DA:127,0
DA:137,0
DA:138,0
DA:139,0
DA:140,0
DA:141,0
DA:151,0
DA:153,0
DA:154,0
DA:155,0
DA:156,0
DA:158,0
DA:159,0
DA:160,0
DA:166,0
DA:167,0
DA:169,0
DA:170,0
DA:171,0
DA:173,0
DA:174,0
DA:175,0
DA:176,0
DA:179,0
DA:188,0
DA:197,0
DA:198,0
DA:199,0
DA:200,0
DA:201,0
DA:211,0
DA:213,0
DA:214,0
DA:215,0
DA:216,0
DA:219,0
DA:220,0
DA:224,0
DA:229,0
DA:242,0
LF:71
LH:0
BRDA:68,0,0,0
BRDA:68,0,1,0
BRDA:76,1,0,0
BRDA:76,1,1,0
BRDA:84,2,0,0
BRDA:84,2,1,0
BRDA:85,3,0,0
BRDA:85,3,1,0
BRDA:138,4,0,0
BRDA:138,4,1,0
BRDA:154,5,0,0
BRDA:154,5,1,0
BRDA:155,6,0,0
BRDA:155,6,1,0
BRDA:170,7,0,0
BRDA:170,7,1,0
BRDA:171,8,0,0
BRDA:171,8,1,0
BRDA:186,9,0,0
BRDA:209,10,0,0
BRDA:219,11,0,0
BRDA:219,11,1,0
BRF:22
BRH:0
end_of_record
TN:
SF:src\utils\api.ts
FN:15,(anonymous_14)
FN:20,(anonymous_15)
FN:65,(anonymous_16)
FN:69,(anonymous_17)
FN:73,(anonymous_18)
FN:77,(anonymous_19)
FN:81,(anonymous_20)
FN:85,(anonymous_21)
FN:89,(anonymous_22)
FN:93,(anonymous_23)
FN:101,(anonymous_24)
FN:105,(anonymous_25)
FN:109,(anonymous_26)
FN:113,(anonymous_27)
FN:122,(anonymous_28)
FN:123,(anonymous_29)
FN:124,(anonymous_30)
FN:125,(anonymous_31)
FN:126,(anonymous_32)
FN:127,(anonymous_33)
FN:128,(anonymous_34)
FN:129,(anonymous_35)
FN:130,(anonymous_36)
FN:131,(anonymous_37)
FN:132,(anonymous_38)
FN:133,(anonymous_39)
FNF:26
FNH:0
FNDA:0,(anonymous_14)
FNDA:0,(anonymous_15)
FNDA:0,(anonymous_16)
FNDA:0,(anonymous_17)
FNDA:0,(anonymous_18)
FNDA:0,(anonymous_19)
FNDA:0,(anonymous_20)
FNDA:0,(anonymous_21)
FNDA:0,(anonymous_22)
FNDA:0,(anonymous_23)
FNDA:0,(anonymous_24)
FNDA:0,(anonymous_25)
FNDA:0,(anonymous_26)
FNDA:0,(anonymous_27)
FNDA:0,(anonymous_28)
FNDA:0,(anonymous_29)
FNDA:0,(anonymous_30)
FNDA:0,(anonymous_31)
FNDA:0,(anonymous_32)
FNDA:0,(anonymous_33)
FNDA:0,(anonymous_34)
FNDA:0,(anonymous_35)
FNDA:0,(anonymous_36)
FNDA:0,(anonymous_37)
FNDA:0,(anonymous_38)
FNDA:0,(anonymous_39)
DA:1,0
DA:16,0
DA:17,0
DA:24,0
DA:25,0
DA:28,0
DA:36,0
DA:38,0
DA:44,0
DA:45,0
DA:48,0
DA:50,0
DA:55,0
DA:56,0
DA:66,0
DA:70,0
DA:74,0
DA:78,0
DA:82,0
DA:86,0
DA:90,0
DA:94,0
DA:102,0
DA:106,0
DA:110,0
DA:114,0
DA:119,0
DA:122,0
DA:123,0
DA:124,0
DA:125,0
DA:126,0
DA:127,0
DA:128,0
DA:129,0
DA:130,0
DA:131,0
DA:132,0
DA:133,0
LF:39
LH:0
BRDA:22,0,0,0
BRDA:44,1,0,0
BRDA:44,1,1,0
BRDA:58,2,0,0
BRDA:58,2,1,0
BRDA:65,3,0,0
BRDA:69,4,0,0
BRDA:73,5,0,0
BRDA:89,6,0,0
BRDA:93,7,0,0
BRDA:101,8,0,0
BRDA:122,9,0,0
BRDA:123,10,0,0
BRDA:124,11,0,0
BRDA:128,12,0,0
BRDA:129,13,0,0
BRDA:130,14,0,0
BRF:17
BRH:0
end_of_record
TN:
SF:src\utils\formatting.ts
FN:6,(anonymous_12)
FN:26,(anonymous_13)
FN:41,(anonymous_14)
FN:58,(anonymous_15)
FN:66,(anonymous_16)
FN:85,(anonymous_17)
FN:96,(anonymous_18)
FN:104,(anonymous_19)
FN:112,(anonymous_20)
FN:120,(anonymous_21)
FN:134,(anonymous_22)
FNF:11
FNH:0
FNDA:0,(anonymous_12)
FNDA:0,(anonymous_13)
FNDA:0,(anonymous_14)
FNDA:0,(anonymous_15)
FNDA:0,(anonymous_16)
FNDA:0,(anonymous_17)
FNDA:0,(anonymous_18)
FNDA:0,(anonymous_19)
FNDA:0,(anonymous_20)
FNDA:0,(anonymous_21)
FNDA:0,(anonymous_22)
DA:6,0
DA:7,0
DA:9,0
DA:15,0
DA:16,0
DA:18,0
DA:19,0
DA:26,0
DA:27,0
DA:29,0
DA:30,0
DA:32,0
DA:33,0
DA:35,0
DA:41,0
DA:42,0
DA:44,0
DA:45,0
DA:48,0
DA:49,0
DA:52,0
DA:58,0
DA:59,0
DA:60,0
DA:66,0
DA:67,0
DA:69,0
DA:70,0
DA:72,0
DA:73,0
DA:75,0
DA:76,0
DA:79,0
DA:85,0
DA:86,0
DA:87,0
DA:88,0
DA:89,0
DA:96,0
DA:97,0
DA:98,0
DA:104,0
DA:105,0
DA:106,0
DA:112,0
DA:113,0
DA:114,0
DA:120,0
DA:121,0
DA:123,0
DA:134,0
DA:135,0
DA:137,0
LF:53
LH:0
BRDA:7,0,0,0
BRDA:7,0,1,0
BRDA:16,1,0,0
BRDA:16,1,1,0
BRDA:27,2,0,0
BRDA:27,2,1,0
BRDA:27,3,0,0
BRDA:27,3,1,0
BRDA:32,4,0,0
BRDA:32,4,1,0
BRDA:42,5,0,0
BRDA:42,5,1,0
BRDA:42,6,0,0
BRDA:42,6,1,0
BRDA:44,7,0,0
BRDA:44,7,1,0
BRDA:48,8,0,0
BRDA:48,8,1,0
BRDA:59,9,0,0
BRDA:59,9,1,0
BRDA:59,10,0,0
BRDA:59,10,1,0
BRDA:67,11,0,0
BRDA:67,11,1,0
BRDA:70,12,0,0
BRDA:70,12,1,0
BRDA:75,13,0,0
BRDA:75,13,1,0
BRDA:75,14,0,0
BRDA:75,14,1,0
BRDA:75,14,2,0
BRDA:86,15,0,0
BRDA:86,15,1,0
BRDA:86,15,2,0
BRDA:97,16,0,0
BRDA:97,16,1,0
BRDA:97,17,0,0
BRDA:97,17,1,0
BRDA:105,18,0,0
BRDA:105,18,1,0
BRDA:105,19,0,0
BRDA:105,19,1,0
BRDA:112,20,0,0
BRDA:113,21,0,0
BRDA:113,21,1,0
BRDA:121,22,0,0
BRDA:121,22,1,0
BRDA:121,23,0,0
BRDA:121,23,1,0
BRDA:135,24,0,0
BRDA:135,24,1,0
BRDA:135,25,0,0
BRDA:135,25,1,0
BRF:53
BRH:0
end_of_record
